MPASM 5.86                          TINA.ASM   8-6-2020  23:22:49         PAGE  1


LOC  OBJECT CODE     LINE SOURCE TEXT
  VALUE

                      00001 
                      00002 ; PIC16F877A Configuration Bit Settings
                      00003 ; Assembly source line config statements
Warning[205]: Found directive in column 1. (LIST)
                      00004 LIST P=16f877a;     INDICANDO PROCESADOR
                      00005 ;INCLUYENDO LAS LIBRERIA QUE VAMOS A UTILIZAR
                      00006 #include "p16f877a.inc"
                      00001         LIST
                      00002 
                      00003 ;==========================================================================
                      00004 ; Build date : Oct 24 2019
                      00005 ;  MPASM PIC16F877A processor include
                      00006 ; 
                      00007 ;  (c) Copyright 1999-2019 Microchip Technology, All rights reserved
                      00008 ;==========================================================================
                      00009 
                      00567         LIST
                      00007 
                      00008 ; CONFIG
                      00009 ; __config 0xFF72
2007   3F72           00010  __CONFIG _FOSC_HS & _WDTE_OFF & _PWRTE_ON & _BOREN_ON & _LVP_OFF & _CPD_OFF & _WRT_OFF & _CP_OFF
                      00011 
                      00012 ;* DEFINICION DE VARIABLES Y SU ALMACENAMIENTO
                      00013 ;*
                      00014     CBLOCK 0xA0
  000000A0            00015         NIVEL   ; VARIABLE 1
                      00016     ENDC
                      00017         
Warning[205]: Found directive in column 1. (CBLOCK)
                      00018 CBLOCK 0xA7
  000000A7            00019  CUENTA
  000000A8            00020  CUENTA_2
                      00021  
Warning[205]: Found directive in column 1. (ENDC)
                      00022 ENDC
                      00023 
                      00024     ORG 0X00
0000   1303           00025     BCF STATUS,RP1;
0001   1283           00026     BCF STATUS,RP0;                             CAMBIO DE BANCO
0002   2???           00027     GOTO        INICIO
                      00028     ORG 0X04
0004   0009           00029     RETFIE
0005                  00030 INICIO:                                         
                      00031 ; ******************************************************************************
                      00032 ;***********************  TINACO ***********************************************/
                      00033 
0005   1303           00034                 BCF             STATUS,RP1;
0006   1683           00035                 BSF             STATUS,RP0;             CAMBIO DE BANCO
                      00036                                                                 ;BANCO 1
                      00037 
                      00038 ;SERIAL
Message[302]: Register in operand not in bank 0.  Ensure that bank bits are correct.
0007   1307           00039                 BCF TRISC,6;        TX PIN COMO SALIDA
MPASM 5.86                          TINA.ASM   8-6-2020  23:22:49         PAGE  2


LOC  OBJECT CODE     LINE SOURCE TEXT
  VALUE

Message[302]: Register in operand not in bank 0.  Ensure that bank bits are correct.
0008   1787           00040                 BSF TRISC,7;        RX PIN COMO INPUT
0009   3081           00041                 MOVLW h'81';        X=129
Message[302]: Register in operand not in bank 0.  Ensure that bank bits are correct.
000A   0099           00042                 MOVWF SPBRG;        CONFIGURANDO EL BAUD RATE A 9600 BAUD/S CON EL CLOCK DE 20MHZ
000B   3026           00043                 MOVLW h'26';        TXEN=1, BRGH=1, TRMT=1, ESTE ES READ ONLY, PERO AJA, SIN PARIDAD
Message[302]: Register in operand not in bank 0.  Ensure that bank bits are correct.
000C   0098           00044                 MOVWF TXSTA;        CONFIGURANDO TXSTA COMO ASINCRONO
                      00045 
000D   30C0           00046                 MOVLW h'C0'
000E   008B           00047                 MOVWF INTCON; HABILITANDO GIE Y PEIE, esto tampoco hace nada
Message[302]: Register in operand not in bank 0.  Ensure that bank bits are correct.
000F   168C           00048                 BSF PIE1,RCIE
0010   1303           00049                 BCF STATUS, RP1
0011   1283           00050                 BCF STATUS, RP0;    CAMBIO A BANCO 0
                      00051 
0012   3090           00052                 MOVLW h'90'
0013   0098           00053                 MOVWF RCSTA;        CONFIGURANDO EL RCSTA PARA ASINCRONO
0014   128C           00054                 BCF PIR1, RCIF;     LIMPIANDO LA BANDERA DE RECEPCION, no hace nada
0015   1683           00055                 BSF STATUS,RP0                                  
                      00056 ;TINACO
Message[302]: Register in operand not in bank 0.  Ensure that bank bits are correct.
0016   1405           00057                 BSF             TRISA,0;                RA0 ENTRADA
Message[302]: Register in operand not in bank 0.  Ensure that bank bits are correct.
0017   159F           00058                 BSF             ADCON1,3
Message[302]: Register in operand not in bank 0.  Ensure that bank bits are correct.
0018   151F           00059                 BSF             ADCON1,2
Message[302]: Register in operand not in bank 0.  Ensure that bank bits are correct.
0019   149F           00060                 BSF             ADCON1,1
Message[302]: Register in operand not in bank 0.  Ensure that bank bits are correct.
001A   101F           00061                 BCF             ADCON1,0;               1110 -> RA0 AN0 = ANALOGO
Message[302]: Register in operand not in bank 0.  Ensure that bank bits are correct.
001B   171F           00062                 BSF             ADCON1,6;               
Message[302]: Register in operand not in bank 0.  Ensure that bank bits are correct.
001C   139F           00063                 BCF             ADCON1,7;               JUSTIFICACION DERLOS PASOS DEBERIAN SER MULTIPLO
                            S DE CUATRO PARA QUE LOS AGARRE???
001D   1283           00064                 BCF             STATUS,RP0
001E   1303           00065                 BCF             STATUS,RP1
001F   179F           00066                 BSF             ADCON0,ADCS1;   CONVERSION DEL RELOJ
0020   131F           00067                 BCF             ADCON0,ADCS0;   FOSC/64
0021   129F           00068                 BCF             ADCON0,CHS2;    SELECCION DEL CANAL ANALOGICO
0022   121F           00069                 BCF             ADCON0,CHS1
0023   119F           00070                 BCF             ADCON0,CHS0;    CANAL AN0
0024   141F           00071                 BSF             ADCON0,0;               ADC ON
                      00072 ;SERIAL
0025                  00073 START:
0025   2???           00074                 CALL Retardo_400ms
Warning[202]: Argument out of range.  Least significant bits used.
0026   081E           00075                 MOVF    ADRESH,NIVEL
0027   151F           00076                 BSF             ADCON0,2                ;       GO/!DONE -> 1
0028   2???           00077                 CALL Retardo_400ms
                      00078 
0029                  00079 ADC:            
MPASM 5.86                          TINA.ASM   8-6-2020  23:22:49         PAGE  3


LOC  OBJECT CODE     LINE SOURCE TEXT
  VALUE

                      00080                                                                 ; NIVEL 1: 0 VOLTIOS < NIVEL < 2.5 VOLTI
                            OS
                      00081                                                                 ; NIVEL 2: 2.5 VOLTIOS < NIVEL < 4 VOLTI
                            OS
                      00082                                                                 ; NIVEL 3: 4 VOLTIOS < NIVEL < 5 VOLTIOS
0029   191F           00083                 BTFSC   ADCON0,2
002A   2???           00084                 GOTO    ADC;                    MIENTRAS CONVERTIMOS
002B   1103           00085                 BCF             STATUS,Z
002C   1003           00086                 BCF             STATUS,C
002D   081E           00087                 MOVF    ADRESH,W;               NIVEL DEL TANQUE
002E   3C80           00088                 SUBLW   D'128';                 TESTEAR CON LA MITAD
002F   1903           00089                 BTFSC   STATUS,Z
0030   2???           00090                 GOTO    MITAD;                  2.5 VOLTIOS DE NIVEL
0031   1C03           00091                 BTFSS   STATUS,C
0032   2???           00092                 GOTO    MLLENO;                 NIVEL > 2.5 VOLTIOS
0033   2???           00093                 GOTO    MVACIO;                 NIVEL < 2.5 VOLTIOS
                      00094 
                      00095 
0034                  00096 MITAD:                                                  
0034   2???           00097                 CALL    BOMBAON
                      00098                 ;BTFSS          w,w                             ;
0035   2???           00099                 GOTO    MITAD
0036   2???           00100                 GOTO    START;                  
                      00101 
                      00102 
0037                  00103 MLLENO: 
0037   1103           00104                 BCF             STATUS,Z
0038   1003           00105                 BCF             STATUS,C;               
0039   081E           00106                 MOVF    ADRESH,W;               NIVEL DEL TANQUE
003A   3CCD           00107                 SUBLW   D'205';                 TESTEAR CON 4 VOLTIOS
003B   1903           00108                 BTFSC   STATUS,Z
003C   2???           00109                 GOTO    CUATRO;                 4 VOLTIOS DE NIVEL
003D   1C03           00110                 BTFSS   STATUS,C        
003E   2???           00111                 GOTO    MAYOR4;                 NIVEL > 4 VOLTIOS
003F   2???           00112                 GOTO    NIVEL2;                 NIVEL < 4 VOLTIOS
                      00113 
                      00114                 
0040                  00115 CUATRO: 
0040   2???           00116                 CALL    BOMBAON                 ;           
                      00117                 ;BTFSS                                          ;
0041   2???           00118                 GOTO    CUATRO
0042   2???           00119                 GOTO    START; 
                      00120 
                      00121                 
0043                  00122 MAYOR4:
0043   1103           00123                 BCF             STATUS,Z
0044   1003           00124                 BCF             STATUS,C;       
0045   081E           00125                 MOVF    ADRESH,W;               NIVEL DEL TANQUE
0046   3CFF           00126                 SUBLW   D'255';                 TESTEAR CON 5 VOLTIOS
0047   1903           00127                 BTFSC   STATUS,Z
0048   2???           00128                 GOTO    LLENO;                  5 VOLTIOS DE NIVEL
0049   1C03           00129                 BTFSS   STATUS,C
004A   2???           00130                 GOTO    AGUAAA;                 NIVEL > 5 VOLTIOS
MPASM 5.86                          TINA.ASM   8-6-2020  23:22:49         PAGE  4


LOC  OBJECT CODE     LINE SOURCE TEXT
  VALUE

004B   2???           00131                 GOTO    NIVEL3;                 NIVEL < 5 VOLTIOS
                      00132         
                      00133 
004C                  00134 LLENO:
004C   2???           00135         CALL    BOMBAOFF                
                      00136                 ;BTFSC                   ;COMPROBAMOS QUE ESTA APAGADA
004D   2???           00137         GOTO    LLENO
004E   2???           00138                 GOTO    START                           
                      00139 
                      00140 
004F                  00141 NIVEL3:
004F   081E           00142                 MOVF    ADRESH,W
Message[302]: Register in operand not in bank 0.  Ensure that bank bits are correct.
0050   0220           00143                 SUBWF   NIVEL,W                 ;NIVEL PREVIO - NIVEL ACTUAL
0051   1903           00144                 BTFSC   STATUS,Z
0052   2???           00145                 GOTO    ABAJO                   ;IGUAL
0053   1C03           00146                 BTFSS   STATUS,C
0054   2???           00147                 GOTO    ARRIBA  ;               ESTAMOS LLENANDO
0055   2???           00148                 GOTO    ABAJO;          YA ESTABAMOS EN 5 VOLTIOS Y VENIMOS BAJANDO     
0056   2???           00149                 GOTO    START                                           
0057                  00150 ABAJO   
0057   2???           00151                 CALL    BOMBAOFF
                      00152                 ;BTFSC
0058   2???           00153                 GOTO    ABAJO
0059   2???           00154                 GOTO    START
005A                  00155 ARRIBA  
005A   2???           00156                 CALL    BOMBAON
                      00157                 ;BTFSC
005B   2???           00158                 GOTO    ARRIBA
005C   2???           00159                 GOTO    START
                      00160 
005D                  00161 AGUAAA:
005D   2???           00162                 CALL    BOMBAOFF                ;DESPIERTA ESTO ES VENEZUELA
                      00163                 ;BTFSC                                  ;ESTE CASO SOLO LO ESTARIAMOS MANEJANDO PARA EL 
                            SUPUESTO ERROR DE
005E   2???           00164                 GOTO    AGUAAA                  ;TENER AGUA DE MAS Y SIMPLEMENTE CERRAMOS LA VALVULA COM
                            O EL LLENO
005F   2???           00165                 GOTO    START
                      00166 
                      00167 
0060                  00168 NIVEL2:
0060   2???           00169                 CALL    BOMBAON                 ;NIVEL 2
                      00170                 ;BTFSS                                  ;TESTEAMOS ESTADO DE LA VALVULA
0061   2???           00171                 GOTO    NIVEL2                                  
0062   2???           00172                 GOTO    START   
                      00173 
                      00174 
0063                  00175 MVACIO: 
0063   1103           00176                 BCF             STATUS,Z
0064   1003           00177                 BCF             STATUS,C;               
0065   081E           00178                 MOVF    ADRESH,W;       NIVEL DEL TANQUE
0066   3C00           00179                 SUBLW   D'0';                   TESTEAR CON 0 VOLTIOS
0067   1903           00180                 BTFSC   STATUS,Z
MPASM 5.86                          TINA.ASM   8-6-2020  23:22:49         PAGE  5


LOC  OBJECT CODE     LINE SOURCE TEXT
  VALUE

0068   2???           00181                 GOTO    CRITICO;                0 VOLTIO DE NIVEL
0069   1C03           00182                 BTFSS   STATUS,C
006A   2???           00183                 GOTO    NIVEL1;                 NIVEL > 0 VOLTIOS
006B   2???           00184                 GOTO    CRITICO;        NIVEL < 0 VOLTIOS
                      00185 
                      00186 
006C                  00187 CRITICO:
006C   2???           00188                 CALL    BOMBAOFF                ;TODO MAL
006D   2???           00189                 GOTO    START
                      00190 
006E                  00191 NIVEL1:
006E   2???           00192         CALL    BOMBAON                 ;NIVEL 1
                      00193                 ;BTFSS                                  ;TESTEAMOS 
006F   2???           00194                 GOTO    NIVEL1
0070   2???           00195                 GOTO    START
                      00196 
0071                  00197 BOMBAON 
0071   081E           00198                 MOVF    ADRESH,W
Message[302]: Register in operand not in bank 0.  Ensure that bank bits are correct.
0072   0220           00199                 SUBWF   NIVEL,W                 ;NIVEL PREVIO - NIVEL ACTUAL
0073   1903           00200                 BTFSC   STATUS,Z
0074   2???           00201                 GOTO    PRENDE                  ;IGUAL
0075   1C03           00202                 BTFSS   STATUS,C
0076   0008           00203                 RETURN                                  ;               ESTAMOS LLENANDO
0077   2???           00204                 GOTO    PRENDE;                 YA ESTABAMOS EN 5 VOLTIOS Y VENIMOS BAJANDO             
                                                            
0078                  00205 PRENDE  
0078   3001           00206                 MOVLW   0X01
0079   0099           00207                 MOVWF   TXREG
007A   2???           00208                 CALL    TRANSMIT
007B   2???           00209                 GOTO    START
007C                  00210 BOMBAOFF
007C   081E           00211                 MOVF    ADRESH,W
Message[302]: Register in operand not in bank 0.  Ensure that bank bits are correct.
007D   0220           00212                 SUBWF   NIVEL,W                 ;NIVEL PREVIO - NIVEL ACTUAL
007E   1903           00213                 BTFSC   STATUS,Z
007F   0008           00214                 RETURN                                  ;IGUAL
0080   1C03           00215                 BTFSS   STATUS,C
0081   2???           00216                 GOTO    APAGA                   ;               ESTAMOS LLENANDO AHORA APAGAMOS
0082   0008           00217                 RETURN                  
0083                  00218 APAGA
0083   3000           00219                 MOVLW   0X00
0084   0099           00220                 MOVWF   TXREG
0085   2???           00221                 CALL    TRANSMIT;RUTINA DE APAGAR BOMBA
0086   2???           00222                 GOTO    START
0087                  00223 TRANSMIT:
0087   1E0C           00224                 BTFSS PIR1, TXIF;    VERIFICO QUE EL BUFFER ESTÉ VACIO PARA COMENZAR LA TRANSMISIÓN
0088   2???           00225                 GOTO TRANSMIT; HAY QUE LIMPIA           
Warning[203]: Found opcode in column 1. (RETURN)
0089   0008           00226 RETURN
008A                  00227 Retardo_400ms 
008A   2???           00228     CALL    Retardo_20ms
008B   2???           00229     CALL    Retardo_20ms
MPASM 5.86                          TINA.ASM   8-6-2020  23:22:49         PAGE  6


LOC  OBJECT CODE     LINE SOURCE TEXT
  VALUE

008C   2???           00230     CALL    Retardo_20ms
008D   2???           00231     CALL    Retardo_20ms
008E   2???           00232     CALL    Retardo_20ms
008F   2???           00233     CALL    Retardo_20ms
0090   2???           00234     CALL    Retardo_20ms
0091   2???           00235     CALL    Retardo_20ms
0092   2???           00236     CALL    Retardo_20ms
0093   2???           00237     CALL    Retardo_20ms 
0094   2???           00238     CALL    Retardo_20ms
0095   2???           00239     CALL    Retardo_20ms
0096   2???           00240     CALL    Retardo_20ms
0097   2???           00241     CALL    Retardo_20ms
0098   2???           00242     CALL    Retardo_20ms
0099   2???           00243     CALL    Retardo_20ms
009A   2???           00244     CALL    Retardo_20ms
009B   2???           00245     CALL    Retardo_20ms
009C   2???           00246     CALL    Retardo_20ms
009D   2???           00247     CALL    Retardo_20ms 
009E   0008           00248     Return
                      00249  
                      00250 ; 5ms 
009F                  00251 Retardo_20ms
009F   30C8           00252     MOVLW   D'200'; 1cy -> k
00A0   2???           00253     GOTO    Retardos_ms ; 2cy 
                      00254  
                      00255 ; 5ms 
00A1                  00256 Retardo_5ms
00A1   3032           00257     MOVLW   D'50'; 1cy -> k
00A2   2???           00258     GOTO    Retardos_ms ; 2cy
00A3                  00259 Retardos_ms  
Message[302]: Register in operand not in bank 0.  Ensure that bank bits are correct.
00A3   00A8           00260     MOVWF   CUENTA_2; cy
00A4                  00261 Retardo_Milis
00A4   30B4           00262     MOVLW   D'180' ; kcy -> x
Message[302]: Register in operand not in bank 0.  Ensure that bank bits are correct.
00A5   00A7           00263     MOVWF   CUENTA ;kcy
00A6                  00264 BUCLE_milis
00A6   0000           00265     NOP
Message[302]: Register in operand not in bank 0.  Ensure that bank bits are correct.
00A7   0BA7           00266     DECFSZ  CUENTA,F; kcy(x-1) + 2cy
00A8   2???           00267     GOTO    BUCLE   ; 2kcy(x-1)
Message[302]: Register in operand not in bank 0.  Ensure that bank bits are correct.
00A9   0BA8           00268     DECFSZ  CUENTA_2,F ;cy(k-1) + 2cy 
00AA   2???           00269     GOTO    Retardo_Milis ;2cy(k-1)
00AB   0008           00270     RETURN  ;2cy   
                      00271     
                      00272     
                      00273     
                      00274 ; 1ms = 1000us
00AC                  00275 Retardo_1ms
00AC   0000           00276     NOP
00AD   0000           00277     NOP
00AE   0000           00278     NOP
MPASM 5.86                          TINA.ASM   8-6-2020  23:22:49         PAGE  7


LOC  OBJECT CODE     LINE SOURCE TEXT
  VALUE

00AF   300A           00279     MOVLW   D'10'; 1cy -> k
00B0   2???           00280     GOTO    Retardos ; 2cy
                      00281 
00B1                  00282 Retardo_200us
00B1   3003           00283     MOVLW   D'3'; 1cy -> k
00B2   2???           00284     GOTO    Retardos ; 2cy    
                      00285    
00B3                  00286 Retardo_300us
00B3   3003           00287     MOVLW   D'3'; 1cy -> k
00B4   2???           00288     GOTO    Retardos ; 2cy
                      00289     
                      00290 ;500us 
00B5                  00291 Retardo_500us
00B5   3005           00292     MOVLW   D'5'; 1cy -> k
00B6                  00293 Retardos  
Message[302]: Register in operand not in bank 0.  Ensure that bank bits are correct.
00B6   00A8           00294     MOVWF   CUENTA_2; cy
00B7                  00295 Retardo_Micros
00B7   30A5           00296     MOVLW   D'165' ; kcy -> x
Message[302]: Register in operand not in bank 0.  Ensure that bank bits are correct.
00B8   00A7           00297     MOVWF   CUENTA ;kcy
00B9                  00298 BUCLE
Message[302]: Register in operand not in bank 0.  Ensure that bank bits are correct.
00B9   0BA7           00299     DECFSZ  CUENTA,F; kcy(x-1) + 2cy
00BA   2???           00300     GOTO    BUCLE   ; 2kcy(x-1)
Message[302]: Register in operand not in bank 0.  Ensure that bank bits are correct.
00BB   0BA8           00301     DECFSZ  CUENTA_2,F ;cy(k-1) + 2cy 
00BC   2???           00302     GOTO    Retardo_Micros ;2cy(k-1)
00BD   0008           00303     RETURN  ;2cy   
                      00304 
                      00305     
                      00306     
                      00307 ;100us
00BE                  00308 Retardo_100us; 8CY + 3XCY
00BE   30A4           00309     MOVLW   D'164'
00BF   0000           00310     NOP
00C0   2???           00311     GOTO    Retardo_micros
                      00312 
                      00313 ;50us
00C1                  00314 Retardo_50us        ;7cy + 3xcy  
00C1   3051           00315     MOVLW   D'81'
00C2   2???           00316     GOTO    Retardo_micros
                      00317     
                      00318 ;20us 
00C3                  00319 Retardo_20us;7CY + 3XCY     
00C3   301F           00320     MOVLW   D'31'
00C4   2???           00321     GOTO    Retardo_micros
                      00322 
                      00323 ;10us 
00C5                  00324 Retardo_10us;8CY + 3XCY
00C5   300E           00325     MOVLW   D'14'
00C6   0000           00326     NOP
00C7   2???           00327     GOTO    Retardo_micros  
MPASM 5.86                          TINA.ASM   8-6-2020  23:22:49         PAGE  8


LOC  OBJECT CODE     LINE SOURCE TEXT
  VALUE

                      00328     
                      00329 ;5us    
00C8                  00330 Retardo_5us;7CY + 3XCY
00C8   3006           00331     MOVLW   D'6'
00C9   2???           00332     GOTO    Retardo_micros
00CA                  00333 Retardo_micros
Message[302]: Register in operand not in bank 0.  Ensure that bank bits are correct.
00CA   00A7           00334     MOVWF   CUENTA
00CB                  00335 Bucle
Message[302]: Register in operand not in bank 0.  Ensure that bank bits are correct.
00CB   0BA7           00336     DECFSZ  CUENTA,F
00CC   2???           00337     GOTO    Bucle
00CD   0008           00338     RETURN 
                      00339     
                      00340 ;1us
00CE                  00341 Retardo_1us
00CE   0000           00342     NOP
00CF   0008           00343     RETURN
                      00344 
                      00345  
Warning[205]: Found directive in column 1. (END)
3F72                  00346 END
MPASM 5.86                          TINA.ASM   8-6-2020  23:22:49         PAGE  9


SYMBOL TABLE
  LABEL                             VALUE 

ABAJO                             00000057
ACKDT                             00000005
ACKEN                             00000004
ACKSTAT                           00000006
ADC                               00000029
ADCON0                            0000001F
ADCON1                            0000009F
ADCS0                             00000006
ADCS1                             00000007
ADCS2                             00000006
ADDEN                             00000003
ADFM                              00000007
ADIE                              00000006
ADIF                              00000006
ADON                              00000000
ADRESH                            0000001E
ADRESL                            0000009E
AGUAAA                            0000005D
APAGA                             00000083
ARRIBA                            0000005A
BCLIE                             00000003
BCLIF                             00000003
BF                                00000000
BOMBAOFF                          0000007C
BOMBAON                           00000071
BRGH                              00000002
BUCLE                             000000B9
BUCLE_milis                       000000A6
Bucle                             000000CB
C                                 00000000
C1INV                             00000004
C1OUT                             00000006
C2INV                             00000005
C2OUT                             00000007
CCP1CON                           00000017
CCP1IE                            00000002
CCP1IF                            00000002
CCP1M0                            00000000
CCP1M1                            00000001
CCP1M2                            00000002
CCP1M3                            00000003
CCP1X                             00000005
CCP1Y                             00000004
CCP2CON                           0000001D
CCP2IE                            00000000
CCP2IF                            00000000
CCP2M0                            00000000
CCP2M1                            00000001
CCP2M2                            00000002
CCP2M3                            00000003
CCP2X                             00000005
CCP2Y                             00000004
CCPR1                             00000015
MPASM 5.86                          TINA.ASM   8-6-2020  23:22:49         PAGE 10


SYMBOL TABLE
  LABEL                             VALUE 

CCPR1H                            00000016
CCPR1L                            00000015
CCPR2                             0000001B
CCPR2H                            0000001C
CCPR2L                            0000001B
CHS0                              00000003
CHS1                              00000004
CHS2                              00000005
CIS                               00000003
CKE                               00000006
CKP                               00000004
CM0                               00000000
CM1                               00000001
CM2                               00000002
CMCON                             0000009C
CMIE                              00000006
CMIF                              00000006
CREN                              00000004
CRITICO                           0000006C
CSRC                              00000007
CUATRO                            00000040
CUENTA                            000000A7
CUENTA_2                          000000A8
CVR0                              00000000
CVR1                              00000001
CVR2                              00000002
CVR3                              00000003
CVRCON                            0000009D
CVREN                             00000007
CVROE                             00000006
CVRR                              00000005
D                                 00000005
DATA_ADDRESS                      00000005
DC                                00000001
D_A                               00000005
D_NOT_A                           00000005
EEADR                             0000010D
EEADRH                            0000010F
EECON1                            0000018C
EECON2                            0000018D
EEDATA                            0000010C
EEDATH                            0000010E
EEIE                              00000004
EEIF                              00000004
EEPGD                             00000007
F                                 00000001
FERR                              00000002
FSR                               00000004
GCEN                              00000007
GIE                               00000007
GO                                00000002
GO_DONE                           00000002
GO_NOT_DONE                       00000002
MPASM 5.86                          TINA.ASM   8-6-2020  23:22:49         PAGE 11


SYMBOL TABLE
  LABEL                             VALUE 

I2C_DATA                          00000005
I2C_READ                          00000002
I2C_START                         00000003
I2C_STOP                          00000004
IBF                               00000007
IBOV                              00000005
INDF                              00000000
INICIO                            00000005
INTCON                            0000000B
INTE                              00000004
INTEDG                            00000006
INTF                              00000001
IRP                               00000007
LLENO                             0000004C
MAYOR4                            00000043
MITAD                             00000034
MLLENO                            00000037
MVACIO                            00000063
NIVEL                             000000A0
NIVEL1                            0000006E
NIVEL2                            00000060
NIVEL3                            0000004F
NOT_A                             00000005
NOT_ADDRESS                       00000005
NOT_BO                            00000000
NOT_BOR                           00000000
NOT_DONE                          00000002
NOT_PD                            00000003
NOT_POR                           00000001
NOT_RBPU                          00000007
NOT_RC8                           00000006
NOT_T1SYNC                        00000002
NOT_TO                            00000004
NOT_TX8                           00000006
NOT_W                             00000002
NOT_WRITE                         00000002
OBF                               00000006
OERR                              00000001
OPTION_REG                        00000081
P                                 00000004
PCFG0                             00000000
PCFG1                             00000001
PCFG2                             00000002
PCFG3                             00000003
PCL                               00000002
PCLATH                            0000000A
PCON                              0000008E
PEIE                              00000006
PEN                               00000002
PIE1                              0000008C
PIE2                              0000008D
PIR1                              0000000C
PIR2                              0000000D
MPASM 5.86                          TINA.ASM   8-6-2020  23:22:49         PAGE 12


SYMBOL TABLE
  LABEL                             VALUE 

PORTA                             00000005
PORTB                             00000006
PORTC                             00000007
PORTD                             00000008
PORTE                             00000009
PR2                               00000092
PRENDE                            00000078
PS0                               00000000
PS1                               00000001
PS2                               00000002
PSA                               00000003
PSPIE                             00000007
PSPIF                             00000007
PSPMODE                           00000004
R                                 00000002
RA0                               00000000
RA1                               00000001
RA2                               00000002
RA3                               00000003
RA4                               00000004
RA5                               00000005
RB0                               00000000
RB1                               00000001
RB2                               00000002
RB3                               00000003
RB4                               00000004
RB5                               00000005
RB6                               00000006
RB7                               00000007
RBIE                              00000003
RBIF                              00000000
RC0                               00000000
RC1                               00000001
RC2                               00000002
RC3                               00000003
RC4                               00000004
RC5                               00000005
RC6                               00000006
RC7                               00000007
RC8_9                             00000006
RC9                               00000006
RCD8                              00000000
RCEN                              00000003
RCIE                              00000005
RCIF                              00000005
RCREG                             0000001A
RCSTA                             00000018
RD                                00000000
RD0                               00000000
RD1                               00000001
RD2                               00000002
RD3                               00000003
RD4                               00000004
MPASM 5.86                          TINA.ASM   8-6-2020  23:22:49         PAGE 13


SYMBOL TABLE
  LABEL                             VALUE 

RD5                               00000005
RD6                               00000006
RD7                               00000007
RE0                               00000000
RE1                               00000001
RE2                               00000002
READ_WRITE                        00000002
RP0                               00000005
RP1                               00000006
RSEN                              00000001
RX9                               00000006
RX9D                              00000000
R_NOT_W                           00000002
R_W                               00000002
Retardo_100us                     000000BE
Retardo_10us                      000000C5
Retardo_1ms                       000000AC
Retardo_1us                       000000CE
Retardo_200us                     000000B1
Retardo_20ms                      0000009F
Retardo_20us                      000000C3
Retardo_300us                     000000B3
Retardo_400ms                     0000008A
Retardo_500us                     000000B5
Retardo_50us                      000000C1
Retardo_5ms                       000000A1
Retardo_5us                       000000C8
Retardo_Micros                    000000B7
Retardo_Milis                     000000A4
Retardo_micros                    000000CA
Retardos                          000000B6
Retardos_ms                       000000A3
S                                 00000003
SEN                               00000000
SMP                               00000007
SPBRG                             00000099
SPEN                              00000007
SREN                              00000005
SSPADD                            00000093
SSPBUF                            00000013
SSPCON                            00000014
SSPCON2                           00000091
SSPEN                             00000005
SSPIE                             00000003
SSPIF                             00000003
SSPM0                             00000000
SSPM1                             00000001
SSPM2                             00000002
SSPM3                             00000003
SSPOV                             00000006
SSPSTAT                           00000094
START                             00000025
STATUS                            00000003
MPASM 5.86                          TINA.ASM   8-6-2020  23:22:49         PAGE 14


SYMBOL TABLE
  LABEL                             VALUE 

SYNC                              00000004
T0CS                              00000005
T0IE                              00000005
T0IF                              00000002
T0SE                              00000004
T1CKPS0                           00000004
T1CKPS1                           00000005
T1CON                             00000010
T1INSYNC                          00000002
T1OSCEN                           00000003
T1SYNC                            00000002
T2CKPS0                           00000000
T2CKPS1                           00000001
T2CON                             00000012
TMR0                              00000001
TMR0IE                            00000005
TMR0IF                            00000002
TMR1                              0000000E
TMR1CS                            00000001
TMR1H                             0000000F
TMR1IE                            00000000
TMR1IF                            00000000
TMR1L                             0000000E
TMR1ON                            00000000
TMR2                              00000011
TMR2IE                            00000001
TMR2IF                            00000001
TMR2ON                            00000002
TOUTPS0                           00000003
TOUTPS1                           00000004
TOUTPS2                           00000005
TOUTPS3                           00000006
TRANSMIT                          00000087
TRISA                             00000085
TRISA0                            00000000
TRISA1                            00000001
TRISA2                            00000002
TRISA3                            00000003
TRISA4                            00000004
TRISA5                            00000005
TRISB                             00000086
TRISB0                            00000000
TRISB1                            00000001
TRISB2                            00000002
TRISB3                            00000003
TRISB4                            00000004
TRISB5                            00000005
TRISB6                            00000006
TRISB7                            00000007
TRISC                             00000087
TRISC0                            00000000
TRISC1                            00000001
TRISC2                            00000002
MPASM 5.86                          TINA.ASM   8-6-2020  23:22:49         PAGE 15


SYMBOL TABLE
  LABEL                             VALUE 

TRISC3                            00000003
TRISC4                            00000004
TRISC5                            00000005
TRISC6                            00000006
TRISC7                            00000007
TRISD                             00000088
TRISD0                            00000000
TRISD1                            00000001
TRISD2                            00000002
TRISD3                            00000003
TRISD4                            00000004
TRISD5                            00000005
TRISD6                            00000006
TRISD7                            00000007
TRISE                             00000089
TRISE0                            00000000
TRISE1                            00000001
TRISE2                            00000002
TRMT                              00000001
TX8_9                             00000006
TX9                               00000006
TX9D                              00000000
TXD8                              00000000
TXEN                              00000005
TXIE                              00000004
TXIF                              00000004
TXREG                             00000019
TXSTA                             00000098
UA                                00000001
W                                 00000000
WCOL                              00000007
WR                                00000001
WREN                              00000002
WRERR                             00000003
Z                                 00000002
_BODEN_OFF                        00003FBF
_BODEN_ON                         00003FFF
_BOREN_OFF                        00003FBF
_BOREN_ON                         00003FFF
_CONFIG                           00002007
_CPD_OFF                          00003FFF
_CPD_ON                           00003EFF
_CP_ALL                           00001FFF
_CP_OFF                           00003FFF
_CP_ON                            00001FFF
_DEBUG_OFF                        00003FFF
_DEBUG_ON                         000037FF
_DEVID1                           00002006
_FOSC_EXTRC                       00003FFF
_FOSC_HS                          00003FFE
_FOSC_LP                          00003FFC
_FOSC_XT                          00003FFD
_HS_OSC                           00003FFE
MPASM 5.86                          TINA.ASM   8-6-2020  23:22:49         PAGE 16


SYMBOL TABLE
  LABEL                             VALUE 

_IDLOC0                           00002000
_IDLOC1                           00002001
_IDLOC2                           00002002
_IDLOC3                           00002003
_LP_OSC                           00003FFC
_LVP_OFF                          00003F7F
_LVP_ON                           00003FFF
_PWRTE_OFF                        00003FFF
_PWRTE_ON                         00003FF7
_RC_OSC                           00003FFF
_WDTE_OFF                         00003FFB
_WDTE_ON                          00003FFF
_WDT_OFF                          00003FFB
_WDT_ON                           00003FFF
_WRT_1FOURTH                      00003BFF
_WRT_256                          00003DFF
_WRT_HALF                         000039FF
_WRT_OFF                          00003FFF
_XT_OSC                           00003FFD
__16F877A                         00000001

Errors   :     0
Warnings :     6 reported,     0 suppressed
Messages :    25 reported,     0 suppressed

