MPASM 5.86                          TINA.ASM   8-7-2020  15:55:17         PAGE  1


LOC  OBJECT CODE     LINE SOURCE TEXT
  VALUE

Warning[205]: Found directive in column 1. (LIST)
                      00001 LIST P=16f877a;     INDICANDO PROCESADOR
                      00002 ;INCLUYENDO LAS LIBRERIA QUE VAMOS A UTILIZAR
                      00003     #include "p16f877a.inc"    
                      00001         LIST
                      00002 
                      00003 ;==========================================================================
                      00004 ; Build date : Oct 24 2019
                      00005 ;  MPASM PIC16F877A processor include
                      00006 ; 
                      00007 ;  (c) Copyright 1999-2019 Microchip Technology, All rights reserved
                      00008 ;==========================================================================
                      00009 
                      00567         LIST
                      00004 
                      00005 ; CONFIG. DEL CLOCK A 20MHZ, WATCHDOG DESHABILITADO Y POWER-UP TIMER ON
2007   3F72           00006     __CONFIG _FOSC_HS & _WDTE_OFF & _PWRTE_ON & _BOREN_ON & _LVP_OFF & _CPD_OFF & _WRT_OFF & _CP_OFF
                      00007 
                      00008 ;* DEFINICION DE VARIABLES Y SU ALMACENAMIENTO
                      00009 ;*
                      00010     CBLOCK 0xA0
  000000A0            00011         NIVEL   ; VARIABLE 1
                      00012     ENDC
                      00013         
                      00014     ORG 0X00
0000   2???           00015     GOTO COMIENZO
                      00016     ORG 0X04
0004   2???           00017     GOTO INTERRUPT
0005                  00018 INTERRUPT:
0005   0009           00019     RETFIE
                      00020 ; ******************************************************************************
                      00021 ;***********************  TINACO ***********************************************
0006                  00022 COMIENZO:                                               
0006   1683           00023                 BSF STATUS,5;           CAMBIO A BANCO 1
                      00024 
                      00025 ;SERIAL
Message[302]: Register in operand not in bank 0.  Ensure that bank bits are correct.
0007   1307           00026                 BCF TRISC,6;        TX PIN COMO SALIDA
Message[302]: Register in operand not in bank 0.  Ensure that bank bits are correct.
0008   1787           00027                 BSF TRISC,7;        RX PIN COMO INPUT
0009   3081           00028                 MOVLW h'81';        X=129
Message[302]: Register in operand not in bank 0.  Ensure that bank bits are correct.
000A   0099           00029                 MOVWF SPBRG;        CONFIGURANDO EL BAUD RATE A 9600 BAUD/S CON EL CLOCK DE 20MHZ
000B   3026           00030                 MOVLW h'26';        TXEN=1, BRGH=1, TRMT=1, ESTE ES READ ONLY, PERO AJA, SIN PARIDAD
Message[302]: Register in operand not in bank 0.  Ensure that bank bits are correct.
000C   0098           00031                 MOVWF TXSTA;        CONFIGURANDO TXSTA COMO ASINCRONO
                      00032 
000D   30C0           00033                 MOVLW h'C0'
000E   008B           00034                 MOVWF INTCON; HABILITANDO GIE Y PEIE, esto tampoco hace nada
Message[302]: Register in operand not in bank 0.  Ensure that bank bits are correct.
000F   168C           00035                 BSF PIE1,RCIE
0010   1303           00036                 BCF STATUS, RP1
0011   1283           00037                 BCF STATUS, RP0;    CAMBIO A BANCO 0
MPASM 5.86                          TINA.ASM   8-7-2020  15:55:17         PAGE  2


LOC  OBJECT CODE     LINE SOURCE TEXT
  VALUE

                      00038 
0012   3090           00039                 MOVLW h'90'
0013   0098           00040                 MOVWF RCSTA;        CONFIGURANDO EL RCSTA PARA ASINCRONO
0014   128C           00041                 BCF PIR1, RCIF;     LIMPIANDO LA BANDERA DE RECEPCION, no hace nada
0015   1683           00042                 BSF STATUS,RP0                                  
                      00043 ;TINACO
Message[302]: Register in operand not in bank 0.  Ensure that bank bits are correct.
0016   1405           00044                 BSF             TRISA,0;                RA0 ENTRADA
Message[302]: Register in operand not in bank 0.  Ensure that bank bits are correct.
0017   159F           00045                 BSF             ADCON1,3
Message[302]: Register in operand not in bank 0.  Ensure that bank bits are correct.
0018   151F           00046                 BSF             ADCON1,2
Message[302]: Register in operand not in bank 0.  Ensure that bank bits are correct.
0019   149F           00047                 BSF             ADCON1,1
Message[302]: Register in operand not in bank 0.  Ensure that bank bits are correct.
001A   101F           00048                 BCF             ADCON1,0;               1110 -> RA0 AN0 = ANALOGO
Message[302]: Register in operand not in bank 0.  Ensure that bank bits are correct.
001B   171F           00049                 BSF             ADCON1,6;               
Message[302]: Register in operand not in bank 0.  Ensure that bank bits are correct.
001C   139F           00050                 BCF             ADCON1,7;               JUSTIFICACION DERLOS PASOS DEBERIAN SER MULTIPLO
                            S DE CUATRO PARA QUE LOS AGARRE???
001D   1283           00051                 BCF             STATUS,RP0
001E   1303           00052                 BCF             STATUS,RP1
001F   179F           00053                 BSF             ADCON0,ADCS1;   CONVERSION DEL RELOJ
0020   131F           00054                 BCF             ADCON0,ADCS0;   FOSC/64
0021   129F           00055                 BCF             ADCON0,CHS2;    SELECCION DEL CANAL ANALOGICO
0022   121F           00056                 BCF             ADCON0,CHS1
0023   119F           00057                 BCF             ADCON0,CHS0;    CANAL AN0
0024   141F           00058                 BSF             ADCON0,0;               ADC ON
                      00059 ;SERIAL
0025                  00060 START:
0025   2???           00061                 CALL Retardo_400ms
Warning[202]: Argument out of range.  Least significant bits used.
0026   081E           00062                 MOVF    ADRESH,NIVEL
0027   151F           00063                 BSF             ADCON0,2                ;       GO/!DONE -> 1
0028   2???           00064                 CALL Retardo_400ms
                      00065 
0029                  00066 ADC:            
                      00067                                                                 ; NIVEL 1: 0 VOLTIOS < NIVEL < 2.5 VOLTI
                            OS
                      00068                                                                 ; NIVEL 2: 2.5 VOLTIOS < NIVEL < 4 VOLTI
                            OS
                      00069                                                                 ; NIVEL 3: 4 VOLTIOS < NIVEL < 5 VOLTIOS
0029   191F           00070                 BTFSC   ADCON0,2
002A   2???           00071                 GOTO    ADC;                    MIENTRAS CONVERTIMOS
002B   1103           00072                 BCF             STATUS,Z
002C   1003           00073                 BCF             STATUS,C
002D   081E           00074                 MOVF    ADRESH,W;               NIVEL DEL TANQUE
002E   3C80           00075                 SUBLW   D'128';                 TESTEAR CON LA MITAD
002F   1903           00076                 BTFSC   STATUS,Z
0030   2???           00077                 GOTO    MITAD;                  2.5 VOLTIOS DE NIVEL
0031   1C03           00078                 BTFSS   STATUS,C
0032   2???           00079                 GOTO    MLLENO;                 NIVEL > 2.5 VOLTIOS
MPASM 5.86                          TINA.ASM   8-7-2020  15:55:17         PAGE  3


LOC  OBJECT CODE     LINE SOURCE TEXT
  VALUE

0033   2???           00080                 GOTO    MVACIO;                 NIVEL < 2.5 VOLTIOS
                      00081 
                      00082 
0034                  00083 MITAD:                                                  
0034   2???           00084                 CALL    BOMBAON
                      00085                 ;BTFSS          w,w                             ;
0035   2???           00086                 GOTO    MITAD
0036   2???           00087                 GOTO    START;                  
                      00088 
                      00089 
0037                  00090 MLLENO: 
0037   1103           00091                 BCF             STATUS,Z
0038   1003           00092                 BCF             STATUS,C;               
0039   081E           00093                 MOVF    ADRESH,W;               NIVEL DEL TANQUE
003A   3CCD           00094                 SUBLW   D'205';                 TESTEAR CON 4 VOLTIOS
003B   1903           00095                 BTFSC   STATUS,Z
003C   2???           00096                 GOTO    CUATRO;                 4 VOLTIOS DE NIVEL
003D   1C03           00097                 BTFSS   STATUS,C        
003E   2???           00098                 GOTO    MAYOR4;                 NIVEL > 4 VOLTIOS
003F   2???           00099                 GOTO    NIVEL2;                 NIVEL < 4 VOLTIOS
                      00100 
                      00101                 
0040                  00102 CUATRO: 
0040   2???           00103                 CALL    BOMBAON                 ;           
                      00104                 ;BTFSS                                          ;
0041   2???           00105                 GOTO    CUATRO
0042   2???           00106                 GOTO    START; 
                      00107 
                      00108                 
0043                  00109 MAYOR4:
0043   1103           00110                 BCF             STATUS,Z
0044   1003           00111                 BCF             STATUS,C;       
0045   081E           00112                 MOVF    ADRESH,W;               NIVEL DEL TANQUE
0046   3CFF           00113                 SUBLW   D'255';                 TESTEAR CON 5 VOLTIOS
0047   1903           00114                 BTFSC   STATUS,Z
0048   2???           00115                 GOTO    LLENO;                  5 VOLTIOS DE NIVEL
0049   1C03           00116                 BTFSS   STATUS,C
004A   2???           00117                 GOTO    AGUAAA;                 NIVEL > 5 VOLTIOS
004B   2???           00118                 GOTO    NIVEL3;                 NIVEL < 5 VOLTIOS
                      00119         
                      00120 
004C                  00121 LLENO:
004C   2???           00122         CALL    BOMBAOFF                
                      00123                 ;BTFSC                   ;COMPROBAMOS QUE ESTA APAGADA
004D   2???           00124         GOTO    LLENO
004E   2???           00125                 GOTO    START                           
                      00126 
                      00127 
004F                  00128 NIVEL3:
004F   081E           00129                 MOVF    ADRESH,W
Message[302]: Register in operand not in bank 0.  Ensure that bank bits are correct.
0050   0220           00130                 SUBWF   NIVEL,W                 ;NIVEL PREVIO - NIVEL ACTUAL
0051   1903           00131                 BTFSC   STATUS,Z
MPASM 5.86                          TINA.ASM   8-7-2020  15:55:17         PAGE  4


LOC  OBJECT CODE     LINE SOURCE TEXT
  VALUE

0052   2???           00132                 GOTO    ABAJO                   ;IGUAL
0053   1C03           00133                 BTFSS   STATUS,C
0054   2???           00134                 GOTO    ARRIBA  ;               ESTAMOS LLENANDO
0055   2???           00135                 GOTO    ABAJO;          YA ESTABAMOS EN 5 VOLTIOS Y VENIMOS BAJANDO     
0056   2???           00136                 GOTO    START                                           
0057                  00137 ABAJO   
0057   2???           00138                 CALL    BOMBAOFF
                      00139                 ;BTFSC
0058   2???           00140                 GOTO    ABAJO
0059   2???           00141                 GOTO    START
005A                  00142 ARRIBA  
005A   2???           00143                 CALL    BOMBAON
                      00144                 ;BTFSC
005B   2???           00145                 GOTO    ARRIBA
005C   2???           00146                 GOTO    START
                      00147 
005D                  00148 AGUAAA:
005D   2???           00149                 CALL    BOMBAOFF                ;DESPIERTA ESTO ES VENEZUELA
                      00150                 ;BTFSC                                  ;ESTE CASO SOLO LO ESTARIAMOS MANEJANDO PARA EL 
                            SUPUESTO ERROR DE
005E   2???           00151                 GOTO    AGUAAA                  ;TENER AGUA DE MAS Y SIMPLEMENTE CERRAMOS LA VALVULA COM
                            O EL LLENO
005F   2???           00152                 GOTO    START
                      00153 
                      00154 
0060                  00155 NIVEL2:
0060   2???           00156                 CALL    BOMBAON                 ;NIVEL 2
                      00157                 ;BTFSS                                  ;TESTEAMOS ESTADO DE LA VALVULA
0061   2???           00158                 GOTO    NIVEL2                                  
0062   2???           00159                 GOTO    START   
                      00160 
                      00161 
0063                  00162 MVACIO: 
0063   1103           00163                 BCF             STATUS,Z
0064   1003           00164                 BCF             STATUS,C;               
0065   081E           00165                 MOVF    ADRESH,W;       NIVEL DEL TANQUE
0066   3C00           00166                 SUBLW   D'0';                   TESTEAR CON 0 VOLTIOS
0067   1903           00167                 BTFSC   STATUS,Z
0068   2???           00168                 GOTO    CRITICO;                0 VOLTIO DE NIVEL
0069   1C03           00169                 BTFSS   STATUS,C
006A   2???           00170                 GOTO    NIVEL1;                 NIVEL > 0 VOLTIOS
006B   2???           00171                 GOTO    CRITICO;        NIVEL < 0 VOLTIOS
                      00172 
                      00173 
006C                  00174 CRITICO:
006C   2???           00175                 CALL    BOMBAOFF                ;TODO MAL
006D   2???           00176                 GOTO    START
                      00177 
006E                  00178 NIVEL1:
006E   2???           00179         CALL    BOMBAON                 ;NIVEL 1
                      00180                 ;BTFSS                                  ;TESTEAMOS 
006F   2???           00181                 GOTO    NIVEL1
0070   2???           00182                 GOTO    START
MPASM 5.86                          TINA.ASM   8-7-2020  15:55:17         PAGE  5


LOC  OBJECT CODE     LINE SOURCE TEXT
  VALUE

                      00183 
0071                  00184 BOMBAON 
0071   081E           00185                 MOVF    ADRESH,W
Message[302]: Register in operand not in bank 0.  Ensure that bank bits are correct.
0072   0220           00186                 SUBWF   NIVEL,W                 ;NIVEL PREVIO - NIVEL ACTUAL
0073   1903           00187                 BTFSC   STATUS,Z
0074   2???           00188                 GOTO    PRENDE                  ;IGUAL
0075   1C03           00189                 BTFSS   STATUS,C
0076   0008           00190                 RETURN                                  ;               ESTAMOS LLENANDO
0077   2???           00191                 GOTO    PRENDE;                 YA ESTABAMOS EN 5 VOLTIOS Y VENIMOS BAJANDO             
                                                            
0078                  00192 PRENDE  
0078   3001           00193                 MOVLW   0X01
0079   0099           00194                 MOVWF   TXREG
007A   2???           00195                 CALL    TRANSMIT
007B   2???           00196                 GOTO    START
007C                  00197 BOMBAOFF
007C   081E           00198                 MOVF    ADRESH,W
Message[302]: Register in operand not in bank 0.  Ensure that bank bits are correct.
007D   0220           00199                 SUBWF   NIVEL,W                 ;NIVEL PREVIO - NIVEL ACTUAL
007E   1903           00200                 BTFSC   STATUS,Z
007F   0008           00201                 RETURN                                  ;IGUAL
0080   1C03           00202                 BTFSS   STATUS,C
0081   2???           00203                 GOTO    APAGA                   ;               ESTAMOS LLENANDO AHORA APAGAMOS
0082   0008           00204                 RETURN                  
0083                  00205 APAGA
0083   3000           00206                 MOVLW   0X00
0084   0099           00207                 MOVWF   TXREG
0085   2???           00208                 CALL    TRANSMIT;RUTINA DE APAGAR BOMBA
0086   2???           00209                 GOTO    START
0087                  00210 TRANSMIT:
0087   1E0C           00211                 BTFSS PIR1, TXIF;    VERIFICO QUE EL BUFFER ESTÉ VACIO PARA COMENZAR LA TRANSMISIÓN
0088   2???           00212                 GOTO TRANSMIT; HAY QUE LIMPIA           
Warning[203]: Found opcode in column 1. (RETURN)
0089   0008           00213 RETURN
Warning[205]: Found directive in column 1. (INCLUDE)
                      00214 INCLUDE "aqtime.inc"
Warning[205]: Found directive in column 1. (CBLOCK)
                      00001 CBLOCK 0xAA
  000000AA            00002  CUENTA
  000000AB            00003  CUENTA_2
                      00004  
Warning[205]: Found directive in column 1. (ENDC)
                      00005 ENDC
                      00006  
008A                  00007 Retardo_400ms 
008A   2???           00008     CALL    Retardo_20ms
008B   2???           00009     CALL    Retardo_20ms
008C   2???           00010     CALL    Retardo_20ms
008D   2???           00011     CALL    Retardo_20ms
008E   2???           00012     CALL    Retardo_20ms
008F   2???           00013     CALL    Retardo_20ms
0090   2???           00014     CALL    Retardo_20ms
MPASM 5.86                          TINA.ASM   8-7-2020  15:55:17         PAGE  6


LOC  OBJECT CODE     LINE SOURCE TEXT
  VALUE

0091   2???           00015     CALL    Retardo_20ms
0092   2???           00016     CALL    Retardo_20ms
0093   2???           00017     CALL    Retardo_20ms 
0094   2???           00018     CALL    Retardo_20ms
0095   2???           00019     CALL    Retardo_20ms
0096   2???           00020     CALL    Retardo_20ms
0097   2???           00021     CALL    Retardo_20ms
0098   2???           00022     CALL    Retardo_20ms
0099   2???           00023     CALL    Retardo_20ms
009A   2???           00024     CALL    Retardo_20ms
009B   2???           00025     CALL    Retardo_20ms
009C   2???           00026     CALL    Retardo_20ms
009D   2???           00027     CALL    Retardo_20ms 
009E   0008           00028     Return
                      00029  
                      00030 ; 5ms 
009F                  00031 Retardo_20ms
009F   30C8           00032     MOVLW   D'200'; 1cy -> k
00A0   2???           00033     GOTO    Retardos_ms ; 2cy 
                      00034  
                      00035 ; 5ms 
00A1                  00036 Retardo_5ms
00A1   3032           00037     MOVLW   D'50'; 1cy -> k
00A2   2???           00038     GOTO    Retardos_ms ; 2cy
00A3                  00039 Retardos_ms  
Message[302]: Register in operand not in bank 0.  Ensure that bank bits are correct.
00A3   00AB           00040     MOVWF   CUENTA_2; cy
00A4                  00041 Retardo_Milis
00A4   30B4           00042     MOVLW   D'180' ; kcy -> x
Message[302]: Register in operand not in bank 0.  Ensure that bank bits are correct.
00A5   00AA           00043     MOVWF   CUENTA ;kcy
00A6                  00044 BUCLE_milis
00A6   0000           00045     NOP
Message[302]: Register in operand not in bank 0.  Ensure that bank bits are correct.
00A7   0BAA           00046     DECFSZ  CUENTA,F; kcy(x-1) + 2cy
00A8   2???           00047     GOTO    BUCLE   ; 2kcy(x-1)
Message[302]: Register in operand not in bank 0.  Ensure that bank bits are correct.
00A9   0BAB           00048     DECFSZ  CUENTA_2,F ;cy(k-1) + 2cy 
00AA   2???           00049     GOTO    Retardo_Milis ;2cy(k-1)
00AB   0008           00050     RETURN  ;2cy   
                      00051     
                      00052     
                      00053     
                      00054 ; 1ms = 1000us
00AC                  00055 Retardo_1ms
00AC   0000           00056     NOP
00AD   0000           00057     NOP
00AE   0000           00058     NOP
00AF   300A           00059     MOVLW   D'10'; 1cy -> k
00B0   2???           00060     GOTO    Retardos ; 2cy
                      00061 
00B1                  00062 Retardo_200us
00B1   3003           00063     MOVLW   D'3'; 1cy -> k
MPASM 5.86                          TINA.ASM   8-7-2020  15:55:17         PAGE  7


LOC  OBJECT CODE     LINE SOURCE TEXT
  VALUE

00B2   2???           00064     GOTO    Retardos ; 2cy    
                      00065    
00B3                  00066 Retardo_300us
00B3   3003           00067     MOVLW   D'3'; 1cy -> k
00B4   2???           00068     GOTO    Retardos ; 2cy
                      00069     
                      00070 ;500us 
00B5                  00071 Retardo_500us
00B5   3005           00072     MOVLW   D'5'; 1cy -> k
00B6                  00073 Retardos  
Message[302]: Register in operand not in bank 0.  Ensure that bank bits are correct.
00B6   00AB           00074     MOVWF   CUENTA_2; cy
00B7                  00075 Retardo_Micros
00B7   30A5           00076     MOVLW   D'165' ; kcy -> x
Message[302]: Register in operand not in bank 0.  Ensure that bank bits are correct.
00B8   00AA           00077     MOVWF   CUENTA ;kcy
00B9                  00078 BUCLE
Message[302]: Register in operand not in bank 0.  Ensure that bank bits are correct.
00B9   0BAA           00079     DECFSZ  CUENTA,F; kcy(x-1) + 2cy
00BA   2???           00080     GOTO    BUCLE   ; 2kcy(x-1)
Message[302]: Register in operand not in bank 0.  Ensure that bank bits are correct.
00BB   0BAB           00081     DECFSZ  CUENTA_2,F ;cy(k-1) + 2cy 
00BC   2???           00082     GOTO    Retardo_Micros ;2cy(k-1)
00BD   0008           00083     RETURN  ;2cy   
                      00084 
                      00085     
                      00086     
                      00087 ;100us
00BE                  00088 Retardo_100us; 8CY + 3XCY
00BE   30A4           00089     MOVLW   D'164'
00BF   0000           00090     NOP
00C0   2???           00091     GOTO    Retardo_micros
                      00092 
                      00093 ;50us
00C1                  00094 Retardo_50us        ;7cy + 3xcy  
00C1   3051           00095     MOVLW   D'81'
00C2   2???           00096     GOTO    Retardo_micros
                      00097     
                      00098 ;20us 
00C3                  00099 Retardo_20us;7CY + 3XCY     
00C3   301F           00100     MOVLW   D'31'
00C4   2???           00101     GOTO    Retardo_micros
                      00102 
                      00103 ;10us 
00C5                  00104 Retardo_10us;8CY + 3XCY
00C5   300E           00105     MOVLW   D'14'
00C6   0000           00106     NOP
00C7   2???           00107     GOTO    Retardo_micros  
                      00108     
                      00109 ;5us    
00C8                  00110 Retardo_5us;7CY + 3XCY
00C8   3006           00111     MOVLW   D'6'
00C9   2???           00112     GOTO    Retardo_micros
MPASM 5.86                          TINA.ASM   8-7-2020  15:55:17         PAGE  8


LOC  OBJECT CODE     LINE SOURCE TEXT
  VALUE

00CA                  00113 Retardo_micros
Message[302]: Register in operand not in bank 0.  Ensure that bank bits are correct.
00CA   00AA           00114     MOVWF   CUENTA
00CB                  00115 Bucle
Message[302]: Register in operand not in bank 0.  Ensure that bank bits are correct.
00CB   0BAA           00116     DECFSZ  CUENTA,F
00CC   2???           00117     GOTO    Bucle
00CD   0008           00118     RETURN 
                      00119     
                      00120 ;1us
00CE                  00121 Retardo_1us
00CE   0000           00122     NOP
00CF   0008           00123     RETURN
                      00215  
Warning[205]: Found directive in column 1. (END)
3F72                  00216 END
MPASM 5.86                          TINA.ASM   8-7-2020  15:55:17         PAGE  9


SYMBOL TABLE
  LABEL                             VALUE 

ABAJO                             00000057
ACKDT                             00000005
ACKEN                             00000004
ACKSTAT                           00000006
ADC                               00000029
ADCON0                            0000001F
ADCON1                            0000009F
ADCS0                             00000006
ADCS1                             00000007
ADCS2                             00000006
ADDEN                             00000003
ADFM                              00000007
ADIE                              00000006
ADIF                              00000006
ADON                              00000000
ADRESH                            0000001E
ADRESL                            0000009E
AGUAAA                            0000005D
APAGA                             00000083
ARRIBA                            0000005A
BCLIE                             00000003
BCLIF                             00000003
BF                                00000000
BOMBAOFF                          0000007C
BOMBAON                           00000071
BRGH                              00000002
BUCLE                             000000B9
BUCLE_milis                       000000A6
Bucle                             000000CB
C                                 00000000
C1INV                             00000004
C1OUT                             00000006
C2INV                             00000005
C2OUT                             00000007
CCP1CON                           00000017
CCP1IE                            00000002
CCP1IF                            00000002
CCP1M0                            00000000
CCP1M1                            00000001
CCP1M2                            00000002
CCP1M3                            00000003
CCP1X                             00000005
CCP1Y                             00000004
CCP2CON                           0000001D
CCP2IE                            00000000
CCP2IF                            00000000
CCP2M0                            00000000
CCP2M1                            00000001
CCP2M2                            00000002
CCP2M3                            00000003
CCP2X                             00000005
CCP2Y                             00000004
CCPR1                             00000015
MPASM 5.86                          TINA.ASM   8-7-2020  15:55:17         PAGE 10


SYMBOL TABLE
  LABEL                             VALUE 

CCPR1H                            00000016
CCPR1L                            00000015
CCPR2                             0000001B
CCPR2H                            0000001C
CCPR2L                            0000001B
CHS0                              00000003
CHS1                              00000004
CHS2                              00000005
CIS                               00000003
CKE                               00000006
CKP                               00000004
CM0                               00000000
CM1                               00000001
CM2                               00000002
CMCON                             0000009C
CMIE                              00000006
CMIF                              00000006
COMIENZO                          00000006
CREN                              00000004
CRITICO                           0000006C
CSRC                              00000007
CUATRO                            00000040
CUENTA                            000000AA
CUENTA_2                          000000AB
CVR0                              00000000
CVR1                              00000001
CVR2                              00000002
CVR3                              00000003
CVRCON                            0000009D
CVREN                             00000007
CVROE                             00000006
CVRR                              00000005
D                                 00000005
DATA_ADDRESS                      00000005
DC                                00000001
D_A                               00000005
D_NOT_A                           00000005
EEADR                             0000010D
EEADRH                            0000010F
EECON1                            0000018C
EECON2                            0000018D
EEDATA                            0000010C
EEDATH                            0000010E
EEIE                              00000004
EEIF                              00000004
EEPGD                             00000007
F                                 00000001
FERR                              00000002
FSR                               00000004
GCEN                              00000007
GIE                               00000007
GO                                00000002
GO_DONE                           00000002
MPASM 5.86                          TINA.ASM   8-7-2020  15:55:17         PAGE 11


SYMBOL TABLE
  LABEL                             VALUE 

GO_NOT_DONE                       00000002
I2C_DATA                          00000005
I2C_READ                          00000002
I2C_START                         00000003
I2C_STOP                          00000004
IBF                               00000007
IBOV                              00000005
INDF                              00000000
INTCON                            0000000B
INTE                              00000004
INTEDG                            00000006
INTERRUPT                         00000005
INTF                              00000001
IRP                               00000007
LLENO                             0000004C
MAYOR4                            00000043
MITAD                             00000034
MLLENO                            00000037
MVACIO                            00000063
NIVEL                             000000A0
NIVEL1                            0000006E
NIVEL2                            00000060
NIVEL3                            0000004F
NOT_A                             00000005
NOT_ADDRESS                       00000005
NOT_BO                            00000000
NOT_BOR                           00000000
NOT_DONE                          00000002
NOT_PD                            00000003
NOT_POR                           00000001
NOT_RBPU                          00000007
NOT_RC8                           00000006
NOT_T1SYNC                        00000002
NOT_TO                            00000004
NOT_TX8                           00000006
NOT_W                             00000002
NOT_WRITE                         00000002
OBF                               00000006
OERR                              00000001
OPTION_REG                        00000081
P                                 00000004
PCFG0                             00000000
PCFG1                             00000001
PCFG2                             00000002
PCFG3                             00000003
PCL                               00000002
PCLATH                            0000000A
PCON                              0000008E
PEIE                              00000006
PEN                               00000002
PIE1                              0000008C
PIE2                              0000008D
PIR1                              0000000C
MPASM 5.86                          TINA.ASM   8-7-2020  15:55:17         PAGE 12


SYMBOL TABLE
  LABEL                             VALUE 

PIR2                              0000000D
PORTA                             00000005
PORTB                             00000006
PORTC                             00000007
PORTD                             00000008
PORTE                             00000009
PR2                               00000092
PRENDE                            00000078
PS0                               00000000
PS1                               00000001
PS2                               00000002
PSA                               00000003
PSPIE                             00000007
PSPIF                             00000007
PSPMODE                           00000004
R                                 00000002
RA0                               00000000
RA1                               00000001
RA2                               00000002
RA3                               00000003
RA4                               00000004
RA5                               00000005
RB0                               00000000
RB1                               00000001
RB2                               00000002
RB3                               00000003
RB4                               00000004
RB5                               00000005
RB6                               00000006
RB7                               00000007
RBIE                              00000003
RBIF                              00000000
RC0                               00000000
RC1                               00000001
RC2                               00000002
RC3                               00000003
RC4                               00000004
RC5                               00000005
RC6                               00000006
RC7                               00000007
RC8_9                             00000006
RC9                               00000006
RCD8                              00000000
RCEN                              00000003
RCIE                              00000005
RCIF                              00000005
RCREG                             0000001A
RCSTA                             00000018
RD                                00000000
RD0                               00000000
RD1                               00000001
RD2                               00000002
RD3                               00000003
MPASM 5.86                          TINA.ASM   8-7-2020  15:55:17         PAGE 13


SYMBOL TABLE
  LABEL                             VALUE 

RD4                               00000004
RD5                               00000005
RD6                               00000006
RD7                               00000007
RE0                               00000000
RE1                               00000001
RE2                               00000002
READ_WRITE                        00000002
RP0                               00000005
RP1                               00000006
RSEN                              00000001
RX9                               00000006
RX9D                              00000000
R_NOT_W                           00000002
R_W                               00000002
Retardo_100us                     000000BE
Retardo_10us                      000000C5
Retardo_1ms                       000000AC
Retardo_1us                       000000CE
Retardo_200us                     000000B1
Retardo_20ms                      0000009F
Retardo_20us                      000000C3
Retardo_300us                     000000B3
Retardo_400ms                     0000008A
Retardo_500us                     000000B5
Retardo_50us                      000000C1
Retardo_5ms                       000000A1
Retardo_5us                       000000C8
Retardo_Micros                    000000B7
Retardo_Milis                     000000A4
Retardo_micros                    000000CA
Retardos                          000000B6
Retardos_ms                       000000A3
S                                 00000003
SEN                               00000000
SMP                               00000007
SPBRG                             00000099
SPEN                              00000007
SREN                              00000005
SSPADD                            00000093
SSPBUF                            00000013
SSPCON                            00000014
SSPCON2                           00000091
SSPEN                             00000005
SSPIE                             00000003
SSPIF                             00000003
SSPM0                             00000000
SSPM1                             00000001
SSPM2                             00000002
SSPM3                             00000003
SSPOV                             00000006
SSPSTAT                           00000094
START                             00000025
MPASM 5.86                          TINA.ASM   8-7-2020  15:55:17         PAGE 14


SYMBOL TABLE
  LABEL                             VALUE 

STATUS                            00000003
SYNC                              00000004
T0CS                              00000005
T0IE                              00000005
T0IF                              00000002
T0SE                              00000004
T1CKPS0                           00000004
T1CKPS1                           00000005
T1CON                             00000010
T1INSYNC                          00000002
T1OSCEN                           00000003
T1SYNC                            00000002
T2CKPS0                           00000000
T2CKPS1                           00000001
T2CON                             00000012
TMR0                              00000001
TMR0IE                            00000005
TMR0IF                            00000002
TMR1                              0000000E
TMR1CS                            00000001
TMR1H                             0000000F
TMR1IE                            00000000
TMR1IF                            00000000
TMR1L                             0000000E
TMR1ON                            00000000
TMR2                              00000011
TMR2IE                            00000001
TMR2IF                            00000001
TMR2ON                            00000002
TOUTPS0                           00000003
TOUTPS1                           00000004
TOUTPS2                           00000005
TOUTPS3                           00000006
TRANSMIT                          00000087
TRISA                             00000085
TRISA0                            00000000
TRISA1                            00000001
TRISA2                            00000002
TRISA3                            00000003
TRISA4                            00000004
TRISA5                            00000005
TRISB                             00000086
TRISB0                            00000000
TRISB1                            00000001
TRISB2                            00000002
TRISB3                            00000003
TRISB4                            00000004
TRISB5                            00000005
TRISB6                            00000006
TRISB7                            00000007
TRISC                             00000087
TRISC0                            00000000
TRISC1                            00000001
MPASM 5.86                          TINA.ASM   8-7-2020  15:55:17         PAGE 15


SYMBOL TABLE
  LABEL                             VALUE 

TRISC2                            00000002
TRISC3                            00000003
TRISC4                            00000004
TRISC5                            00000005
TRISC6                            00000006
TRISC7                            00000007
TRISD                             00000088
TRISD0                            00000000
TRISD1                            00000001
TRISD2                            00000002
TRISD3                            00000003
TRISD4                            00000004
TRISD5                            00000005
TRISD6                            00000006
TRISD7                            00000007
TRISE                             00000089
TRISE0                            00000000
TRISE1                            00000001
TRISE2                            00000002
TRMT                              00000001
TX8_9                             00000006
TX9                               00000006
TX9D                              00000000
TXD8                              00000000
TXEN                              00000005
TXIE                              00000004
TXIF                              00000004
TXREG                             00000019
TXSTA                             00000098
UA                                00000001
W                                 00000000
WCOL                              00000007
WR                                00000001
WREN                              00000002
WRERR                             00000003
Z                                 00000002
_BODEN_OFF                        00003FBF
_BODEN_ON                         00003FFF
_BOREN_OFF                        00003FBF
_BOREN_ON                         00003FFF
_CONFIG                           00002007
_CPD_OFF                          00003FFF
_CPD_ON                           00003EFF
_CP_ALL                           00001FFF
_CP_OFF                           00003FFF
_CP_ON                            00001FFF
_DEBUG_OFF                        00003FFF
_DEBUG_ON                         000037FF
_DEVID1                           00002006
_FOSC_EXTRC                       00003FFF
_FOSC_HS                          00003FFE
_FOSC_LP                          00003FFC
_FOSC_XT                          00003FFD
MPASM 5.86                          TINA.ASM   8-7-2020  15:55:17         PAGE 16


SYMBOL TABLE
  LABEL                             VALUE 

_HS_OSC                           00003FFE
_IDLOC0                           00002000
_IDLOC1                           00002001
_IDLOC2                           00002002
_IDLOC3                           00002003
_LP_OSC                           00003FFC
_LVP_OFF                          00003F7F
_LVP_ON                           00003FFF
_PWRTE_OFF                        00003FFF
_PWRTE_ON                         00003FF7
_RC_OSC                           00003FFF
_WDTE_OFF                         00003FFB
_WDTE_ON                          00003FFF
_WDT_OFF                          00003FFB
_WDT_ON                           00003FFF
_WRT_1FOURTH                      00003BFF
_WRT_256                          00003DFF
_WRT_HALF                         000039FF
_WRT_OFF                          00003FFF
_XT_OSC                           00003FFD
__16F877A                         00000001
__DEBUG                           
__MPLAB_DEBUGGER_SIMULATOR        1

Errors   :     0
Warnings :     7 reported,     0 suppressed
Messages :    25 reported,     0 suppressed

