Warning[205] ..\..\TINA.ASM 1 : Found directive in column 1. (LIST)
Message[302] ..\..\TINA.ASM 26 : Register in operand not in bank 0.  Ensure that bank bits are correct.
Message[302] ..\..\TINA.ASM 27 : Register in operand not in bank 0.  Ensure that bank bits are correct.
Message[302] ..\..\TINA.ASM 29 : Register in operand not in bank 0.  Ensure that bank bits are correct.
Message[302] ..\..\TINA.ASM 31 : Register in operand not in bank 0.  Ensure that bank bits are correct.
Message[302] ..\..\TINA.ASM 35 : Register in operand not in bank 0.  Ensure that bank bits are correct.
Message[302] ..\..\TINA.ASM 44 : Register in operand not in bank 0.  Ensure that bank bits are correct.
Message[302] ..\..\TINA.ASM 45 : Register in operand not in bank 0.  Ensure that bank bits are correct.
Message[302] ..\..\TINA.ASM 46 : Register in operand not in bank 0.  Ensure that bank bits are correct.
Message[302] ..\..\TINA.ASM 47 : Register in operand not in bank 0.  Ensure that bank bits are correct.
Message[302] ..\..\TINA.ASM 48 : Register in operand not in bank 0.  Ensure that bank bits are correct.
Message[302] ..\..\TINA.ASM 49 : Register in operand not in bank 0.  Ensure that bank bits are correct.
Message[302] ..\..\TINA.ASM 50 : Register in operand not in bank 0.  Ensure that bank bits are correct.
Warning[202] ..\..\TINA.ASM 62 : Argument out of range.  Least significant bits used.
Message[302] ..\..\TINA.ASM 130 : Register in operand not in bank 0.  Ensure that bank bits are correct.
Message[302] ..\..\TINA.ASM 186 : Register in operand not in bank 0.  Ensure that bank bits are correct.
Message[302] ..\..\TINA.ASM 199 : Register in operand not in bank 0.  Ensure that bank bits are correct.
Warning[203] ..\..\TINA.ASM 213 : Found opcode in column 1. (RETURN)
Warning[205] ..\..\TINA.ASM 214 : Found directive in column 1. (INCLUDE)
Warning[205] C:\USERS\XAVIER\DESKTOP\PIC2\TINACO_PIC2.X\AQTIME.INC 1 : Found directive in column 1. (CBLOCK)
Warning[205] C:\USERS\XAVIER\DESKTOP\PIC2\TINACO_PIC2.X\AQTIME.INC 5 : Found directive in column 1. (ENDC)
Message[302] C:\USERS\XAVIER\DESKTOP\PIC2\TINACO_PIC2.X\AQTIME.INC 40 : Register in operand not in bank 0.  Ensure that bank bits are correct.
Message[302] C:\USERS\XAVIER\DESKTOP\PIC2\TINACO_PIC2.X\AQTIME.INC 43 : Register in operand not in bank 0.  Ensure that bank bits are correct.
Message[302] C:\USERS\XAVIER\DESKTOP\PIC2\TINACO_PIC2.X\AQTIME.INC 46 : Register in operand not in bank 0.  Ensure that bank bits are correct.
Message[302] C:\USERS\XAVIER\DESKTOP\PIC2\TINACO_PIC2.X\AQTIME.INC 48 : Register in operand not in bank 0.  Ensure that bank bits are correct.
Message[302] C:\USERS\XAVIER\DESKTOP\PIC2\TINACO_PIC2.X\AQTIME.INC 74 : Register in operand not in bank 0.  Ensure that bank bits are correct.
Message[302] C:\USERS\XAVIER\DESKTOP\PIC2\TINACO_PIC2.X\AQTIME.INC 77 : Register in operand not in bank 0.  Ensure that bank bits are correct.
Message[302] C:\USERS\XAVIER\DESKTOP\PIC2\TINACO_PIC2.X\AQTIME.INC 79 : Register in operand not in bank 0.  Ensure that bank bits are correct.
Message[302] C:\USERS\XAVIER\DESKTOP\PIC2\TINACO_PIC2.X\AQTIME.INC 81 : Register in operand not in bank 0.  Ensure that bank bits are correct.
Message[302] C:\USERS\XAVIER\DESKTOP\PIC2\TINACO_PIC2.X\AQTIME.INC 114 : Register in operand not in bank 0.  Ensure that bank bits are correct.
Message[302] C:\USERS\XAVIER\DESKTOP\PIC2\TINACO_PIC2.X\AQTIME.INC 116 : Register in operand not in bank 0.  Ensure that bank bits are correct.
Warning[205] ..\..\TINA.ASM 216 : Found directive in column 1. (END)
