Warning[205] ..\..\PROYECTO\CIST.ASM 18 : Found directive in column 1. (CBLOCK)
Warning[205] ..\..\PROYECTO\CIST.ASM 22 : Found directive in column 1. (ENDC)
Warning[205] ..\..\PROYECTO\CIST.ASM 28 : Found directive in column 1. (ORG)
Message[302] ..\..\PROYECTO\CIST.ASM 37 : Register in operand not in bank 0.  Ensure that bank bits are correct.
Message[302] ..\..\PROYECTO\CIST.ASM 42 : Register in operand not in bank 0.  Ensure that bank bits are correct.
Message[302] ..\..\PROYECTO\CIST.ASM 44 : Register in operand not in bank 0.  Ensure that bank bits are correct.
Message[302] ..\..\PROYECTO\CIST.ASM 56 : Register in operand not in bank 0.  Ensure that bank bits are correct.
Message[302] ..\..\PROYECTO\CIST.ASM 58 : Register in operand not in bank 0.  Ensure that bank bits are correct.
Message[302] ..\..\PROYECTO\CIST.ASM 66 : Register in operand not in bank 0.  Ensure that bank bits are correct.
Message[302] ..\..\PROYECTO\CIST.ASM 71 : Register in operand not in bank 0.  Ensure that bank bits are correct.
Message[302] ..\..\PROYECTO\CIST.ASM 78 : Register in operand not in bank 0.  Ensure that bank bits are correct.
Warning[203] ..\..\PROYECTO\CIST.ASM 101 : Found opcode in column 1. (RETURN)
Warning[203] ..\..\PROYECTO\CIST.ASM 108 : Found opcode in column 1. (RETURN)
Message[302] ..\..\PROYECTO\CIST.ASM 154 : Register in operand not in bank 0.  Ensure that bank bits are correct.
Message[302] ..\..\PROYECTO\CIST.ASM 157 : Register in operand not in bank 0.  Ensure that bank bits are correct.
Message[302] ..\..\PROYECTO\CIST.ASM 158 : Register in operand not in bank 0.  Ensure that bank bits are correct.
Message[302] ..\..\PROYECTO\CIST.ASM 161 : Register in operand not in bank 0.  Ensure that bank bits are correct.
Message[302] ..\..\PROYECTO\CIST.ASM 162 : Register in operand not in bank 0.  Ensure that bank bits are correct.
Message[302] ..\..\PROYECTO\CIST.ASM 163 : Register in operand not in bank 0.  Ensure that bank bits are correct.
Message[302] ..\..\PROYECTO\CIST.ASM 164 : Register in operand not in bank 0.  Ensure that bank bits are correct.
Message[302] ..\..\PROYECTO\CIST.ASM 172 : Register in operand not in bank 0.  Ensure that bank bits are correct.
Message[302] ..\..\PROYECTO\CIST.ASM 173 : Register in operand not in bank 0.  Ensure that bank bits are correct.
Message[302] ..\..\PROYECTO\CIST.ASM 176 : Register in operand not in bank 0.  Ensure that bank bits are correct.
Message[302] ..\..\PROYECTO\CIST.ASM 177 : Register in operand not in bank 0.  Ensure that bank bits are correct.
Message[302] ..\..\PROYECTO\CIST.ASM 181 : Register in operand not in bank 0.  Ensure that bank bits are correct.
Message[302] ..\..\PROYECTO\CIST.ASM 182 : Register in operand not in bank 0.  Ensure that bank bits are correct.
Message[302] ..\..\PROYECTO\CIST.ASM 184 : Register in operand not in bank 0.  Ensure that bank bits are correct.
Message[302] ..\..\PROYECTO\CIST.ASM 186 : Register in operand not in bank 0.  Ensure that bank bits are correct.
Message[302] ..\..\PROYECTO\CIST.ASM 190 : Register in operand not in bank 0.  Ensure that bank bits are correct.
Message[302] ..\..\PROYECTO\CIST.ASM 204 : Register in operand not in bank 0.  Ensure that bank bits are correct.
Message[302] ..\..\PROYECTO\CIST.ASM 205 : Register in operand not in bank 0.  Ensure that bank bits are correct.
Message[302] ..\..\PROYECTO\CIST.ASM 347 : Register in operand not in bank 0.  Ensure that bank bits are correct.
Message[302] ..\..\PROYECTO\CIST.ASM 387 : Register in operand not in bank 0.  Ensure that bank bits are correct.
Message[302] ..\..\PROYECTO\CIST.ASM 428 : Register in operand not in bank 0.  Ensure that bank bits are correct.
Message[302] ..\..\PROYECTO\CIST.ASM 431 : Register in operand not in bank 0.  Ensure that bank bits are correct.
Message[302] ..\..\PROYECTO\CIST.ASM 434 : Register in operand not in bank 0.  Ensure that bank bits are correct.
Message[302] ..\..\PROYECTO\CIST.ASM 436 : Register in operand not in bank 0.  Ensure that bank bits are correct.
Message[302] ..\..\PROYECTO\CIST.ASM 462 : Register in operand not in bank 0.  Ensure that bank bits are correct.
Message[302] ..\..\PROYECTO\CIST.ASM 465 : Register in operand not in bank 0.  Ensure that bank bits are correct.
Message[302] ..\..\PROYECTO\CIST.ASM 467 : Register in operand not in bank 0.  Ensure that bank bits are correct.
Message[302] ..\..\PROYECTO\CIST.ASM 469 : Register in operand not in bank 0.  Ensure that bank bits are correct.
Message[302] ..\..\PROYECTO\CIST.ASM 502 : Register in operand not in bank 0.  Ensure that bank bits are correct.
Message[302] ..\..\PROYECTO\CIST.ASM 504 : Register in operand not in bank 0.  Ensure that bank bits are correct.
Warning[205] ..\..\PROYECTO\CIST.ASM 514 : Found directive in column 1. (END)
