MPASM 5.86                          PIC1.ASM   8-6-2020  19:12:57         PAGE  1


LOC  OBJECT CODE     LINE SOURCE TEXT
  VALUE

Warning[205]: Found directive in column 1. (LIST)
                      00001 LIST P=16f877a
                      00002 #include "p16f877a.inc"
                      00001         LIST
                      00002 
                      00003 ;==========================================================================
                      00004 ; Build date : Oct 24 2019
                      00005 ;  MPASM PIC16F877A processor include
                      00006 ; 
                      00007 ;  (c) Copyright 1999-2019 Microchip Technology, All rights reserved
                      00008 ;==========================================================================
                      00009 
                      00567         LIST
                      00003 ; CONFIG. DEL CLOCK A 20MHZ, WATCHDOG DESHABILITADO Y POWER-UP TIMER ON
                      00004 ; __config 0xFF72
2007   3F72           00005  __CONFIG _FOSC_HS & _WDTE_OFF & _PWRTE_ON & _BOREN_ON & _LVP_OFF & _CPD_OFF & _WRT_OFF & _CP_OFF
                      00006 
                      00007  ;* DEFINICION DE VARIABLES Y SU ALMACENAMIENTO
                      00008 ;*
                      00009     CBLOCK 0x20
  00000020            00010         NOMBRE_1        ; VARIABLE 1
  00000021            00011         NOMBRE_2        ; VARIABLE 2
  00000022            00012         NOMBRE_3        ; VARIABLE 3
                      00013     ENDC
                      00014 
Warning[205]: Found directive in column 1. (ORG)
                      00015 ORG     0X000
Warning[203]: Found opcode in column 1. (NOP)
0000   0000           00016 NOP
Warning[203]: Found opcode in column 1. (GOTO)
0001   2???           00017 GOTO INICIO
                      00018 INTERRUPTS:     ORG 0X04
0004   1A80           00019         BTFSC W,5 ;
0005   2???           00020         GOTO ALLA ;
0006   0000           00021         NOP
0007   1A00           00022         BTFSC W,4 ;
0008   2???           00023         GOTO ACA; O CALL COMO SEA
0009   0000           00024         NOP
000A   1980           00025         BTFSC W,3 ;
000B   2???           00026         GOTO AJA;
000C   0000           00027         NOP
000D   1900           00028         BTFSC W,2 ;
000E   2???           00029         GOTO OK;
000F   0000           00030         NOP
                      00031         
0010                  00032 OK
0010   0000           00033         NOP
0011   0009           00034         RETFIE
0012                  00035 ACA
0012   0000           00036         NOP
0013   0009           00037         RETFIE
0014                  00038 AJA
0014   0000           00039         NOP
MPASM 5.86                          PIC1.ASM   8-6-2020  19:12:57         PAGE  2


LOC  OBJECT CODE     LINE SOURCE TEXT
  VALUE

0015   0009           00040         RETFIE
0016                  00041 ALLA
0016   0000           00042         NOP
0017   0009           00043         RETFIE
                      00044         
0018                  00045 INICIO:
                      00046 ;CONFIG DE LOS PUERTOS
                      00047     
                      00048 ;PUERTO A
                      00049     
0018   1283           00050     BCF STATUS, RP0     
0019   1303           00051     BCF STATUS, RP1     ; CAMBIO DE Bank0
001A   0185           00052     CLRF PORTA          ; INICIALIZO EL PORTA
                      00053                         ; LIMPIO EL REGISTRO
                      00054                         ; data latches
001B   1683           00055     BSF STATUS, RP0     ; Select Bank 1
001C   3006           00056     MOVLW 0x06          ; Configure all pins
Message[302]: Register in operand not in bank 0.  Ensure that bank bits are correct.
001D   009F           00057     MOVWF ADCON1        ; as digital inputs
001E   30CF           00058     MOVLW 0xCF          ; Value used to
                      00059                         ; initialize data
                      00060                         ; direction
Message[302]: Register in operand not in bank 0.  Ensure that bank bits are correct.
001F   0085           00061     MOVWF TRISA         ; Set RA<3:0> as inputs
                      00062                         ; RA<5:4> as outputs
                      00063                         ; TRISA<7:6>are always
                      00064                         ; read as '0'.
                      00065 ;PUERTO B
                      00066     
0020   1283           00067     BCF STATUS, RP0     ;
0021   1303           00068     BCF STATUS, RP1     ; CAMBIO DE Bank0
0022   0186           00069     CLRF PORTB          ; INICIALIZO EL PORTB
                      00070                         ; LIMPIO EL REGISTRO
                      00071                         ; data latches
0023   1683           00072     BSF STATUS, RP0     ; Select Bank 1
0024   3006           00073     MOVLW 0x06          ; Configure all pins
Message[302]: Register in operand not in bank 0.  Ensure that bank bits are correct.
0025   009F           00074     MOVWF ADCON1        ; as digital inputs
0026   30CF           00075     MOVLW 0xCF          ; Value used to
                      00076                         ; initialize data
                      00077                         ; direction
Message[302]: Register in operand not in bank 0.  Ensure that bank bits are correct.
0027   0086           00078     MOVWF TRISB         ; Set RB<3:0> as inputs
                      00079                         ; RB<5:4> as outputs
                      00080                         ; TRISB<7:6>are always
                      00081                         ; read as '0'.
                      00082 ;PUERTO C
                      00083     
0028   1283           00084     BCF STATUS, RP0     ;
0029   1303           00085     BCF STATUS, RP1     ; CAMBIO DE Bank0
002A   0187           00086     CLRF PORTC          ; INICIALIZO EL PORTC
                      00087                         ; LIMPIO EL REGISTRO
                      00088                         ; data latches
MPASM 5.86                          PIC1.ASM   8-6-2020  19:12:57         PAGE  3


LOC  OBJECT CODE     LINE SOURCE TEXT
  VALUE

002B   1683           00089     BSF STATUS, RP0     ; Select Bank 1
002C   3006           00090     MOVLW 0x06          ; Configure all pins
Message[302]: Register in operand not in bank 0.  Ensure that bank bits are correct.
002D   009F           00091     MOVWF ADCON1        ; as digital inputs
002E   30CF           00092     MOVLW 0xCF          ; Value used to
                      00093                         ; initialize data
                      00094                         ; direction
Message[302]: Register in operand not in bank 0.  Ensure that bank bits are correct.
002F   0087           00095     MOVWF TRISC         ; Set RC<3:0> as inputs
                      00096                         ; RC<5:4> as outputs
                      00097                         ; TRISC<7:6>are always
                      00098                         ; read as '0'.
                      00099 ;PUERTO D
                      00100     
0030   1283           00101     BCF STATUS, RP0     ;
0031   1303           00102     BCF STATUS, RP1     ; CAMBIO DE Bank0
0032   0185           00103     CLRF PORTA          ; INICIALIZO EL PORTD
                      00104                         ; LIMPIO EL REGISTRO
                      00105                         ; data latches
0033   1683           00106     BSF STATUS, RP0     ; Select Bank 1
0034   3006           00107     MOVLW 0x06          ; Configure all pins
Message[302]: Register in operand not in bank 0.  Ensure that bank bits are correct.
0035   009F           00108     MOVWF ADCON1        ; as digital inputs
0036   30CF           00109     MOVLW 0xCF          ; Value used to
                      00110                         ; initialize data
                      00111                         ; direction
Message[302]: Register in operand not in bank 0.  Ensure that bank bits are correct.
0037   0088           00112     MOVWF TRISD         ; Set RD<3:0> as inputs
                      00113                         ; RD<5:4> as outputs
                      00114                         ; TRISD<7:6>are always
                      00115                         ; read as '0'.
                      00116 ;PUERTO E
                      00117     
0038   1283           00118     BCF STATUS, RP0     ;
0039   1303           00119     BCF STATUS, RP1     ; CAMBIO DE Bank0
003A   0185           00120     CLRF PORTA          ; INICIALIZO EL PORTE
                      00121                         ; LIMPIO EL REGISTRO
                      00122                         ; data latches
003B   1683           00123     BSF STATUS, RP0     ; Select Bank 1
003C   3006           00124     MOVLW 0x06          ; Configure all pins
Message[302]: Register in operand not in bank 0.  Ensure that bank bits are correct.
003D   009F           00125     MOVWF ADCON1        ; as digital inputs
003E   30CF           00126     MOVLW 0xCF          ; Value used to
                      00127                         ; initialize data
                      00128                         ; direction
Message[302]: Register in operand not in bank 0.  Ensure that bank bits are correct.
003F   0089           00129     MOVWF TRISE         ; Set RE<3:0> as inputs
                      00130                         ; RA<5:4> as outputs
                      00131                         ; TRISE<7:6>are always
                      00132                         ; read as '0'.
                      00133  ;CONFIG DE INTERRUPCIONES Y MODULOS
                      00134  
                      00135  
MPASM 5.86                          PIC1.ASM   8-6-2020  19:12:57         PAGE  4


LOC  OBJECT CODE     LINE SOURCE TEXT
  VALUE

0040                  00136 MAIN:
                      00137     ;CALL NIVEL_DE_AGUA
                      00138     
                      00139     ;CALL PRESION_CALLE
                      00140     
                      00141     ;CALL BOMBA_PWM
                      00142     ;DEPENDIENDO DEL MENSAJE Y EL NIVEL DEL TANQUE O DEL NIVEL DEL TANQUE Y SI ESTA EN MANUAL, TIPO PRIM
                            ERA MANUAL O AUTOMATICO DESPUES NIVEL DE TANQUE 1 Y 2 DESPUES PRENDO O APAGO
                      00143     ; EL PIC 1 SABE CUANDO ESTA EN MANUAL Y CUANDO APAGARIA POR NIVEL BAJO O POR BLOQUEO, PERO EN MANUAL
                             COMO SABE PIC 1 QUE PIC 2 ESTA LLENO SI NO HAY COM SERIAL?
                      00144     ;POR SOFTWARE ABRIA QUE MANTENER LA COM SIEMPRE ANALOGICAMENTE UN FLOTANTE O UN PRESOSTATO HACE EL T
                            RABAJO, ENTONCES PODRIAMOS OBVIAR ES
                      00145     
                      00146     ;PARA APAGARLA HAY QUE COMUNICARSE VIA SERIAL PARA QUE EL PIC 1 SEPA CUANDO APAGAR
                      00147     
                      00148     ;CALL COM_SERIAL
                      00149     
                      00150     ;CALL 
                      00151     
                      00152     
                      00153     
                      00154     
                      00155     ;CREO QUE TIENES RAZON QUE UTILIZANDO SOLO EL ADC PODEMOS DIRIGIR TODO EL PROGRAMA
                      00156     ; Y EN REALIDAD ESE ES EL MENU, QUE CRACK DE PANA, TIPO QUE AJA SABIENDO EN QUE NIVEL ESTAS SABES A 
                            DONDE VAS A IR Y ES TU CICLO INFINITO
                      00157     
                      00158 
                      00159     
0040                  00160 PRESION_CALLE:
                      00161 
0040                  00162 COM_SERIAL:
                      00163 
0040                  00164 BOMBA_PWM:
                      00165 
0040                  00166 MANUAL:
                      00167 
0040                  00168 NIVEL_DE_AGUA:
                      00169 
                      00170 
                      00171         
                      00172 
Warning[205]: Found directive in column 1. (END)
3F72                  00173 END
MPASM 5.86                          PIC1.ASM   8-6-2020  19:12:57         PAGE  5


SYMBOL TABLE
  LABEL                             VALUE 

ACA                               00000012
ACKDT                             00000005
ACKEN                             00000004
ACKSTAT                           00000006
ADCON0                            0000001F
ADCON1                            0000009F
ADCS0                             00000006
ADCS1                             00000007
ADCS2                             00000006
ADDEN                             00000003
ADFM                              00000007
ADIE                              00000006
ADIF                              00000006
ADON                              00000000
ADRESH                            0000001E
ADRESL                            0000009E
AJA                               00000014
ALLA                              00000016
BCLIE                             00000003
BCLIF                             00000003
BF                                00000000
BOMBA_PWM                         00000040
BRGH                              00000002
C                                 00000000
C1INV                             00000004
C1OUT                             00000006
C2INV                             00000005
C2OUT                             00000007
CCP1CON                           00000017
CCP1IE                            00000002
CCP1IF                            00000002
CCP1M0                            00000000
CCP1M1                            00000001
CCP1M2                            00000002
CCP1M3                            00000003
CCP1X                             00000005
CCP1Y                             00000004
CCP2CON                           0000001D
CCP2IE                            00000000
CCP2IF                            00000000
CCP2M0                            00000000
CCP2M1                            00000001
CCP2M2                            00000002
CCP2M3                            00000003
CCP2X                             00000005
CCP2Y                             00000004
CCPR1                             00000015
CCPR1H                            00000016
CCPR1L                            00000015
CCPR2                             0000001B
CCPR2H                            0000001C
CCPR2L                            0000001B
CHS0                              00000003
MPASM 5.86                          PIC1.ASM   8-6-2020  19:12:57         PAGE  6


SYMBOL TABLE
  LABEL                             VALUE 

CHS1                              00000004
CHS2                              00000005
CIS                               00000003
CKE                               00000006
CKP                               00000004
CM0                               00000000
CM1                               00000001
CM2                               00000002
CMCON                             0000009C
CMIE                              00000006
CMIF                              00000006
COM_SERIAL                        00000040
CREN                              00000004
CSRC                              00000007
CVR0                              00000000
CVR1                              00000001
CVR2                              00000002
CVR3                              00000003
CVRCON                            0000009D
CVREN                             00000007
CVROE                             00000006
CVRR                              00000005
D                                 00000005
DATA_ADDRESS                      00000005
DC                                00000001
D_A                               00000005
D_NOT_A                           00000005
EEADR                             0000010D
EEADRH                            0000010F
EECON1                            0000018C
EECON2                            0000018D
EEDATA                            0000010C
EEDATH                            0000010E
EEIE                              00000004
EEIF                              00000004
EEPGD                             00000007
F                                 00000001
FERR                              00000002
FSR                               00000004
GCEN                              00000007
GIE                               00000007
GO                                00000002
GO_DONE                           00000002
GO_NOT_DONE                       00000002
I2C_DATA                          00000005
I2C_READ                          00000002
I2C_START                         00000003
I2C_STOP                          00000004
IBF                               00000007
IBOV                              00000005
INDF                              00000000
INICIO                            00000018
INTCON                            0000000B
MPASM 5.86                          PIC1.ASM   8-6-2020  19:12:57         PAGE  7


SYMBOL TABLE
  LABEL                             VALUE 

INTE                              00000004
INTEDG                            00000006
INTERRUPTS                        00000004
INTF                              00000001
IRP                               00000007
MAIN                              00000040
MANUAL                            00000040
NIVEL_DE_AGUA                     00000040
NOMBRE_1                          00000020
NOMBRE_2                          00000021
NOMBRE_3                          00000022
NOT_A                             00000005
NOT_ADDRESS                       00000005
NOT_BO                            00000000
NOT_BOR                           00000000
NOT_DONE                          00000002
NOT_PD                            00000003
NOT_POR                           00000001
NOT_RBPU                          00000007
NOT_RC8                           00000006
NOT_T1SYNC                        00000002
NOT_TO                            00000004
NOT_TX8                           00000006
NOT_W                             00000002
NOT_WRITE                         00000002
OBF                               00000006
OERR                              00000001
OK                                00000010
OPTION_REG                        00000081
P                                 00000004
PCFG0                             00000000
PCFG1                             00000001
PCFG2                             00000002
PCFG3                             00000003
PCL                               00000002
PCLATH                            0000000A
PCON                              0000008E
PEIE                              00000006
PEN                               00000002
PIE1                              0000008C
PIE2                              0000008D
PIR1                              0000000C
PIR2                              0000000D
PORTA                             00000005
PORTB                             00000006
PORTC                             00000007
PORTD                             00000008
PORTE                             00000009
PR2                               00000092
PRESION_CALLE                     00000040
PS0                               00000000
PS1                               00000001
PS2                               00000002
MPASM 5.86                          PIC1.ASM   8-6-2020  19:12:57         PAGE  8


SYMBOL TABLE
  LABEL                             VALUE 

PSA                               00000003
PSPIE                             00000007
PSPIF                             00000007
PSPMODE                           00000004
R                                 00000002
RA0                               00000000
RA1                               00000001
RA2                               00000002
RA3                               00000003
RA4                               00000004
RA5                               00000005
RB0                               00000000
RB1                               00000001
RB2                               00000002
RB3                               00000003
RB4                               00000004
RB5                               00000005
RB6                               00000006
RB7                               00000007
RBIE                              00000003
RBIF                              00000000
RC0                               00000000
RC1                               00000001
RC2                               00000002
RC3                               00000003
RC4                               00000004
RC5                               00000005
RC6                               00000006
RC7                               00000007
RC8_9                             00000006
RC9                               00000006
RCD8                              00000000
RCEN                              00000003
RCIE                              00000005
RCIF                              00000005
RCREG                             0000001A
RCSTA                             00000018
RD                                00000000
RD0                               00000000
RD1                               00000001
RD2                               00000002
RD3                               00000003
RD4                               00000004
RD5                               00000005
RD6                               00000006
RD7                               00000007
RE0                               00000000
RE1                               00000001
RE2                               00000002
READ_WRITE                        00000002
RP0                               00000005
RP1                               00000006
RSEN                              00000001
MPASM 5.86                          PIC1.ASM   8-6-2020  19:12:57         PAGE  9


SYMBOL TABLE
  LABEL                             VALUE 

RX9                               00000006
RX9D                              00000000
R_NOT_W                           00000002
R_W                               00000002
S                                 00000003
SEN                               00000000
SMP                               00000007
SPBRG                             00000099
SPEN                              00000007
SREN                              00000005
SSPADD                            00000093
SSPBUF                            00000013
SSPCON                            00000014
SSPCON2                           00000091
SSPEN                             00000005
SSPIE                             00000003
SSPIF                             00000003
SSPM0                             00000000
SSPM1                             00000001
SSPM2                             00000002
SSPM3                             00000003
SSPOV                             00000006
SSPSTAT                           00000094
STATUS                            00000003
SYNC                              00000004
T0CS                              00000005
T0IE                              00000005
T0IF                              00000002
T0SE                              00000004
T1CKPS0                           00000004
T1CKPS1                           00000005
T1CON                             00000010
T1INSYNC                          00000002
T1OSCEN                           00000003
T1SYNC                            00000002
T2CKPS0                           00000000
T2CKPS1                           00000001
T2CON                             00000012
TMR0                              00000001
TMR0IE                            00000005
TMR0IF                            00000002
TMR1                              0000000E
TMR1CS                            00000001
TMR1H                             0000000F
TMR1IE                            00000000
TMR1IF                            00000000
TMR1L                             0000000E
TMR1ON                            00000000
TMR2                              00000011
TMR2IE                            00000001
TMR2IF                            00000001
TMR2ON                            00000002
TOUTPS0                           00000003
MPASM 5.86                          PIC1.ASM   8-6-2020  19:12:57         PAGE 10


SYMBOL TABLE
  LABEL                             VALUE 

TOUTPS1                           00000004
TOUTPS2                           00000005
TOUTPS3                           00000006
TRISA                             00000085
TRISA0                            00000000
TRISA1                            00000001
TRISA2                            00000002
TRISA3                            00000003
TRISA4                            00000004
TRISA5                            00000005
TRISB                             00000086
TRISB0                            00000000
TRISB1                            00000001
TRISB2                            00000002
TRISB3                            00000003
TRISB4                            00000004
TRISB5                            00000005
TRISB6                            00000006
TRISB7                            00000007
TRISC                             00000087
TRISC0                            00000000
TRISC1                            00000001
TRISC2                            00000002
TRISC3                            00000003
TRISC4                            00000004
TRISC5                            00000005
TRISC6                            00000006
TRISC7                            00000007
TRISD                             00000088
TRISD0                            00000000
TRISD1                            00000001
TRISD2                            00000002
TRISD3                            00000003
TRISD4                            00000004
TRISD5                            00000005
TRISD6                            00000006
TRISD7                            00000007
TRISE                             00000089
TRISE0                            00000000
TRISE1                            00000001
TRISE2                            00000002
TRMT                              00000001
TX8_9                             00000006
TX9                               00000006
TX9D                              00000000
TXD8                              00000000
TXEN                              00000005
TXIE                              00000004
TXIF                              00000004
TXREG                             00000019
TXSTA                             00000098
UA                                00000001
W                                 00000000
MPASM 5.86                          PIC1.ASM   8-6-2020  19:12:57         PAGE 11


SYMBOL TABLE
  LABEL                             VALUE 

WCOL                              00000007
WR                                00000001
WREN                              00000002
WRERR                             00000003
Z                                 00000002
_BODEN_OFF                        00003FBF
_BODEN_ON                         00003FFF
_BOREN_OFF                        00003FBF
_BOREN_ON                         00003FFF
_CONFIG                           00002007
_CPD_OFF                          00003FFF
_CPD_ON                           00003EFF
_CP_ALL                           00001FFF
_CP_OFF                           00003FFF
_CP_ON                            00001FFF
_DEBUG_OFF                        00003FFF
_DEBUG_ON                         000037FF
_DEVID1                           00002006
_FOSC_EXTRC                       00003FFF
_FOSC_HS                          00003FFE
_FOSC_LP                          00003FFC
_FOSC_XT                          00003FFD
_HS_OSC                           00003FFE
_IDLOC0                           00002000
_IDLOC1                           00002001
_IDLOC2                           00002002
_IDLOC3                           00002003
_LP_OSC                           00003FFC
_LVP_OFF                          00003F7F
_LVP_ON                           00003FFF
_PWRTE_OFF                        00003FFF
_PWRTE_ON                         00003FF7
_RC_OSC                           00003FFF
_WDTE_OFF                         00003FFB
_WDTE_ON                          00003FFF
_WDT_OFF                          00003FFB
_WDT_ON                           00003FFF
_WRT_1FOURTH                      00003BFF
_WRT_256                          00003DFF
_WRT_HALF                         000039FF
_WRT_OFF                          00003FFF
_XT_OSC                           00003FFD
__16F877A                         00000001

Errors   :     0
Warnings :     5 reported,     0 suppressed
Messages :    10 reported,     0 suppressed

