MPASM 5.86                        TINACO.ASM   8-6-2020  22:19:26         PAGE  1


LOC  OBJECT CODE     LINE SOURCE TEXT
  VALUE

Warning[205]: Found directive in column 1. (LIST)
                      00001 LIST P=16f877a;     INDICANDO PROCESADOR
                      00002 ;INCLUYENDO LAS LIBRERIA QUE VAMOS A UTILIZAR
                      00003     #include "p16f877a.inc"    
                      00001         LIST
                      00002 
                      00003 ;==========================================================================
                      00004 ; Build date : Oct 24 2019
                      00005 ;  MPASM PIC16F877A processor include
                      00006 ; 
                      00007 ;  (c) Copyright 1999-2019 Microchip Technology, All rights reserved
                      00008 ;==========================================================================
                      00009 
                      00567         LIST
                      00004 
                      00005 ; CONFIG. DEL CLOCK A 20MHZ, WATCHDOG DESHABILITADO Y POWER-UP TIMER ON
2007   3F72           00006     __CONFIG _FOSC_HS & _WDTE_OFF & _PWRTE_ON & _BOREN_ON & _LVP_OFF & _CPD_OFF & _WRT_OFF & _CP_OFF
                      00007 
                      00008 ;* DEFINICION DE VARIABLES Y SU ALMACENAMIENTO
                      00009 ;*
                      00010     CBLOCK 0xA0
  000000A0            00011         NIVEL   ; VARIABLE 1
                      00012     ENDC
                      00013 
                      00014     ORG 0X00
0000   1303           00015     BCF STATUS,RP1;
0001   1283           00016     BCF STATUS,RP0;                             CAMBIO DE BANCO
0002   2???           00017     GOTO        INICIO
                      00018     ORG 0X04
0004   0009           00019     RETFIE
0005                  00020 INICIO:                                         
                      00021 ; ******************************************************************************
                      00022 ;***********************  TINACO ***********************************************/
                      00023 
0005   1303           00024                 BCF             STATUS,RP1;
0006   1683           00025                 BSF             STATUS,RP0;             CAMBIO DE BANCO
                      00026                                                                 ;BANCO 1
                      00027 
                      00028 ;SERIAL
Message[302]: Register in operand not in bank 0.  Ensure that bank bits are correct.
0007   1307           00029                 BCF TRISC,6;        TX PIN COMO SALIDA
Message[302]: Register in operand not in bank 0.  Ensure that bank bits are correct.
0008   1787           00030                 BSF TRISC,7;        RX PIN COMO INPUT
0009   3081           00031                 MOVLW h'81';        X=129
Message[302]: Register in operand not in bank 0.  Ensure that bank bits are correct.
000A   0099           00032                 MOVWF SPBRG;        CONFIGURANDO EL BAUD RATE A 9600 BAUD/S CON EL CLOCK DE 20MHZ
000B   3026           00033                 MOVLW h'26';        TXEN=1, BRGH=1, TRMT=1, ESTE ES READ ONLY, PERO AJA, SIN PARIDAD
Message[302]: Register in operand not in bank 0.  Ensure that bank bits are correct.
000C   0098           00034                 MOVWF TXSTA;        CONFIGURANDO TXSTA COMO ASINCRONO
                      00035 
000D   30C0           00036                 MOVLW h'C0'
000E   008B           00037                 MOVWF INTCON; HABILITANDO GIE Y PEIE, esto tampoco hace nada
Message[302]: Register in operand not in bank 0.  Ensure that bank bits are correct.
MPASM 5.86                        TINACO.ASM   8-6-2020  22:19:26         PAGE  2


LOC  OBJECT CODE     LINE SOURCE TEXT
  VALUE

000F   168C           00038                 BSF PIE1,RCIE
0010   1303           00039                 BCF STATUS, RP1
0011   1283           00040                 BCF STATUS, RP0;    CAMBIO A BANCO 0
                      00041 
0012   3090           00042                 MOVLW h'90'
0013   0098           00043                 MOVWF RCSTA;        CONFIGURANDO EL RCSTA PARA ASINCRONO
0014   128C           00044                 BCF PIR1, RCIF;     LIMPIANDO LA BANDERA DE RECEPCION, no hace nada
0015   1683           00045                 BSF STATUS,RP0                                  
                      00046 ;TINACO
Message[302]: Register in operand not in bank 0.  Ensure that bank bits are correct.
0016   1405           00047                 BSF             TRISA,0;                RA0 ENTRADA
Message[302]: Register in operand not in bank 0.  Ensure that bank bits are correct.
0017   159F           00048                 BSF             ADCON1,3
Message[302]: Register in operand not in bank 0.  Ensure that bank bits are correct.
0018   151F           00049                 BSF             ADCON1,2
Message[302]: Register in operand not in bank 0.  Ensure that bank bits are correct.
0019   149F           00050                 BSF             ADCON1,1
Message[302]: Register in operand not in bank 0.  Ensure that bank bits are correct.
001A   101F           00051                 BCF             ADCON1,0;               1110 -> RA0 AN0 = ANALOGO
Message[302]: Register in operand not in bank 0.  Ensure that bank bits are correct.
001B   171F           00052                 BSF             ADCON1,6;               
Message[302]: Register in operand not in bank 0.  Ensure that bank bits are correct.
001C   139F           00053                 BCF             ADCON1,7;               JUSTIFICACION DERLOS PASOS DEBERIAN SER MULTIPLO
                            S DE CUATRO PARA QUE LOS AGARRE???
001D   1283           00054                 BCF             STATUS,RP0
001E   1303           00055                 BCF             STATUS,RP1
001F   179F           00056                 BSF             ADCON0,ADCS1;   CONVERSION DEL RELOJ
0020   131F           00057                 BCF             ADCON0,ADCS0;   FOSC/64
0021   129F           00058                 BCF             ADCON0,CHS2;    SELECCION DEL CANAL ANALOGICO
0022   121F           00059                 BCF             ADCON0,CHS1
0023   119F           00060                 BCF             ADCON0,CHS0;    CANAL AN0
0024   141F           00061                 BSF             ADCON0,0;               ADC ON
                      00062 ;SERIAL
0025                  00063 START:
Warning[202]: Argument out of range.  Least significant bits used.
0025   081E           00064                 MOVF    ADRESH,NIVEL
0026   151F           00065                 BSF             ADCON0,2                ;       GO/!DONE -> 1
                      00066 
0027                  00067 ADC:            
                      00068                                                                 ; NIVEL 1: 0 VOLTIOS < NIVEL < 2.5 VOLTI
                            OS
                      00069                                                                 ; NIVEL 2: 2.5 VOLTIOS < NIVEL < 4 VOLTI
                            OS
                      00070                                                                 ; NIVEL 3: 4 VOLTIOS < NIVEL < 5 VOLTIOS
0027   191F           00071                 BTFSC   ADCON0,2
0028   2???           00072                 GOTO    ADC;                    MIENTRAS CONVERTIMOS
0029   1103           00073                 BCF             STATUS,Z
002A   1003           00074                 BCF             STATUS,C
002B   081E           00075                 MOVF    ADRESH,W;               NIVEL DEL TANQUE
002C   3C80           00076                 SUBLW   D'128';                 TESTEAR CON LA MITAD
002D   1903           00077                 BTFSC   STATUS,Z
002E   2???           00078                 GOTO    MITAD;                  2.5 VOLTIOS DE NIVEL
002F   1C03           00079                 BTFSS   STATUS,C
MPASM 5.86                        TINACO.ASM   8-6-2020  22:19:26         PAGE  3


LOC  OBJECT CODE     LINE SOURCE TEXT
  VALUE

0030   2???           00080                 GOTO    MLLENO;                 NIVEL > 2.5 VOLTIOS
0031   2???           00081                 GOTO    MVACIO;                 NIVEL < 2.5 VOLTIOS
                      00082 
                      00083 
0032                  00084 MITAD:                                                  
0032   2???           00085                 CALL    BOMBAON
                      00086                 ;BTFSS          w,w                             ;
0033   2???           00087                 GOTO    MITAD
0034   2???           00088                 GOTO    START;                  
                      00089 
                      00090 
0035                  00091 MLLENO: 
0035   1103           00092                 BCF             STATUS,Z
0036   1003           00093                 BCF             STATUS,C;               
0037   081E           00094                 MOVF    ADRESH,W;               NIVEL DEL TANQUE
0038   3CCD           00095                 SUBLW   D'205';                 TESTEAR CON 4 VOLTIOS
0039   1903           00096                 BTFSC   STATUS,Z
003A   2???           00097                 GOTO    CUATRO;                 4 VOLTIOS DE NIVEL
003B   1C03           00098                 BTFSS   STATUS,C        
003C   2???           00099                 GOTO    MAYOR4;                 NIVEL > 4 VOLTIOS
003D   2???           00100                 GOTO    NIVEL2;                 NIVEL < 4 VOLTIOS
                      00101 
                      00102                 
003E                  00103 CUATRO: 
003E   2???           00104                 CALL    BOMBAON                 ;           
                      00105                 ;BTFSS                                          ;
003F   2???           00106                 GOTO    CUATRO
0040   2???           00107                 GOTO    START; 
                      00108 
                      00109                 
0041                  00110 MAYOR4:
0041   1103           00111                 BCF             STATUS,Z
0042   1003           00112                 BCF             STATUS,C;       
0043   081E           00113                 MOVF    ADRESH,W;               NIVEL DEL TANQUE
0044   3CFF           00114                 SUBLW   D'255';                 TESTEAR CON 5 VOLTIOS
0045   1903           00115                 BTFSC   STATUS,Z
0046   2???           00116                 GOTO    LLENO;                  5 VOLTIOS DE NIVEL
0047   1C03           00117                 BTFSS   STATUS,C
0048   2???           00118                 GOTO    AGUAAA;                 NIVEL > 5 VOLTIOS
0049   2???           00119                 GOTO    NIVEL3;                 NIVEL < 5 VOLTIOS
                      00120         
                      00121 
004A                  00122 LLENO:
004A   2???           00123         CALL    BOMBAOFF                
                      00124                 ;BTFSC                   ;COMPROBAMOS QUE ESTA APAGADA
004B   2???           00125         GOTO    LLENO
004C   2???           00126                 GOTO    START                           
                      00127 
                      00128 
004D                  00129 NIVEL3:
004D   081E           00130                 MOVF    ADRESH,W
Message[302]: Register in operand not in bank 0.  Ensure that bank bits are correct.
004E   0220           00131                 SUBWF   NIVEL,W                 ;NIVEL PREVIO - NIVEL ACTUAL
MPASM 5.86                        TINACO.ASM   8-6-2020  22:19:26         PAGE  4


LOC  OBJECT CODE     LINE SOURCE TEXT
  VALUE

004F   1903           00132                 BTFSC   STATUS,Z
0050   2???           00133                 GOTO    ABAJO                   ;IGUAL
0051   1C03           00134                 BTFSS   STATUS,C
0052   2???           00135                 GOTO    ARRIBA  ;               ESTAMOS LLENANDO
0053   2???           00136                 GOTO    ABAJO;          YA ESTABAMOS EN 5 VOLTIOS Y VENIMOS BAJANDO     
0054   2???           00137                 GOTO    START                                           
0055                  00138 ABAJO   
0055   2???           00139                 CALL    BOMBAOFF
                      00140                 ;BTFSC
0056   2???           00141                 GOTO    ABAJO
0057   2???           00142                 GOTO    START
0058                  00143 ARRIBA  
0058   2???           00144                 CALL    BOMBAON
                      00145                 ;BTFSC
0059   2???           00146                 GOTO    ARRIBA
005A   2???           00147                 GOTO    START
                      00148 
005B                  00149 AGUAAA:
005B   2???           00150                 CALL    BOMBAOFF                ;DESPIERTA ESTO ES VENEZUELA
                      00151                 ;BTFSC                                  ;ESTE CASO SOLO LO ESTARIAMOS MANEJANDO PARA EL 
                            SUPUESTO ERROR DE
005C   2???           00152                 GOTO    AGUAAA                  ;TENER AGUA DE MAS Y SIMPLEMENTE CERRAMOS LA VALVULA COM
                            O EL LLENO
005D   2???           00153                 GOTO    START
                      00154 
                      00155 
005E                  00156 NIVEL2:
005E   2???           00157                 CALL    BOMBAON                 ;NIVEL 2
                      00158                 ;BTFSS                                  ;TESTEAMOS ESTADO DE LA VALVULA
005F   2???           00159                 GOTO    NIVEL2                                  
0060   2???           00160                 GOTO    START   
                      00161 
                      00162 
0061                  00163 MVACIO: 
0061   1103           00164                 BCF             STATUS,Z
0062   1003           00165                 BCF             STATUS,C;               
0063   081E           00166                 MOVF    ADRESH,W;       NIVEL DEL TANQUE
0064   3C00           00167                 SUBLW   D'0';                   TESTEAR CON 0 VOLTIOS
0065   1903           00168                 BTFSC   STATUS,Z
0066   2???           00169                 GOTO    CRITICO;                0 VOLTIO DE NIVEL
0067   1C03           00170                 BTFSS   STATUS,C
0068   2???           00171                 GOTO    NIVEL1;                 NIVEL > 0 VOLTIOS
0069   2???           00172                 GOTO    CRITICO;        NIVEL < 0 VOLTIOS
                      00173 
                      00174 
006A                  00175 CRITICO:
006A   2???           00176                 CALL    BOMBAOFF                ;TODO MAL
006B   2???           00177                 GOTO    START
                      00178 
006C                  00179 NIVEL1:
006C   2???           00180         CALL    BOMBAON                 ;NIVEL 1
                      00181                 ;BTFSS                                  ;TESTEAMOS 
006D   2???           00182                 GOTO    NIVEL1
MPASM 5.86                        TINACO.ASM   8-6-2020  22:19:26         PAGE  5


LOC  OBJECT CODE     LINE SOURCE TEXT
  VALUE

006E   2???           00183                 GOTO    START
                      00184 
006F                  00185 BOMBAON 
006F   081E           00186                 MOVF    ADRESH,W
Message[302]: Register in operand not in bank 0.  Ensure that bank bits are correct.
0070   0220           00187                 SUBWF   NIVEL,W                 ;NIVEL PREVIO - NIVEL ACTUAL
0071   1903           00188                 BTFSC   STATUS,Z
0072   2???           00189                 GOTO    PRENDE                  ;IGUAL
0073   1C03           00190                 BTFSS   STATUS,C
0074   0008           00191                 RETURN                                  ;               ESTAMOS LLENANDO
0075   2???           00192                 GOTO    PRENDE;                 YA ESTABAMOS EN 5 VOLTIOS Y VENIMOS BAJANDO             
                                                            
0076                  00193 PRENDE  
0076   3001           00194                 MOVLW   0X01
0077   0099           00195                 MOVWF   TXREG
0078   2???           00196                 CALL    TRANSMIT
0079   2???           00197                 GOTO    START
007A                  00198 BOMBAOFF
007A   081E           00199                 MOVF    ADRESH,W
Message[302]: Register in operand not in bank 0.  Ensure that bank bits are correct.
007B   0220           00200                 SUBWF   NIVEL,W                 ;NIVEL PREVIO - NIVEL ACTUAL
007C   1903           00201                 BTFSC   STATUS,Z
007D   0008           00202                 RETURN                                  ;IGUAL
007E   1C03           00203                 BTFSS   STATUS,C
007F   2???           00204                 GOTO    APAGA                   ;               ESTAMOS LLENANDO AHORA APAGAMOS
0080   0008           00205                 RETURN                  
0081                  00206 APAGA
0081   3000           00207                 MOVLW   0X00
0082   0099           00208                 MOVWF   TXREG
0083   2???           00209                 CALL    TRANSMIT;RUTINA DE APAGAR BOMBA
0084   2???           00210                 GOTO    START
0085                  00211 TRANSMIT:
0085   1E0C           00212                 BTFSS PIR1, TXIF;    VERIFICO QUE EL BUFFER ESTÉ VACIO PARA COMENZAR LA TRANSMISIÓN
0086   2???           00213                 GOTO TRANSMIT; HAY QUE LIMPIA           
Warning[203]: Found opcode in column 1. (RETURN)
0087   0008           00214 RETURN
                      00215 
                      00216 
Warning[205]: Found directive in column 1. (END)
3F72                  00217 END
MPASM 5.86                        TINACO.ASM   8-6-2020  22:19:26         PAGE  6


SYMBOL TABLE
  LABEL                             VALUE 

ABAJO                             00000055
ACKDT                             00000005
ACKEN                             00000004
ACKSTAT                           00000006
ADC                               00000027
ADCON0                            0000001F
ADCON1                            0000009F
ADCS0                             00000006
ADCS1                             00000007
ADCS2                             00000006
ADDEN                             00000003
ADFM                              00000007
ADIE                              00000006
ADIF                              00000006
ADON                              00000000
ADRESH                            0000001E
ADRESL                            0000009E
AGUAAA                            0000005B
APAGA                             00000081
ARRIBA                            00000058
BCLIE                             00000003
BCLIF                             00000003
BF                                00000000
BOMBAOFF                          0000007A
BOMBAON                           0000006F
BRGH                              00000002
C                                 00000000
C1INV                             00000004
C1OUT                             00000006
C2INV                             00000005
C2OUT                             00000007
CCP1CON                           00000017
CCP1IE                            00000002
CCP1IF                            00000002
CCP1M0                            00000000
CCP1M1                            00000001
CCP1M2                            00000002
CCP1M3                            00000003
CCP1X                             00000005
CCP1Y                             00000004
CCP2CON                           0000001D
CCP2IE                            00000000
CCP2IF                            00000000
CCP2M0                            00000000
CCP2M1                            00000001
CCP2M2                            00000002
CCP2M3                            00000003
CCP2X                             00000005
CCP2Y                             00000004
CCPR1                             00000015
CCPR1H                            00000016
CCPR1L                            00000015
CCPR2                             0000001B
MPASM 5.86                        TINACO.ASM   8-6-2020  22:19:26         PAGE  7


SYMBOL TABLE
  LABEL                             VALUE 

CCPR2H                            0000001C
CCPR2L                            0000001B
CHS0                              00000003
CHS1                              00000004
CHS2                              00000005
CIS                               00000003
CKE                               00000006
CKP                               00000004
CM0                               00000000
CM1                               00000001
CM2                               00000002
CMCON                             0000009C
CMIE                              00000006
CMIF                              00000006
CREN                              00000004
CRITICO                           0000006A
CSRC                              00000007
CUATRO                            0000003E
CVR0                              00000000
CVR1                              00000001
CVR2                              00000002
CVR3                              00000003
CVRCON                            0000009D
CVREN                             00000007
CVROE                             00000006
CVRR                              00000005
D                                 00000005
DATA_ADDRESS                      00000005
DC                                00000001
D_A                               00000005
D_NOT_A                           00000005
EEADR                             0000010D
EEADRH                            0000010F
EECON1                            0000018C
EECON2                            0000018D
EEDATA                            0000010C
EEDATH                            0000010E
EEIE                              00000004
EEIF                              00000004
EEPGD                             00000007
F                                 00000001
FERR                              00000002
FSR                               00000004
GCEN                              00000007
GIE                               00000007
GO                                00000002
GO_DONE                           00000002
GO_NOT_DONE                       00000002
I2C_DATA                          00000005
I2C_READ                          00000002
I2C_START                         00000003
I2C_STOP                          00000004
IBF                               00000007
MPASM 5.86                        TINACO.ASM   8-6-2020  22:19:26         PAGE  8


SYMBOL TABLE
  LABEL                             VALUE 

IBOV                              00000005
INDF                              00000000
INICIO                            00000005
INTCON                            0000000B
INTE                              00000004
INTEDG                            00000006
INTF                              00000001
IRP                               00000007
LLENO                             0000004A
MAYOR4                            00000041
MITAD                             00000032
MLLENO                            00000035
MVACIO                            00000061
NIVEL                             000000A0
NIVEL1                            0000006C
NIVEL2                            0000005E
NIVEL3                            0000004D
NOT_A                             00000005
NOT_ADDRESS                       00000005
NOT_BO                            00000000
NOT_BOR                           00000000
NOT_DONE                          00000002
NOT_PD                            00000003
NOT_POR                           00000001
NOT_RBPU                          00000007
NOT_RC8                           00000006
NOT_T1SYNC                        00000002
NOT_TO                            00000004
NOT_TX8                           00000006
NOT_W                             00000002
NOT_WRITE                         00000002
OBF                               00000006
OERR                              00000001
OPTION_REG                        00000081
P                                 00000004
PCFG0                             00000000
PCFG1                             00000001
PCFG2                             00000002
PCFG3                             00000003
PCL                               00000002
PCLATH                            0000000A
PCON                              0000008E
PEIE                              00000006
PEN                               00000002
PIE1                              0000008C
PIE2                              0000008D
PIR1                              0000000C
PIR2                              0000000D
PORTA                             00000005
PORTB                             00000006
PORTC                             00000007
PORTD                             00000008
PORTE                             00000009
MPASM 5.86                        TINACO.ASM   8-6-2020  22:19:26         PAGE  9


SYMBOL TABLE
  LABEL                             VALUE 

PR2                               00000092
PRENDE                            00000076
PS0                               00000000
PS1                               00000001
PS2                               00000002
PSA                               00000003
PSPIE                             00000007
PSPIF                             00000007
PSPMODE                           00000004
R                                 00000002
RA0                               00000000
RA1                               00000001
RA2                               00000002
RA3                               00000003
RA4                               00000004
RA5                               00000005
RB0                               00000000
RB1                               00000001
RB2                               00000002
RB3                               00000003
RB4                               00000004
RB5                               00000005
RB6                               00000006
RB7                               00000007
RBIE                              00000003
RBIF                              00000000
RC0                               00000000
RC1                               00000001
RC2                               00000002
RC3                               00000003
RC4                               00000004
RC5                               00000005
RC6                               00000006
RC7                               00000007
RC8_9                             00000006
RC9                               00000006
RCD8                              00000000
RCEN                              00000003
RCIE                              00000005
RCIF                              00000005
RCREG                             0000001A
RCSTA                             00000018
RD                                00000000
RD0                               00000000
RD1                               00000001
RD2                               00000002
RD3                               00000003
RD4                               00000004
RD5                               00000005
RD6                               00000006
RD7                               00000007
RE0                               00000000
RE1                               00000001
MPASM 5.86                        TINACO.ASM   8-6-2020  22:19:26         PAGE 10


SYMBOL TABLE
  LABEL                             VALUE 

RE2                               00000002
READ_WRITE                        00000002
RP0                               00000005
RP1                               00000006
RSEN                              00000001
RX9                               00000006
RX9D                              00000000
R_NOT_W                           00000002
R_W                               00000002
S                                 00000003
SEN                               00000000
SMP                               00000007
SPBRG                             00000099
SPEN                              00000007
SREN                              00000005
SSPADD                            00000093
SSPBUF                            00000013
SSPCON                            00000014
SSPCON2                           00000091
SSPEN                             00000005
SSPIE                             00000003
SSPIF                             00000003
SSPM0                             00000000
SSPM1                             00000001
SSPM2                             00000002
SSPM3                             00000003
SSPOV                             00000006
SSPSTAT                           00000094
START                             00000025
STATUS                            00000003
SYNC                              00000004
T0CS                              00000005
T0IE                              00000005
T0IF                              00000002
T0SE                              00000004
T1CKPS0                           00000004
T1CKPS1                           00000005
T1CON                             00000010
T1INSYNC                          00000002
T1OSCEN                           00000003
T1SYNC                            00000002
T2CKPS0                           00000000
T2CKPS1                           00000001
T2CON                             00000012
TMR0                              00000001
TMR0IE                            00000005
TMR0IF                            00000002
TMR1                              0000000E
TMR1CS                            00000001
TMR1H                             0000000F
TMR1IE                            00000000
TMR1IF                            00000000
TMR1L                             0000000E
MPASM 5.86                        TINACO.ASM   8-6-2020  22:19:26         PAGE 11


SYMBOL TABLE
  LABEL                             VALUE 

TMR1ON                            00000000
TMR2                              00000011
TMR2IE                            00000001
TMR2IF                            00000001
TMR2ON                            00000002
TOUTPS0                           00000003
TOUTPS1                           00000004
TOUTPS2                           00000005
TOUTPS3                           00000006
TRANSMIT                          00000085
TRISA                             00000085
TRISA0                            00000000
TRISA1                            00000001
TRISA2                            00000002
TRISA3                            00000003
TRISA4                            00000004
TRISA5                            00000005
TRISB                             00000086
TRISB0                            00000000
TRISB1                            00000001
TRISB2                            00000002
TRISB3                            00000003
TRISB4                            00000004
TRISB5                            00000005
TRISB6                            00000006
TRISB7                            00000007
TRISC                             00000087
TRISC0                            00000000
TRISC1                            00000001
TRISC2                            00000002
TRISC3                            00000003
TRISC4                            00000004
TRISC5                            00000005
TRISC6                            00000006
TRISC7                            00000007
TRISD                             00000088
TRISD0                            00000000
TRISD1                            00000001
TRISD2                            00000002
TRISD3                            00000003
TRISD4                            00000004
TRISD5                            00000005
TRISD6                            00000006
TRISD7                            00000007
TRISE                             00000089
TRISE0                            00000000
TRISE1                            00000001
TRISE2                            00000002
TRMT                              00000001
TX8_9                             00000006
TX9                               00000006
TX9D                              00000000
TXD8                              00000000
MPASM 5.86                        TINACO.ASM   8-6-2020  22:19:26         PAGE 12


SYMBOL TABLE
  LABEL                             VALUE 

TXEN                              00000005
TXIE                              00000004
TXIF                              00000004
TXREG                             00000019
TXSTA                             00000098
UA                                00000001
W                                 00000000
WCOL                              00000007
WR                                00000001
WREN                              00000002
WRERR                             00000003
Z                                 00000002
_BODEN_OFF                        00003FBF
_BODEN_ON                         00003FFF
_BOREN_OFF                        00003FBF
_BOREN_ON                         00003FFF
_CONFIG                           00002007
_CPD_OFF                          00003FFF
_CPD_ON                           00003EFF
_CP_ALL                           00001FFF
_CP_OFF                           00003FFF
_CP_ON                            00001FFF
_DEBUG_OFF                        00003FFF
_DEBUG_ON                         000037FF
_DEVID1                           00002006
_FOSC_EXTRC                       00003FFF
_FOSC_HS                          00003FFE
_FOSC_LP                          00003FFC
_FOSC_XT                          00003FFD
_HS_OSC                           00003FFE
_IDLOC0                           00002000
_IDLOC1                           00002001
_IDLOC2                           00002002
_IDLOC3                           00002003
_LP_OSC                           00003FFC
_LVP_OFF                          00003F7F
_LVP_ON                           00003FFF
_PWRTE_OFF                        00003FFF
_PWRTE_ON                         00003FF7
_RC_OSC                           00003FFF
_WDTE_OFF                         00003FFB
_WDTE_ON                          00003FFF
_WDT_OFF                          00003FFB
_WDT_ON                           00003FFF
_WRT_1FOURTH                      00003BFF
_WRT_256                          00003DFF
_WRT_HALF                         000039FF
_WRT_OFF                          00003FFF
_XT_OSC                           00003FFD
__16F877A                         00000001

MPASM 5.86                        TINACO.ASM   8-6-2020  22:19:26         PAGE 13





Errors   :     0
Warnings :     4 reported,     0 suppressed
Messages :    15 reported,     0 suppressed

