MPASM  5.42                      UPDOWN~1.ASM   7-28-2020  4:06:40         PAGE  1


LOC  OBJECT CODE     LINE SOURCE TEXT
  VALUE

Warning[205]: Found directive in column 1. (list)
                      00001 list p=16F84
                      00002 #include "p16f84.inc"     ; This includes PIC16F84 definitions for the MPASM assembler
                      00001         LIST
                      00002 
                      00003 ;==========================================================================
                      00004 ;  MPASM PIC16F84 processor include
                      00005 ; 
                      00006 ;  (c) Copyright 1999-2011 Microchip Technology, All rights reserved
                      00007 ;==========================================================================
                      00008 
                      00199         LIST
                      00003 ;**************************************************************
                      00004 ;*
                      00005 ;* PIN Assignment
                      00006 ;*      ----------------------------------      
                      00007 ;*      PORTA:
                      00008 ;*              0 IN
                      00009 ;*              1 IN
                      00010 ;*              2 IN
                      00011 ;*              3 IN
                      00012 ;*              4 IN
                      00013 ;*      PORTB:
                      00014 ;*              0 LED      
                      00015 ;*              1 LED       
                      00016 ;*              2 LED       
                      00017 ;*              3 LED        
                      00018 ;*              4 LED       
                      00019 ;*              5 LED       
                      00020 ;*              6 LED       
                      00021 ;*              7 LED       
                      00022 ;*
                      00023 ; Declare variables **************************************************************
                      00024 ;
  0000001A            00025 DELAYCOUNT1             EQU             0x1A    ; VARIABLES USED IN DELAY CALLS
  0000001B            00026 DELAYCOUNT2             EQU             0x1B    ; VARIABLES USED IN DELAY CALLS
  0000001C            00027 Counter                 EQU             0x1C
                      00028 
                      00029 
                      00030 ;INIT **************************************************************
                      00031 
                      00032 ; Set Port B for output and Port A for input    
0000   1683           00033         BSF             STATUS,RP0              ; BANK 1
0001   3000           00034         MOVLW   0x00                       
Message[302]: Register in operand not in bank 0.  Ensure that bank bits are correct.
0002   0086           00035         MOVWF   TRISB                   ; ENABLE PORT B AS OUTPUT
0003   301F           00036         MOVLW   0x1F                       
Message[302]: Register in operand not in bank 0.  Ensure that bank bits are correct.
0004   0085           00037         MOVWF   TRISA                   ; ENABLE PORT A AS INPUT
0005   1283           00038         BCF             STATUS,RP0              ; BANK 0
                      00039         
                      00040 ; Turn Off display (inverted logic) and set counter to 0
0006   30FF           00041         MOVLW   0xFF                     
MPASM  5.42                      UPDOWN~1.ASM   7-28-2020  4:06:40         PAGE  2


LOC  OBJECT CODE     LINE SOURCE TEXT
  VALUE

0007   0086           00042         MOVWF   PORTB
0008   3000           00043         MOVLW   0x00    
0009   009C           00044         MOVWF   Counter
                      00045 
                      00046 
                      00047         
                      00048 ; Main loop **************************************************************
000A                  00049 Loop
000A   2038           00050         CALL    DELAY                   ; delay loop execution
000B   1805           00051         BTFSC   PORTA, 0        ; read RA0
000C   280E           00052     GOTO    Display_OFF ; if RA0 High
000D   2813           00053     GOTO    Counter_Start   ; if RA0 Low
                      00054     
                      00055     
000E                  00056 Display_OFF                                     ; turn display off and reset counter
000E   30FF           00057         MOVLW   0xFF               
000F   0086           00058         MOVWF   PORTB
0010   3000           00059         MOVLW   0x00    
0011   009C           00060         MOVWF   Counter
0012   280A           00061         GOTO    Loop
                      00062     
                      00063     
0013                  00064 Counter_Start
0013   1885           00065         BTFSC   PORTA, 1        ; read RA1
0014   281A           00066         GOTO    CountDown               ; if RA1 High
0015   2816           00067         GOTO    CountUp                 ; if RA1 Low
                      00068         
0016                  00069 CountUp
0016   0A9C           00070         INCF    Counter,1       ; increment counter by 1        
0017   1E1C           00071         BTFSS   Counter,4               ; check for overflow >F
0018   2823           00072         GOTO    Display                 ; if counter <=F
0019   281E           00073         GOTO    Reset_INC               ; if counter >F
                      00074         
001A                  00075 CountDown
001A   039C           00076         DECF    Counter,1       ; decrement counter by 1
001B   1E9C           00077         BTFSS   Counter,5               ; check for overflow <0
001C   2823           00078         GOTO    Display                 ; if counter >=0
001D   2821           00079         GOTO    Reset_DEC               ; if counter <0
                      00080 
001E                  00081 Reset_INC                                       ; reset counter to 0 after INC overflow
001E   3000           00082         MOVLW   0x00    
001F   009C           00083         MOVWF   Counter 
0020   2823           00084         GOTO    Display
0021                  00085 Reset_DEC                                       ; reset counter to F after DEC overflow
0021   300F           00086         MOVLW   0x0F    
0022   009C           00087         MOVWF   Counter
0023                  00088 Display                                         ; Display counter on 7-segment-display
0023   2026           00089         CALL    Segmente
0024   0086           00090         MOVWF   PORTB
0025   280A           00091         GOTO    Loop
                      00092 
                      00093         
                      00094 ; Lookup table for 7-Segment Display (inverted logic)***************************************** 
MPASM  5.42                      UPDOWN~1.ASM   7-28-2020  4:06:40         PAGE  3


LOC  OBJECT CODE     LINE SOURCE TEXT
  VALUE

0026                  00095 Segmente 
0026   081C           00096         MOVF    Counter,0 
0027   0782           00097         addwf   PCL, f 
                      00098  ;            76543210
0028   34C0           00099         retlw   B'11000000' ; 0 C0
0029   34F9           00100         retlw   B'11111001' ; 1 F9
002A   34A4           00101         retlw   B'10100100' ; 2 A4
002B   34B0           00102         retlw   B'10110000' ; 3 B0
002C   3499           00103         retlw   B'10011001' ; 4 99
002D   3492           00104         retlw   B'10010010' ; 5 92
002E   3482           00105         retlw   B'10000010' ; 6 82
002F   34F8           00106         retlw   B'11111000' ; 7 F8
0030   3480           00107         retlw   B'10000000' ; 8 80
0031   3490           00108         retlw   B'10010000' ; 9 90
0032   3488           00109         retlw   B'10001000' ; A 88
0033   3483           00110         retlw   B'10000011' ; B 83
0034   34C6           00111         retlw   B'11000110' ; C C6
0035   34A1           00112         retlw   B'10100001' ; D A1
0036   3486           00113         retlw   B'10000110' ; E 86
0037   348E           00114         retlw   B'10001110' ; F 8E
                      00115         
                      00116                 
                      00117 
                      00118 ; Delay Call ***************************************** 
                      00119 ; A DELAY IS NEEDED, LONG ENOUGH TO WRITE INTO EEPROM
0038                  00120 DELAY
0038   30F7           00121         MOVLW   0xF7                    ; SET/RESET COUNTER
0039   009A           00122         MOVWF   DELAYCOUNT1
003A   30AA           00123         MOVLW   0xAA                    ;SET COUNTER DELAYCOUNT2 TO 0
003B                  00124 DELAYLOOP1
003B   009B           00125         MOVWF   DELAYCOUNT2
003C                  00126 DELAYLOOP2
003C   0F9B           00127         INCFSZ  DELAYCOUNT2,1
003D   283C           00128         GOTO    DELAYLOOP2
003E   0F9A           00129         INCFSZ  DELAYCOUNT1,1
003F   283B           00130         GOTO    DELAYLOOP1
0040   0008           00131         RETURN
                      00132 
                      00133 
                      00134         end
MPASM  5.42                      UPDOWN~1.ASM   7-28-2020  4:06:40         PAGE  4


SYMBOL TABLE
  LABEL                             VALUE 

C                                 00000000
CountDown                         0000001A
CountUp                           00000016
Counter                           0000001C
Counter_Start                     00000013
DC                                00000001
DELAY                             00000038
DELAYCOUNT1                       0000001A
DELAYCOUNT2                       0000001B
DELAYLOOP1                        0000003B
DELAYLOOP2                        0000003C
Display                           00000023
Display_OFF                       0000000E
EEADR                             00000009
EECON1                            00000088
EECON2                            00000089
EEDATA                            00000008
EEIE                              00000006
EEIF                              00000004
F                                 00000001
FSR                               00000004
GIE                               00000007
INDF                              00000000
INTCON                            0000000B
INTE                              00000004
INTEDG                            00000006
INTF                              00000001
IRP                               00000007
Loop                              0000000A
NOT_PD                            00000003
NOT_RBPU                          00000007
NOT_TO                            00000004
OPTION_REG                        00000081
PCL                               00000002
PCLATH                            0000000A
PORTA                             00000005
PORTB                             00000006
PS0                               00000000
PS1                               00000001
PS2                               00000002
PSA                               00000003
RA0                               00000000
RA1                               00000001
RA2                               00000002
RA3                               00000003
RA4                               00000004
RB0                               00000000
RB1                               00000001
RB2                               00000002
RB3                               00000003
RB4                               00000004
RB5                               00000005
RB6                               00000006
MPASM  5.42                      UPDOWN~1.ASM   7-28-2020  4:06:40         PAGE  5


SYMBOL TABLE
  LABEL                             VALUE 

RB7                               00000007
RBIE                              00000003
RBIF                              00000000
RD                                00000000
RP0                               00000005
RP1                               00000006
Reset_DEC                         00000021
Reset_INC                         0000001E
STATUS                            00000003
Segmente                          00000026
T0CS                              00000005
T0IE                              00000005
T0IF                              00000002
T0SE                              00000004
TMR0                              00000001
TMR0IE                            00000005
TMR0IF                            00000002
TRISA                             00000085
TRISA0                            00000000
TRISA1                            00000001
TRISA2                            00000002
TRISA3                            00000003
TRISA4                            00000004
TRISB                             00000086
TRISB0                            00000000
TRISB1                            00000001
TRISB2                            00000002
TRISB3                            00000003
TRISB4                            00000004
TRISB5                            00000005
TRISB6                            00000006
TRISB7                            00000007
W                                 00000000
WR                                00000001
WREN                              00000002
WRERR                             00000003
Z                                 00000002
_CONFIG                           00002007
_CP_OFF                           00003FFF
_CP_ON                            0000000F
_HS_OSC                           00003FFE
_IDLOC0                           00002000
_IDLOC1                           00002001
_IDLOC2                           00002002
_IDLOC3                           00002003
_LP_OSC                           00003FFC
_PWRTE_OFF                        00003FFF
_PWRTE_ON                         00003FF7
_RC_OSC                           00003FFF
_WDT_OFF                          00003FFB
_WDT_ON                           00003FFF
_XT_OSC                           00003FFD
__16F84                           00000001
MPASM  5.42                      UPDOWN~1.ASM   7-28-2020  4:06:40         PAGE  6


MEMORY USAGE MAP ('X' = Used,  '-' = Unused)


0000 : XXXXXXXXXXXXXXXX XXXXXXXXXXXXXXXX XXXXXXXXXXXXXXXX XXXXXXXXXXXXXXXX
0040 : X--------------- ---------------- ---------------- ----------------

All other memory blocks unused.

Program Memory Words Used:    65
Program Memory Words Free:   959


Errors   :     0
Warnings :     1 reported,     0 suppressed
Messages :     2 reported,     0 suppressed

