MPASM  5.51                            ED.ASM   7-29-2020  19:03:15         PAGE  1


LOC  OBJECT CODE     LINE SOURCE TEXT
  VALUE

Warning[205]: Found directive in column 1. (list)
                      00001 list p=16f84a
                      00002     ; PIC16F84A Configuration Bit Settings
                      00003 ; Assembly source line config statements
                      00004 
                      00005 #include "p16f84a.inc"
                      00001         LIST
                      00002 
                      00003 ;==========================================================================
                      00004 ;  MPASM PIC16F84A processor include
                      00005 ; 
                      00006 ;  (c) Copyright 1999-2013 Microchip Technology, All rights reserved
                      00007 ;==========================================================================
                      00008 
                      00208         LIST
                      00006 
                      00007 ; CONFIG
                      00008 ; __config 0xFFF9
2007   3FF9           00009  __CONFIG _FOSC_XT & _WDTE_OFF & _PWRTE_OFF & _CP_OFF; TODO INSERT CONFIG CODE HERE USING CONFIG BITS GE
                            NERATOR
                      00010     
                      00011 RES_VECT  CODE    0x0000            ; processor reset vector
0000   2???           00012     GOTO    START                   ; go to beginning of program
                      00013  
                      00014 ; TODO ADD INTERRUPTS HERE IF USED
                      00015  
Warning[205]: Found directive in column 1. (CBLOCK)
                      00016 CBLOCK 0x0C
  0000000C            00017     COUNT1
  0000000D            00018     COUNT2
Warning[205]: Found directive in column 1. (ENDC)
                      00019 ENDC
                      00020     
                      00021     
                      00022 MAIN_PROG CODE                      ; let linker place main program
                      00023  
Warning[207]: Found label after column 1. (START)
0000                  00024  START
0000   1683           00025     BSF STATUS, RP0
0001   30FE           00026     MOVLW 0xFE
Message[302]: Register in operand not in bank 0.  Ensure that bank bits are correct.
0002   0086           00027     MOVWF TRISB
0003   1283           00028     BCF STATUS, RP0
                      00029     
Warning[207]: Found label after column 1. (MAIN)
0004                  00030  MAIN
0004   1406           00031     BSF PORTB,0
0005   2???           00032     CALL DELAY
0006   1006           00033     BCF PORTB,0
0007   2???           00034     CALL DELAY
0008   2???           00035     GOTO MAIN
                      00036     
Warning[207]: Found label after column 1. (DELAY)
MPASM  5.51                            ED.ASM   7-29-2020  19:03:15         PAGE  2


LOC  OBJECT CODE     LINE SOURCE TEXT
  VALUE

0009                  00037  DELAY
Warning[207]: Found label after column 1. (LOOP1)
0009   0B8C           00038     LOOP1 DECFSZ COUNT1, 1
000A   2???           00039     GOTO LOOP1
000B   0B8D           00040     DECFSZ COUNT2,1
000C   2???           00041     GOTO LOOP1
000D   0008           00042     RETURN
                      00043  
3FF9                  00044     END
MPASM  5.51                            ED.ASM   7-29-2020  19:03:15         PAGE  3


SYMBOL TABLE
  LABEL                             VALUE 

C                                 00000000
COUNT1                            0000000C
COUNT2                            0000000D
DC                                00000001
DELAY                             00000009
EEADR                             00000009
EECON1                            00000088
EECON2                            00000089
EEDATA                            00000008
EEIE                              00000006
EEIF                              00000004
F                                 00000001
FSR                               00000004
GIE                               00000007
INDF                              00000000
INTCON                            0000000B
INTE                              00000004
INTEDG                            00000006
INTF                              00000001
IRP                               00000007
LOOP1                             00000009
MAIN                              00000004
NOT_PD                            00000003
NOT_RBPU                          00000007
NOT_TO                            00000004
OPTION_REG                        00000081
PCL                               00000002
PCLATH                            0000000A
PORTA                             00000005
PORTB                             00000006
PS0                               00000000
PS1                               00000001
PS2                               00000002
PSA                               00000003
RA0                               00000000
RA1                               00000001
RA2                               00000002
RA3                               00000003
RA4                               00000004
RB0                               00000000
RB1                               00000001
RB2                               00000002
RB3                               00000003
RB4                               00000004
RB5                               00000005
RB6                               00000006
RB7                               00000007
RBIE                              00000003
RBIF                              00000000
RD                                00000000
RP0                               00000005
RP1                               00000006
START                             00000000
MPASM  5.51                            ED.ASM   7-29-2020  19:03:15         PAGE  4


SYMBOL TABLE
  LABEL                             VALUE 

STATUS                            00000003
T0CS                              00000005
T0IE                              00000005
T0IF                              00000002
T0SE                              00000004
TMR0                              00000001
TMR0IE                            00000005
TMR0IF                            00000002
TRISA                             00000085
TRISA0                            00000000
TRISA1                            00000001
TRISA2                            00000002
TRISA3                            00000003
TRISA4                            00000004
TRISB                             00000086
TRISB0                            00000000
TRISB1                            00000001
TRISB2                            00000002
TRISB3                            00000003
TRISB4                            00000004
TRISB5                            00000005
TRISB6                            00000006
TRISB7                            00000007
W                                 00000000
WR                                00000001
WREN                              00000002
WRERR                             00000003
Z                                 00000002
_CONFIG                           00002007
_CP_OFF                           00003FFF
_CP_ON                            0000000F
_DEVID1                           00002006
_FOSC_EXTRC                       00003FFF
_FOSC_HS                          00003FFE
_FOSC_LP                          00003FFC
_FOSC_XT                          00003FFD
_HS_OSC                           00003FFE
_IDLOC0                           00002000
_IDLOC1                           00002001
_IDLOC2                           00002002
_IDLOC3                           00002003
_LP_OSC                           00003FFC
_PWRTE_OFF                        00003FFF
_PWRTE_ON                         00003FF7
_RC_OSC                           00003FFF
_WDTE_OFF                         00003FFB
_WDTE_ON                          00003FFF
_WDT_OFF                          00003FFB
_WDT_ON                           00003FFF
_XT_OSC                           00003FFD
__16F84A                          00000001
__DEBUG                           1

MPASM  5.51                            ED.ASM   7-29-2020  19:03:15         PAGE  5





Errors   :     0
Warnings :     7 reported,     0 suppressed
Messages :     1 reported,     0 suppressed

