Warning[205] C:\USERS\XAVIER\DESKTOP\CIS_PIC1.ASM 18 : Found directive in column 1. (CBLOCK)
Warning[205] C:\USERS\XAVIER\DESKTOP\CIS_PIC1.ASM 22 : Found directive in column 1. (ENDC)
Warning[205] C:\USERS\XAVIER\DESKTOP\CIS_PIC1.ASM 28 : Found directive in column 1. (ORG)
Message[302] C:\USERS\XAVIER\DESKTOP\CIS_PIC1.ASM 37 : Register in operand not in bank 0.  Ensure that bank bits are correct.
Message[302] C:\USERS\XAVIER\DESKTOP\CIS_PIC1.ASM 42 : Register in operand not in bank 0.  Ensure that bank bits are correct.
Message[302] C:\USERS\XAVIER\DESKTOP\CIS_PIC1.ASM 44 : Register in operand not in bank 0.  Ensure that bank bits are correct.
Message[302] C:\USERS\XAVIER\DESKTOP\CIS_PIC1.ASM 56 : Register in operand not in bank 0.  Ensure that bank bits are correct.
Message[302] C:\USERS\XAVIER\DESKTOP\CIS_PIC1.ASM 58 : Register in operand not in bank 0.  Ensure that bank bits are correct.
Message[302] C:\USERS\XAVIER\DESKTOP\CIS_PIC1.ASM 66 : Register in operand not in bank 0.  Ensure that bank bits are correct.
Message[302] C:\USERS\XAVIER\DESKTOP\CIS_PIC1.ASM 71 : Register in operand not in bank 0.  Ensure that bank bits are correct.
Message[302] C:\USERS\XAVIER\DESKTOP\CIS_PIC1.ASM 78 : Register in operand not in bank 0.  Ensure that bank bits are correct.
Warning[203] C:\USERS\XAVIER\DESKTOP\CIS_PIC1.ASM 101 : Found opcode in column 1. (RETURN)
Warning[203] C:\USERS\XAVIER\DESKTOP\CIS_PIC1.ASM 108 : Found opcode in column 1. (RETURN)
Message[302] C:\USERS\XAVIER\DESKTOP\CIS_PIC1.ASM 154 : Register in operand not in bank 0.  Ensure that bank bits are correct.
Message[302] C:\USERS\XAVIER\DESKTOP\CIS_PIC1.ASM 157 : Register in operand not in bank 0.  Ensure that bank bits are correct.
Message[302] C:\USERS\XAVIER\DESKTOP\CIS_PIC1.ASM 158 : Register in operand not in bank 0.  Ensure that bank bits are correct.
Message[302] C:\USERS\XAVIER\DESKTOP\CIS_PIC1.ASM 161 : Register in operand not in bank 0.  Ensure that bank bits are correct.
Message[302] C:\USERS\XAVIER\DESKTOP\CIS_PIC1.ASM 162 : Register in operand not in bank 0.  Ensure that bank bits are correct.
Message[302] C:\USERS\XAVIER\DESKTOP\CIS_PIC1.ASM 163 : Register in operand not in bank 0.  Ensure that bank bits are correct.
Message[302] C:\USERS\XAVIER\DESKTOP\CIS_PIC1.ASM 164 : Register in operand not in bank 0.  Ensure that bank bits are correct.
Message[302] C:\USERS\XAVIER\DESKTOP\CIS_PIC1.ASM 172 : Register in operand not in bank 0.  Ensure that bank bits are correct.
Message[302] C:\USERS\XAVIER\DESKTOP\CIS_PIC1.ASM 173 : Register in operand not in bank 0.  Ensure that bank bits are correct.
Message[302] C:\USERS\XAVIER\DESKTOP\CIS_PIC1.ASM 176 : Register in operand not in bank 0.  Ensure that bank bits are correct.
Message[302] C:\USERS\XAVIER\DESKTOP\CIS_PIC1.ASM 177 : Register in operand not in bank 0.  Ensure that bank bits are correct.
Message[302] C:\USERS\XAVIER\DESKTOP\CIS_PIC1.ASM 181 : Register in operand not in bank 0.  Ensure that bank bits are correct.
Message[302] C:\USERS\XAVIER\DESKTOP\CIS_PIC1.ASM 182 : Register in operand not in bank 0.  Ensure that bank bits are correct.
Message[302] C:\USERS\XAVIER\DESKTOP\CIS_PIC1.ASM 184 : Register in operand not in bank 0.  Ensure that bank bits are correct.
Message[302] C:\USERS\XAVIER\DESKTOP\CIS_PIC1.ASM 186 : Register in operand not in bank 0.  Ensure that bank bits are correct.
Message[302] C:\USERS\XAVIER\DESKTOP\CIS_PIC1.ASM 190 : Register in operand not in bank 0.  Ensure that bank bits are correct.
Message[302] C:\USERS\XAVIER\DESKTOP\CIS_PIC1.ASM 204 : Register in operand not in bank 0.  Ensure that bank bits are correct.
Message[302] C:\USERS\XAVIER\DESKTOP\CIS_PIC1.ASM 205 : Register in operand not in bank 0.  Ensure that bank bits are correct.
Message[302] C:\USERS\XAVIER\DESKTOP\CIS_PIC1.ASM 347 : Register in operand not in bank 0.  Ensure that bank bits are correct.
Message[302] C:\USERS\XAVIER\DESKTOP\CIS_PIC1.ASM 387 : Register in operand not in bank 0.  Ensure that bank bits are correct.
Warning[205] C:\USERS\XAVIER\DESKTOP\CIS_PIC1.ASM 394 : Found directive in column 1. (include)
Warning[205] C:\USERS\XAVIER\DESKTOP\RETARDO.INC 1 : Found directive in column 1. (CBLOCK)
Warning[205] C:\USERS\XAVIER\DESKTOP\RETARDO.INC 5 : Found directive in column 1. (ENDC)
Message[302] C:\USERS\XAVIER\DESKTOP\RETARDO.INC 40 : Register in operand not in bank 0.  Ensure that bank bits are correct.
Message[302] C:\USERS\XAVIER\DESKTOP\RETARDO.INC 43 : Register in operand not in bank 0.  Ensure that bank bits are correct.
Message[302] C:\USERS\XAVIER\DESKTOP\RETARDO.INC 46 : Register in operand not in bank 0.  Ensure that bank bits are correct.
Message[302] C:\USERS\XAVIER\DESKTOP\RETARDO.INC 48 : Register in operand not in bank 0.  Ensure that bank bits are correct.
Message[302] C:\USERS\XAVIER\DESKTOP\RETARDO.INC 74 : Register in operand not in bank 0.  Ensure that bank bits are correct.
Message[302] C:\USERS\XAVIER\DESKTOP\RETARDO.INC 77 : Register in operand not in bank 0.  Ensure that bank bits are correct.
Message[302] C:\USERS\XAVIER\DESKTOP\RETARDO.INC 79 : Register in operand not in bank 0.  Ensure that bank bits are correct.
Message[302] C:\USERS\XAVIER\DESKTOP\RETARDO.INC 81 : Register in operand not in bank 0.  Ensure that bank bits are correct.
Message[302] C:\USERS\XAVIER\DESKTOP\RETARDO.INC 114 : Register in operand not in bank 0.  Ensure that bank bits are correct.
Message[302] C:\USERS\XAVIER\DESKTOP\RETARDO.INC 116 : Register in operand not in bank 0.  Ensure that bank bits are correct.
Warning[205] C:\USERS\XAVIER\DESKTOP\CIS_PIC1.ASM 396 : Found directive in column 1. (END)
