MPASM  5.51                    ADC_TINACO.ASM   8-4-2020  15:09:30         PAGE  1


LOC  OBJECT CODE     LINE SOURCE TEXT
  VALUE

Warning[205]: Found directive in column 1. (LIST)
                      00001 LIST P=16f877a
                      00002 #include "p16f877a.inc"
                      00001         LIST
                      00002 
                      00003 ;==========================================================================
                      00004 ;  MPASM PIC16F877A processor include
                      00005 ; 
                      00006 ;  (c) Copyright 1999-2013 Microchip Technology, All rights reserved
                      00007 ;==========================================================================
                      00008 
                      00566         LIST
  00000030            00003 contador equ 0x30
  00000031            00004 otro    equ     0x31
                      00005 
0000                  00006         ORG     0X00
0000   2807           00007         GOTO    INICIO
                      00008 
                      00009 
                      00010 ;TINACO
                      00011 
0001                  00012 BANK0:
0001   1303           00013     BCF STATUS,RP1;
0002   1283           00014     BCF STATUS,RP0;
Warning[203]: Found opcode in column 1. (RETURN)
0003   0008           00015 RETURN
                      00016     
0004                  00017 BANK1:
0004   1303           00018     BCF STATUS,RP1;
0005   1683           00019     BSF STATUS,RP0;
Warning[203]: Found opcode in column 1. (RETURN)
0006   0008           00020 RETURN
                      00021 
0007                  00022 INICIO:
                      00023 ;CAMBIO A BANCO 1
0007   1683           00024         BSF     STATUS,RP0
Message[302]: Register in operand not in bank 0.  Ensure that bank bits are correct.
0008   1405           00025         BSF     TRISA,RA0;      RA0 ENTRADA
Message[302]: Register in operand not in bank 0.  Ensure that bank bits are correct.
0009   159F           00026         BSF     ADCON1,PCFG3            
Message[302]: Register in operand not in bank 0.  Ensure that bank bits are correct.
000A   151F           00027         BSF     ADCON1,PCFG2
Message[302]: Register in operand not in bank 0.  Ensure that bank bits are correct.
000B   149F           00028         BSF     ADCON1,PCFG1
Message[302]: Register in operand not in bank 0.  Ensure that bank bits are correct.
000C   101F           00029         BCF     ADCON1,PCFG0;   1110 -> RA0 AN0 = ANALOGICO
Message[302]: Register in operand not in bank 0.  Ensure that bank bits are correct.
000D   171F           00030         BSF     ADCON1,ADCS2;   FOSC/64 
Message[302]: Register in operand not in bank 0.  Ensure that bank bits are correct.
000E   139F           00031         BCF     ADCON1,ADFM;    JUSTIFICACION IZQ PORQUE ME INTERESAN LOS 8 BITS MAS SIGNIFICATIVOS
                      00032 ;CAMBIO DE BANCO
000F   1283           00033         BCF     STATUS,RP0
0010   179F           00034         BSF     ADCON0,ADCS1
MPASM  5.51                    ADC_TINACO.ASM   8-4-2020  15:09:30         PAGE  2


LOC  OBJECT CODE     LINE SOURCE TEXT
  VALUE

0011   131F           00035         BCF     ADCON0,ADCS0;   FOSC/64 -> 110
0012   129F           00036         BCF     ADCON0,CHS2
0013   121F           00037         BCF     ADCON0,CHS1
0014   119F           00038         BCF     ADCON0,CHS0;    CANAL AN0 -> 000
0015   141F           00039         BSF     ADCON0,ADON;    ADC ON
                      00040 
                      00041 
0016                  00042 START:
0016   1103           00043         BCF     STATUS,Z
0017   1003           00044         BCF     STATUS,C;
0018   151F           00045         BSF     ADCON0,2;       GO/DONE -> 1
                      00046 
0019   281A           00047         GOTO    ADC
                      00048 
                      00049 
001A                  00050 ADC:            
                      00051 ; NIVEL 1: 0 VOLTIOS < NIVEL < 2.5 VOLTIOS
                      00052 ; NIVEL 2: 2.5 VOLTIOS < NIVEL < 4 VOLTIOS
                      00053 ; NIVEL 3: 4 VOLTIOS < NIVEL < 5 VOLTIOS
                      00054     
                      00055     
001A   191F           00056         BTFSC   ADCON0,2        
001B   281A           00057         GOTO    ADC;            MIENTRAS CONVERTIMOS
001C   1683           00058         BSF     STATUS,RP0
001D   081E           00059         MOVF    ADRESH,0;       NIVEL DEL TANQUE
001E   1283           00060         BCF     STATUS,RP0
001F   3C80           00061         SUBLW   D'128';         128 - W TESTEAR CON LA MITAD
0020   1903           00062         BTFSC   STATUS,Z
0021   2825           00063         GOTO    MITAD;          2.5 VOLTIOS DE NIVEL
0022   1C03           00064         BTFSS   STATUS,C
0023   2828           00065         GOTO    MLLENO;         NIVEL > 2.5 VOLTIOS
0024   2843           00066         GOTO    MVACIO;         NIVEL < 2.5 VOLTIOS
                      00067         
                      00068         
0025                  00069 MITAD:  
0025   1986           00070         BTFSC   PORTB, RB3;     CHEQUEAR BOMBA, LO PUSE ASÍ PARA QUITAR EL ERROR, PERO SEGUIR CAPTANDO L
                            A IDEA
0026   2816           00071         GOTO    START;          NO CREO QUE CONSTANTEMENTE HAYA QUE MANDAR A ENCENDER LA BOMBA PERO PORS
                            IA ESTE COMENTARIO
0027   2852           00072         GOTO    CISTERNAVACIA
                      00073         
                      00074         
0028                  00075 MLLENO: 
0028   1103           00076         BCF     STATUS,Z
0029   1003           00077         BCF     STATUS,C;       NO SE SI ESTAS BANDERAS TAMBIEN HAY QUE LIMPIARLAS PERO PORSIA
002A   1683           00078         BSF     STATUS,5
002B   081E           00079         MOVF    ADRESH,W;       NIVEL DEL TANQUE
002C   1283           00080         BCF     STATUS,5
002D   3CCC           00081         SUBLW   D'204';         TESTEAR CON 4 VOLTIOS
002E   1903           00082         BTFSC   STATUS,Z
002F   2833           00083         GOTO    CUATRO;         4 VOLTIOS DE NIVEL
0030   1C03           00084         BTFSS   STATUS,C
0031   2834           00085         GOTO    MAYOR4;         NIVEL > 4 VOLTIOS
MPASM  5.51                    ADC_TINACO.ASM   8-4-2020  15:09:30         PAGE  3


LOC  OBJECT CODE     LINE SOURCE TEXT
  VALUE

0032   2842           00086         GOTO    NIVEL2;         NIVEL < 4 VOLTIOS
                      00087         
                      00088         
0033                  00089 CUATRO: 
0033   2816           00090         GOTO    START;          YA DEJE DE PONER COSAS DE LA BOMBA ME DEDICARE A QUE DIGA BIEN EL NIVEL
                      00091 
                      00092 
0034                  00093 MAYOR4:
0034   1103           00094         BCF     STATUS,Z
0035   1003           00095         BCF     STATUS,C;       HAY QUE LIMPIARLAS PERO PORSIA
0036   1683           00096         BSF     STATUS,5
0037   081E           00097         MOVF    ADRESH,W;       NIVEL DEL TANQUE
0038   1283           00098         BCF     STATUS,5
0039   3CFA           00099         SUBLW   D'250';         TESTEAR CON 5 VOLTIOS
003A   1903           00100         BTFSC   STATUS,Z
003B   283F           00101         GOTO    LLENO;          5 VOLTIOS DE NIVEL
003C   1C03           00102         BTFSS   STATUS,C
003D   2841           00103         GOTO    AGUAAA;         NIVEL > 5 VOLTIOS
003E   2840           00104         GOTO    NIVEL3;         NIVEL < 5 VOLTIOS
                      00105 
                      00106 
003F                  00107 LLENO:;                         ;                         APAGAMOS BOMBA Y ESO
003F   2816           00108         GOTO    START
                      00109         
                      00110 
0040                  00111 NIVEL3:;                        ;                        NIVEL 3
0040   2816           00112         GOTO    START
                      00113 
                      00114         
0041                  00115 AGUAAA:;                        ;                        DESPIERTA ESTO ES VENEZUELA
0041   2816           00116         GOTO    START
                      00117 
                      00118         
0042                  00119 NIVEL2:;                        ;                        NIVEL 2
0042   2816           00120         GOTO    START
                      00121 
                      00122 
0043                  00123 MVACIO: 
0043   1103           00124         BCF     STATUS,Z
0044   1003           00125         BCF     STATUS,C;       HAY QUE LIMPIARLAS
0045   1683           00126         BSF     STATUS,5
0046   081E           00127         MOVF    ADRESH,0;       NIVEL DEL TANQUE
0047   1283           00128         BCF     STATUS,5
0048   3C00           00129         SUBLW   D'0';           TESTEAR CON 0 VOLTIOS
0049   1903           00130         BTFSC   STATUS,Z
004A   284C           00131         GOTO    VACIO;          0 VOLTIOS DE NIVEL
004B   284D           00132         GOTO    NIVEL1;         NIVEL > 0 VOLTIOS
                      00133 
004C                  00134 VACIO:
004C   2850           00135         GOTO    MIRAFLORES
                      00136         
                      00137         
004D                  00138 NIVEL1:;                        ;                        NIVEL 1
MPASM  5.51                    ADC_TINACO.ASM   8-4-2020  15:09:30         PAGE  4


LOC  OBJECT CODE     LINE SOURCE TEXT
  VALUE

004D   2816           00139         GOTO    START
                      00140         
                      00141         
                      00142 ;BUENO BRO OBVIO A FALTA DE AGREGARLE UN SENTIDO AL DESCUBRIMIENTO DE CADA NIVEL LO VEO BIEN
                      00143 ;SE ME OCURRE MANEJAR CALLS EN CADA NIVEL QUE DEN PASO A NOTIFICAR EL NIVEL
                      00144 ;DICHA NOTIFICACION GUIA LAS ACCIONES A TOMAR Y CHILL CON EL RETURN DEL CALL
                      00145 ;YA VOLVERIAMOS A NUESTRO BELLO GOTO START PARA SEGUIR VIENDO LOS NIVELES
                      00146 ;CREO QUE ASI SEGUIRIAMOS EL FLUJO DE QUE EL NIVEL DETERMINA LAS ACCIONES A TOMAR OBVIO CON
                      00147 ;CON TODAS SUS RESPECTIVAS PREGUNTAS Y OTROS CONDICIONANTES PERO NI IDEA JAJAJAJ
                      00148 
                      00149 
004E                  00150 BOMBA:
Warning[203]: Found opcode in column 1. (NOP)
004E   0000           00151 NOP
Warning[203]: Found opcode in column 1. (GOTO)
004F   2816           00152 GOTO START
                      00153 
                      00154 
0050                  00155 MIRAFLORES:
Warning[203]: Found opcode in column 1. (NOP)
0050   0000           00156 NOP
Warning[203]: Found opcode in column 1. (GOTO)
0051   2816           00157 GOTO START
                      00158 
                      00159 
0052                  00160 CISTERNAVACIA:
Warning[203]: Found opcode in column 1. (NOP)
0052   0000           00161 NOP
Warning[203]: Found opcode in column 1. (GOTO)
0053   2816           00162 GOTO START
                      00163 
                      00164 
Warning[205]: Found directive in column 1. (END)
                      00165 END
MPASM  5.51                    ADC_TINACO.ASM   8-4-2020  15:09:30         PAGE  5


SYMBOL TABLE
  LABEL                             VALUE 

ACKDT                             00000005
ACKEN                             00000004
ACKSTAT                           00000006
ADC                               0000001A
ADCON0                            0000001F
ADCON1                            0000009F
ADCS0                             00000006
ADCS1                             00000007
ADCS2                             00000006
ADDEN                             00000003
ADFM                              00000007
ADIE                              00000006
ADIF                              00000006
ADON                              00000000
ADRESH                            0000001E
ADRESL                            0000009E
AGUAAA                            00000041
BANK0                             00000001
BANK1                             00000004
BCLIE                             00000003
BCLIF                             00000003
BF                                00000000
BOMBA                             0000004E
BRGH                              00000002
C                                 00000000
C1INV                             00000004
C1OUT                             00000006
C2INV                             00000005
C2OUT                             00000007
CCP1CON                           00000017
CCP1IE                            00000002
CCP1IF                            00000002
CCP1M0                            00000000
CCP1M1                            00000001
CCP1M2                            00000002
CCP1M3                            00000003
CCP1X                             00000005
CCP1Y                             00000004
CCP2CON                           0000001D
CCP2IE                            00000000
CCP2IF                            00000000
CCP2M0                            00000000
CCP2M1                            00000001
CCP2M2                            00000002
CCP2M3                            00000003
CCP2X                             00000005
CCP2Y                             00000004
CCPR1                             00000015
CCPR1H                            00000016
CCPR1L                            00000015
CCPR2                             0000001B
CCPR2H                            0000001C
CCPR2L                            0000001B
MPASM  5.51                    ADC_TINACO.ASM   8-4-2020  15:09:30         PAGE  6


SYMBOL TABLE
  LABEL                             VALUE 

CHS0                              00000003
CHS1                              00000004
CHS2                              00000005
CIS                               00000003
CISTERNAVACIA                     00000052
CKE                               00000006
CKP                               00000004
CM0                               00000000
CM1                               00000001
CM2                               00000002
CMCON                             0000009C
CMIE                              00000006
CMIF                              00000006
CREN                              00000004
CSRC                              00000007
CUATRO                            00000033
CVR0                              00000000
CVR1                              00000001
CVR2                              00000002
CVR3                              00000003
CVRCON                            0000009D
CVREN                             00000007
CVROE                             00000006
CVRR                              00000005
D                                 00000005
DATA_ADDRESS                      00000005
DC                                00000001
D_A                               00000005
D_NOT_A                           00000005
EEADR                             0000010D
EEADRH                            0000010F
EECON1                            0000018C
EECON2                            0000018D
EEDATA                            0000010C
EEDATH                            0000010E
EEIE                              00000004
EEIF                              00000004
EEPGD                             00000007
F                                 00000001
FERR                              00000002
FSR                               00000004
GCEN                              00000007
GIE                               00000007
GO                                00000002
GO_DONE                           00000002
GO_NOT_DONE                       00000002
I2C_DATA                          00000005
I2C_READ                          00000002
I2C_START                         00000003
I2C_STOP                          00000004
IBF                               00000007
IBOV                              00000005
INDF                              00000000
MPASM  5.51                    ADC_TINACO.ASM   8-4-2020  15:09:30         PAGE  7


SYMBOL TABLE
  LABEL                             VALUE 

INICIO                            00000007
INTCON                            0000000B
INTE                              00000004
INTEDG                            00000006
INTF                              00000001
IRP                               00000007
LLENO                             0000003F
MAYOR4                            00000034
MIRAFLORES                        00000050
MITAD                             00000025
MLLENO                            00000028
MVACIO                            00000043
NIVEL1                            0000004D
NIVEL2                            00000042
NIVEL3                            00000040
NOT_A                             00000005
NOT_ADDRESS                       00000005
NOT_BO                            00000000
NOT_BOR                           00000000
NOT_DONE                          00000002
NOT_PD                            00000003
NOT_POR                           00000001
NOT_RBPU                          00000007
NOT_RC8                           00000006
NOT_T1SYNC                        00000002
NOT_TO                            00000004
NOT_TX8                           00000006
NOT_W                             00000002
NOT_WRITE                         00000002
OBF                               00000006
OERR                              00000001
OPTION_REG                        00000081
P                                 00000004
PCFG0                             00000000
PCFG1                             00000001
PCFG2                             00000002
PCFG3                             00000003
PCL                               00000002
PCLATH                            0000000A
PCON                              0000008E
PEIE                              00000006
PEN                               00000002
PIE1                              0000008C
PIE2                              0000008D
PIR1                              0000000C
PIR2                              0000000D
PORTA                             00000005
PORTB                             00000006
PORTC                             00000007
PORTD                             00000008
PORTE                             00000009
PR2                               00000092
PS0                               00000000
MPASM  5.51                    ADC_TINACO.ASM   8-4-2020  15:09:30         PAGE  8


SYMBOL TABLE
  LABEL                             VALUE 

PS1                               00000001
PS2                               00000002
PSA                               00000003
PSPIE                             00000007
PSPIF                             00000007
PSPMODE                           00000004
R                                 00000002
RA0                               00000000
RA1                               00000001
RA2                               00000002
RA3                               00000003
RA4                               00000004
RA5                               00000005
RB0                               00000000
RB1                               00000001
RB2                               00000002
RB3                               00000003
RB4                               00000004
RB5                               00000005
RB6                               00000006
RB7                               00000007
RBIE                              00000003
RBIF                              00000000
RC0                               00000000
RC1                               00000001
RC2                               00000002
RC3                               00000003
RC4                               00000004
RC5                               00000005
RC6                               00000006
RC7                               00000007
RC8_9                             00000006
RC9                               00000006
RCD8                              00000000
RCEN                              00000003
RCIE                              00000005
RCIF                              00000005
RCREG                             0000001A
RCSTA                             00000018
RD                                00000000
RD0                               00000000
RD1                               00000001
RD2                               00000002
RD3                               00000003
RD4                               00000004
RD5                               00000005
RD6                               00000006
RD7                               00000007
RE0                               00000000
RE1                               00000001
RE2                               00000002
READ_WRITE                        00000002
RP0                               00000005
MPASM  5.51                    ADC_TINACO.ASM   8-4-2020  15:09:30         PAGE  9


SYMBOL TABLE
  LABEL                             VALUE 

RP1                               00000006
RSEN                              00000001
RX9                               00000006
RX9D                              00000000
R_NOT_W                           00000002
R_W                               00000002
S                                 00000003
SEN                               00000000
SMP                               00000007
SPBRG                             00000099
SPEN                              00000007
SREN                              00000005
SSPADD                            00000093
SSPBUF                            00000013
SSPCON                            00000014
SSPCON2                           00000091
SSPEN                             00000005
SSPIE                             00000003
SSPIF                             00000003
SSPM0                             00000000
SSPM1                             00000001
SSPM2                             00000002
SSPM3                             00000003
SSPOV                             00000006
SSPSTAT                           00000094
START                             00000016
STATUS                            00000003
SYNC                              00000004
T0CS                              00000005
T0IE                              00000005
T0IF                              00000002
T0SE                              00000004
T1CKPS0                           00000004
T1CKPS1                           00000005
T1CON                             00000010
T1INSYNC                          00000002
T1OSCEN                           00000003
T1SYNC                            00000002
T2CKPS0                           00000000
T2CKPS1                           00000001
T2CON                             00000012
TMR0                              00000001
TMR0IE                            00000005
TMR0IF                            00000002
TMR1                              0000000E
TMR1CS                            00000001
TMR1H                             0000000F
TMR1IE                            00000000
TMR1IF                            00000000
TMR1L                             0000000E
TMR1ON                            00000000
TMR2                              00000011
TMR2IE                            00000001
MPASM  5.51                    ADC_TINACO.ASM   8-4-2020  15:09:30         PAGE 10


SYMBOL TABLE
  LABEL                             VALUE 

TMR2IF                            00000001
TMR2ON                            00000002
TOUTPS0                           00000003
TOUTPS1                           00000004
TOUTPS2                           00000005
TOUTPS3                           00000006
TRISA                             00000085
TRISA0                            00000000
TRISA1                            00000001
TRISA2                            00000002
TRISA3                            00000003
TRISA4                            00000004
TRISA5                            00000005
TRISB                             00000086
TRISB0                            00000000
TRISB1                            00000001
TRISB2                            00000002
TRISB3                            00000003
TRISB4                            00000004
TRISB5                            00000005
TRISB6                            00000006
TRISB7                            00000007
TRISC                             00000087
TRISC0                            00000000
TRISC1                            00000001
TRISC2                            00000002
TRISC3                            00000003
TRISC4                            00000004
TRISC5                            00000005
TRISC6                            00000006
TRISC7                            00000007
TRISD                             00000088
TRISD0                            00000000
TRISD1                            00000001
TRISD2                            00000002
TRISD3                            00000003
TRISD4                            00000004
TRISD5                            00000005
TRISD6                            00000006
TRISD7                            00000007
TRISE                             00000089
TRISE0                            00000000
TRISE1                            00000001
TRISE2                            00000002
TRMT                              00000001
TX8_9                             00000006
TX9                               00000006
TX9D                              00000000
TXD8                              00000000
TXEN                              00000005
TXIE                              00000004
TXIF                              00000004
TXREG                             00000019
MPASM  5.51                    ADC_TINACO.ASM   8-4-2020  15:09:30         PAGE 11


SYMBOL TABLE
  LABEL                             VALUE 

TXSTA                             00000098
UA                                00000001
VACIO                             0000004C
W                                 00000000
WCOL                              00000007
WR                                00000001
WREN                              00000002
WRERR                             00000003
Z                                 00000002
_BODEN_OFF                        00003FBF
_BODEN_ON                         00003FFF
_BOREN_OFF                        00003FBF
_BOREN_ON                         00003FFF
_CONFIG                           00002007
_CPD_OFF                          00003FFF
_CPD_ON                           00003EFF
_CP_ALL                           00001FFF
_CP_OFF                           00003FFF
_CP_ON                            00001FFF
_DEBUG_OFF                        00003FFF
_DEBUG_ON                         000037FF
_DEVID1                           00002006
_FOSC_EXTRC                       00003FFF
_FOSC_HS                          00003FFE
_FOSC_LP                          00003FFC
_FOSC_XT                          00003FFD
_HS_OSC                           00003FFE
_IDLOC0                           00002000
_IDLOC1                           00002001
_IDLOC2                           00002002
_IDLOC3                           00002003
_LP_OSC                           00003FFC
_LVP_OFF                          00003F7F
_LVP_ON                           00003FFF
_PWRTE_OFF                        00003FFF
_PWRTE_ON                         00003FF7
_RC_OSC                           00003FFF
_WDTE_OFF                         00003FFB
_WDTE_ON                          00003FFF
_WDT_OFF                          00003FFB
_WDT_ON                           00003FFF
_WRT_1FOURTH                      00003BFF
_WRT_256                          00003DFF
_WRT_HALF                         000039FF
_WRT_OFF                          00003FFF
_XT_OSC                           00003FFD
__16F877A                         00000001
contador                          00000030
otro                              00000031
MPASM  5.51                    ADC_TINACO.ASM   8-4-2020  15:09:30         PAGE 12


MEMORY USAGE MAP ('X' = Used,  '-' = Unused)


0000 : XXXXXXXXXXXXXXXX XXXXXXXXXXXXXXXX XXXXXXXXXXXXXXXX XXXXXXXXXXXXXXXX
0040 : XXXXXXXXXXXXXXXX XXXX------------ ---------------- ----------------

All other memory blocks unused.

Program Memory Words Used:    84
Program Memory Words Free:  8108


Errors   :     0
Warnings :    10 reported,     0 suppressed
Messages :     7 reported,     0 suppressed

