Warning[205] C:\USERS\XAVIER\DESKTOP\EMB-GIT\EMB-PROJECT\PROYECTO\CISTERNA.ASM 1 : Found directive in column 1. (LIST)
Warning[205] C:\USERS\XAVIER\DESKTOP\EMB-GIT\EMB-PROJECT\PROYECTO\CISTERNA.ASM 17 : Found directive in column 1. (CBLOCK)
Warning[205] C:\USERS\XAVIER\DESKTOP\EMB-GIT\EMB-PROJECT\PROYECTO\CISTERNA.ASM 21 : Found directive in column 1. (ENDC)
Warning[205] C:\USERS\XAVIER\DESKTOP\EMB-GIT\EMB-PROJECT\PROYECTO\CISTERNA.ASM 27 : Found directive in column 1. (ORG)
Message[302] C:\USERS\XAVIER\DESKTOP\EMB-GIT\EMB-PROJECT\PROYECTO\CISTERNA.ASM 36 : Register in operand not in bank 0.  Ensure that bank bits are correct.
Message[302] C:\USERS\XAVIER\DESKTOP\EMB-GIT\EMB-PROJECT\PROYECTO\CISTERNA.ASM 41 : Register in operand not in bank 0.  Ensure that bank bits are correct.
Message[302] C:\USERS\XAVIER\DESKTOP\EMB-GIT\EMB-PROJECT\PROYECTO\CISTERNA.ASM 43 : Register in operand not in bank 0.  Ensure that bank bits are correct.
Message[302] C:\USERS\XAVIER\DESKTOP\EMB-GIT\EMB-PROJECT\PROYECTO\CISTERNA.ASM 55 : Register in operand not in bank 0.  Ensure that bank bits are correct.
Message[302] C:\USERS\XAVIER\DESKTOP\EMB-GIT\EMB-PROJECT\PROYECTO\CISTERNA.ASM 57 : Register in operand not in bank 0.  Ensure that bank bits are correct.
Message[302] C:\USERS\XAVIER\DESKTOP\EMB-GIT\EMB-PROJECT\PROYECTO\CISTERNA.ASM 65 : Register in operand not in bank 0.  Ensure that bank bits are correct.
Message[302] C:\USERS\XAVIER\DESKTOP\EMB-GIT\EMB-PROJECT\PROYECTO\CISTERNA.ASM 70 : Register in operand not in bank 0.  Ensure that bank bits are correct.
Message[302] C:\USERS\XAVIER\DESKTOP\EMB-GIT\EMB-PROJECT\PROYECTO\CISTERNA.ASM 77 : Register in operand not in bank 0.  Ensure that bank bits are correct.
Warning[203] C:\USERS\XAVIER\DESKTOP\EMB-GIT\EMB-PROJECT\PROYECTO\CISTERNA.ASM 100 : Found opcode in column 1. (RETURN)
Warning[203] C:\USERS\XAVIER\DESKTOP\EMB-GIT\EMB-PROJECT\PROYECTO\CISTERNA.ASM 107 : Found opcode in column 1. (RETURN)
Message[302] C:\USERS\XAVIER\DESKTOP\EMB-GIT\EMB-PROJECT\PROYECTO\CISTERNA.ASM 153 : Register in operand not in bank 0.  Ensure that bank bits are correct.
Message[302] C:\USERS\XAVIER\DESKTOP\EMB-GIT\EMB-PROJECT\PROYECTO\CISTERNA.ASM 156 : Register in operand not in bank 0.  Ensure that bank bits are correct.
Message[302] C:\USERS\XAVIER\DESKTOP\EMB-GIT\EMB-PROJECT\PROYECTO\CISTERNA.ASM 157 : Register in operand not in bank 0.  Ensure that bank bits are correct.
Message[302] C:\USERS\XAVIER\DESKTOP\EMB-GIT\EMB-PROJECT\PROYECTO\CISTERNA.ASM 160 : Register in operand not in bank 0.  Ensure that bank bits are correct.
Message[302] C:\USERS\XAVIER\DESKTOP\EMB-GIT\EMB-PROJECT\PROYECTO\CISTERNA.ASM 161 : Register in operand not in bank 0.  Ensure that bank bits are correct.
Message[302] C:\USERS\XAVIER\DESKTOP\EMB-GIT\EMB-PROJECT\PROYECTO\CISTERNA.ASM 162 : Register in operand not in bank 0.  Ensure that bank bits are correct.
Message[302] C:\USERS\XAVIER\DESKTOP\EMB-GIT\EMB-PROJECT\PROYECTO\CISTERNA.ASM 163 : Register in operand not in bank 0.  Ensure that bank bits are correct.
Message[302] C:\USERS\XAVIER\DESKTOP\EMB-GIT\EMB-PROJECT\PROYECTO\CISTERNA.ASM 171 : Register in operand not in bank 0.  Ensure that bank bits are correct.
Message[302] C:\USERS\XAVIER\DESKTOP\EMB-GIT\EMB-PROJECT\PROYECTO\CISTERNA.ASM 172 : Register in operand not in bank 0.  Ensure that bank bits are correct.
Message[302] C:\USERS\XAVIER\DESKTOP\EMB-GIT\EMB-PROJECT\PROYECTO\CISTERNA.ASM 175 : Register in operand not in bank 0.  Ensure that bank bits are correct.
Message[302] C:\USERS\XAVIER\DESKTOP\EMB-GIT\EMB-PROJECT\PROYECTO\CISTERNA.ASM 176 : Register in operand not in bank 0.  Ensure that bank bits are correct.
Message[302] C:\USERS\XAVIER\DESKTOP\EMB-GIT\EMB-PROJECT\PROYECTO\CISTERNA.ASM 180 : Register in operand not in bank 0.  Ensure that bank bits are correct.
Message[302] C:\USERS\XAVIER\DESKTOP\EMB-GIT\EMB-PROJECT\PROYECTO\CISTERNA.ASM 181 : Register in operand not in bank 0.  Ensure that bank bits are correct.
Message[302] C:\USERS\XAVIER\DESKTOP\EMB-GIT\EMB-PROJECT\PROYECTO\CISTERNA.ASM 183 : Register in operand not in bank 0.  Ensure that bank bits are correct.
Message[302] C:\USERS\XAVIER\DESKTOP\EMB-GIT\EMB-PROJECT\PROYECTO\CISTERNA.ASM 185 : Register in operand not in bank 0.  Ensure that bank bits are correct.
Message[302] C:\USERS\XAVIER\DESKTOP\EMB-GIT\EMB-PROJECT\PROYECTO\CISTERNA.ASM 189 : Register in operand not in bank 0.  Ensure that bank bits are correct.
Message[302] C:\USERS\XAVIER\DESKTOP\EMB-GIT\EMB-PROJECT\PROYECTO\CISTERNA.ASM 203 : Register in operand not in bank 0.  Ensure that bank bits are correct.
Message[302] C:\USERS\XAVIER\DESKTOP\EMB-GIT\EMB-PROJECT\PROYECTO\CISTERNA.ASM 204 : Register in operand not in bank 0.  Ensure that bank bits are correct.
Message[302] C:\USERS\XAVIER\DESKTOP\EMB-GIT\EMB-PROJECT\PROYECTO\CISTERNA.ASM 346 : Register in operand not in bank 0.  Ensure that bank bits are correct.
Message[302] C:\USERS\XAVIER\DESKTOP\EMB-GIT\EMB-PROJECT\PROYECTO\CISTERNA.ASM 386 : Register in operand not in bank 0.  Ensure that bank bits are correct.
Message[302] C:\USERS\XAVIER\DESKTOP\EMB-GIT\EMB-PROJECT\PROYECTO\CISTERNA.ASM 427 : Register in operand not in bank 0.  Ensure that bank bits are correct.
Message[302] C:\USERS\XAVIER\DESKTOP\EMB-GIT\EMB-PROJECT\PROYECTO\CISTERNA.ASM 430 : Register in operand not in bank 0.  Ensure that bank bits are correct.
Message[302] C:\USERS\XAVIER\DESKTOP\EMB-GIT\EMB-PROJECT\PROYECTO\CISTERNA.ASM 433 : Register in operand not in bank 0.  Ensure that bank bits are correct.
Message[302] C:\USERS\XAVIER\DESKTOP\EMB-GIT\EMB-PROJECT\PROYECTO\CISTERNA.ASM 435 : Register in operand not in bank 0.  Ensure that bank bits are correct.
Message[302] C:\USERS\XAVIER\DESKTOP\EMB-GIT\EMB-PROJECT\PROYECTO\CISTERNA.ASM 461 : Register in operand not in bank 0.  Ensure that bank bits are correct.
Message[302] C:\USERS\XAVIER\DESKTOP\EMB-GIT\EMB-PROJECT\PROYECTO\CISTERNA.ASM 464 : Register in operand not in bank 0.  Ensure that bank bits are correct.
Message[302] C:\USERS\XAVIER\DESKTOP\EMB-GIT\EMB-PROJECT\PROYECTO\CISTERNA.ASM 466 : Register in operand not in bank 0.  Ensure that bank bits are correct.
Message[302] C:\USERS\XAVIER\DESKTOP\EMB-GIT\EMB-PROJECT\PROYECTO\CISTERNA.ASM 468 : Register in operand not in bank 0.  Ensure that bank bits are correct.
Message[302] C:\USERS\XAVIER\DESKTOP\EMB-GIT\EMB-PROJECT\PROYECTO\CISTERNA.ASM 501 : Register in operand not in bank 0.  Ensure that bank bits are correct.
Message[302] C:\USERS\XAVIER\DESKTOP\EMB-GIT\EMB-PROJECT\PROYECTO\CISTERNA.ASM 503 : Register in operand not in bank 0.  Ensure that bank bits are correct.
Warning[205] C:\USERS\XAVIER\DESKTOP\EMB-GIT\EMB-PROJECT\PROYECTO\CISTERNA.ASM 513 : Found directive in column 1. (END)
