MPASM  5.51                        COMM S.ASM   8-6-2020  6:09:07         PAGE  1


LOC  OBJECT CODE     LINE SOURCE TEXT
  VALUE

Warning[205]: Found directive in column 1. (processor)
                      00001 processor 16f877a
                      00002 ; PIC16F877A Configuration Bit Settings
                      00003 ; Assembly source line config statements
                      00004 #include "p16f877a.inc"
                      00001         LIST
                      00002 
                      00003 ;==========================================================================
                      00004 ;  MPASM PIC16F877A processor include
                      00005 ; 
                      00006 ;  (c) Copyright 1999-2013 Microchip Technology, All rights reserved
                      00007 ;==========================================================================
                      00008 
                      00566         LIST
                      00005 
                      00006 ; CONFIG
                      00007 ; __config 0xFF7A
2007   3F7A           00008  __CONFIG _FOSC_HS & _WDTE_OFF & _PWRTE_OFF & _BOREN_ON & _LVP_OFF & _CPD_OFF & _WRT_OFF & _CP_OFF
Warning[205]: Found directive in column 1. (org)
0000                  00009 org 0x00
Warning[203]: Found opcode in column 1. (GOTO)
0000   2801           00010 GOTO MAIN
Warning[207]: Found label after column 1. (MAIN)
0001                  00011  MAIN:
0001   1303           00012         BCF STATUS,6
0002   1683           00013         BSF STATUS,5;    CAMBIO A BANCO 1
                      00014         
Message[302]: Register in operand not in bank 0.  Ensure that bank bits are correct.
0003   1307           00015         BCF TRISC,6;        TX PIN COMO SALIDA
Message[302]: Register in operand not in bank 0.  Ensure that bank bits are correct.
0004   1787           00016         BSF TRISC,7;        RX PIN COMO INPUT
                      00017         
0005   3000           00018         MOVLW b'00000000';          SELECCIONANDO EL PUERTO D COMO SALIDA PARA EL 7 SEGMENTOS
Message[302]: Register in operand not in bank 0.  Ensure that bank bits are correct.
0006   0088           00019         MOVWF TRISD
                      00020         
0007   301F           00021         MOVLW h'1F'
Message[302]: Register in operand not in bank 0.  Ensure that bank bits are correct.
0008   0099           00022         MOVWF SPBRG;        CONFIGURANDO EL BAUD RATE A 9600 BAUD/S CON EL CLOCK DE 20MHZ
0009   3020           00023         MOVLW h'20'
Message[302]: Register in operand not in bank 0.  Ensure that bank bits are correct.
000A   0098           00024         MOVWF TXSTA;        CONFIGURANDO TXSTA COMO ASINCRONO
                      00025         
000B   30C0           00026         MOVLW h'C0'
000C   008B           00027         MOVWF INTCON; HABILITANDO GIE Y PEIE, esto tampoco hace nada
                      00028         
000D   1303           00029         BCF STATUS, RP1
000E   1283           00030         BCF STATUS, RP0;    CAMBIO A BANCO 0
                      00031         
000F   3090           00032         MOVLW h'90'
0010   0098           00033         MOVWF RCSTA;        CONFIGURANDO EL RCSTA PARA ASINCRONO
0011   128C           00034         BCF PIR1, RCIF;     LIMPIANDO LA BANDERA DE RECEPCION, no hace nada
                      00035         
MPASM  5.51                        COMM S.ASM   8-6-2020  6:09:07         PAGE  2


LOC  OBJECT CODE     LINE SOURCE TEXT
  VALUE

0012                  00036 AQUI:
                      00037 ;EMPEZANDO TRANSMISION
0012   3045           00038         MOVLW 'E'
0013   0099           00039         MOVWF TXREG
0014   2039           00040         CALL TRANSMIT
                      00041         
0015   304E           00042         MOVLW 'N'
0016   0099           00043         MOVWF TXREG
0017   2039           00044         CALL TRANSMIT
                      00045         
0018   3054           00046         MOVLW 'T'
0019   0099           00047         MOVWF TXREG
001A   2039           00048         CALL TRANSMIT
                      00049         
001B   3045           00050         MOVLW 'E'
001C   0099           00051         MOVWF TXREG
001D   2039           00052         CALL TRANSMIT
                      00053         
001E   3052           00054         MOVLW 'R'
001F   0099           00055         MOVWF TXREG
0020   2039           00056         CALL TRANSMIT
                      00057         
0021   3020           00058         MOVLW ' '
0022   0099           00059         MOVWF TXREG
0023   2039           00060         CALL TRANSMIT
                      00061         
0024   304E           00062         MOVLW 'N'
0025   0099           00063         MOVWF TXREG
0026   2039           00064         CALL TRANSMIT
                      00065         
0027   304F           00066         MOVLW 'O'
0028   0099           00067         MOVWF TXREG
0029   2039           00068         CALL TRANSMIT
                      00069         
002A   303A           00070         MOVLW ':'
002B   0099           00071         MOVWF TXREG
002C   2039           00072         CALL TRANSMIT
                      00073         
002D   3020           00074         MOVLW ' '
002E   0099           00075         MOVWF TXREG
002F   2039           00076         CALL TRANSMIT
                      00077         
0030   2031           00078         CALL RX_CHECK
                      00079 
0031                  00080 RX_CHECK:
0031   1A8C           00081         BTFSC PIR1, RCIF;   VERIFICO QUE HE RECIBIIDO EL MENSAJE
0032   2035           00082         CALL RECEIVED
0033   2831           00083         GOTO RX_CHECK
0034   0008           00084         RETURN
0035                  00085 RECEIVED:
0035   081A           00086         MOVF RCREG,0;       LEO EL DATO Y MUEVO EL CONTENIDO DE RCREG A W
0036   0088           00087         MOVWF PORTD;        SACO EL DATO EN PANTALLA
0037   128C           00088         BCF PIR1, RCIF;     LIMPIO LA BANDERA DE RECEPCIÓN PARA RECIBIR UN NUEVO DATO
MPASM  5.51                        COMM S.ASM   8-6-2020  6:09:07         PAGE  3


LOC  OBJECT CODE     LINE SOURCE TEXT
  VALUE

0038   2812           00089         GOTO AQUI;                      CON UN RETURN ES UN CICLO INFINITO, MOSCAA
0039                  00090 TRANSMIT:
0039   1E0C           00091         BTFSS PIR1, TXIF;    VERIFICO QUE EL BUFFER ESTÉ VACIO PARA COMENZAR LA TRANSMISIÓN
003A   2839           00092         GOTO TRANSMIT; HAY QUE LIMPIA           
003B   0008           00093         RETURN
Warning[205]: Found directive in column 1. (END)
                      00094 END
MPASM  5.51                        COMM S.ASM   8-6-2020  6:09:07         PAGE  4


SYMBOL TABLE
  LABEL                             VALUE 

ACKDT                             00000005
ACKEN                             00000004
ACKSTAT                           00000006
ADCON0                            0000001F
ADCON1                            0000009F
ADCS0                             00000006
ADCS1                             00000007
ADCS2                             00000006
ADDEN                             00000003
ADFM                              00000007
ADIE                              00000006
ADIF                              00000006
ADON                              00000000
ADRESH                            0000001E
ADRESL                            0000009E
AQUI                              00000012
BCLIE                             00000003
BCLIF                             00000003
BF                                00000000
BRGH                              00000002
C                                 00000000
C1INV                             00000004
C1OUT                             00000006
C2INV                             00000005
C2OUT                             00000007
CCP1CON                           00000017
CCP1IE                            00000002
CCP1IF                            00000002
CCP1M0                            00000000
CCP1M1                            00000001
CCP1M2                            00000002
CCP1M3                            00000003
CCP1X                             00000005
CCP1Y                             00000004
CCP2CON                           0000001D
CCP2IE                            00000000
CCP2IF                            00000000
CCP2M0                            00000000
CCP2M1                            00000001
CCP2M2                            00000002
CCP2M3                            00000003
CCP2X                             00000005
CCP2Y                             00000004
CCPR1                             00000015
CCPR1H                            00000016
CCPR1L                            00000015
CCPR2                             0000001B
CCPR2H                            0000001C
CCPR2L                            0000001B
CHS0                              00000003
CHS1                              00000004
CHS2                              00000005
CIS                               00000003
MPASM  5.51                        COMM S.ASM   8-6-2020  6:09:07         PAGE  5


SYMBOL TABLE
  LABEL                             VALUE 

CKE                               00000006
CKP                               00000004
CM0                               00000000
CM1                               00000001
CM2                               00000002
CMCON                             0000009C
CMIE                              00000006
CMIF                              00000006
CREN                              00000004
CSRC                              00000007
CVR0                              00000000
CVR1                              00000001
CVR2                              00000002
CVR3                              00000003
CVRCON                            0000009D
CVREN                             00000007
CVROE                             00000006
CVRR                              00000005
D                                 00000005
DATA_ADDRESS                      00000005
DC                                00000001
D_A                               00000005
D_NOT_A                           00000005
EEADR                             0000010D
EEADRH                            0000010F
EECON1                            0000018C
EECON2                            0000018D
EEDATA                            0000010C
EEDATH                            0000010E
EEIE                              00000004
EEIF                              00000004
EEPGD                             00000007
F                                 00000001
FERR                              00000002
FSR                               00000004
GCEN                              00000007
GIE                               00000007
GO                                00000002
GO_DONE                           00000002
GO_NOT_DONE                       00000002
I2C_DATA                          00000005
I2C_READ                          00000002
I2C_START                         00000003
I2C_STOP                          00000004
IBF                               00000007
IBOV                              00000005
INDF                              00000000
INTCON                            0000000B
INTE                              00000004
INTEDG                            00000006
INTF                              00000001
IRP                               00000007
MAIN                              00000001
MPASM  5.51                        COMM S.ASM   8-6-2020  6:09:07         PAGE  6


SYMBOL TABLE
  LABEL                             VALUE 

NOT_A                             00000005
NOT_ADDRESS                       00000005
NOT_BO                            00000000
NOT_BOR                           00000000
NOT_DONE                          00000002
NOT_PD                            00000003
NOT_POR                           00000001
NOT_RBPU                          00000007
NOT_RC8                           00000006
NOT_T1SYNC                        00000002
NOT_TO                            00000004
NOT_TX8                           00000006
NOT_W                             00000002
NOT_WRITE                         00000002
OBF                               00000006
OERR                              00000001
OPTION_REG                        00000081
P                                 00000004
PCFG0                             00000000
PCFG1                             00000001
PCFG2                             00000002
PCFG3                             00000003
PCL                               00000002
PCLATH                            0000000A
PCON                              0000008E
PEIE                              00000006
PEN                               00000002
PIE1                              0000008C
PIE2                              0000008D
PIR1                              0000000C
PIR2                              0000000D
PORTA                             00000005
PORTB                             00000006
PORTC                             00000007
PORTD                             00000008
PORTE                             00000009
PR2                               00000092
PS0                               00000000
PS1                               00000001
PS2                               00000002
PSA                               00000003
PSPIE                             00000007
PSPIF                             00000007
PSPMODE                           00000004
R                                 00000002
RA0                               00000000
RA1                               00000001
RA2                               00000002
RA3                               00000003
RA4                               00000004
RA5                               00000005
RB0                               00000000
RB1                               00000001
MPASM  5.51                        COMM S.ASM   8-6-2020  6:09:07         PAGE  7


SYMBOL TABLE
  LABEL                             VALUE 

RB2                               00000002
RB3                               00000003
RB4                               00000004
RB5                               00000005
RB6                               00000006
RB7                               00000007
RBIE                              00000003
RBIF                              00000000
RC0                               00000000
RC1                               00000001
RC2                               00000002
RC3                               00000003
RC4                               00000004
RC5                               00000005
RC6                               00000006
RC7                               00000007
RC8_9                             00000006
RC9                               00000006
RCD8                              00000000
RCEN                              00000003
RCIE                              00000005
RCIF                              00000005
RCREG                             0000001A
RCSTA                             00000018
RD                                00000000
RD0                               00000000
RD1                               00000001
RD2                               00000002
RD3                               00000003
RD4                               00000004
RD5                               00000005
RD6                               00000006
RD7                               00000007
RE0                               00000000
RE1                               00000001
RE2                               00000002
READ_WRITE                        00000002
RECEIVED                          00000035
RP0                               00000005
RP1                               00000006
RSEN                              00000001
RX9                               00000006
RX9D                              00000000
RX_CHECK                          00000031
R_NOT_W                           00000002
R_W                               00000002
S                                 00000003
SEN                               00000000
SMP                               00000007
SPBRG                             00000099
SPEN                              00000007
SREN                              00000005
SSPADD                            00000093
MPASM  5.51                        COMM S.ASM   8-6-2020  6:09:07         PAGE  8


SYMBOL TABLE
  LABEL                             VALUE 

SSPBUF                            00000013
SSPCON                            00000014
SSPCON2                           00000091
SSPEN                             00000005
SSPIE                             00000003
SSPIF                             00000003
SSPM0                             00000000
SSPM1                             00000001
SSPM2                             00000002
SSPM3                             00000003
SSPOV                             00000006
SSPSTAT                           00000094
STATUS                            00000003
SYNC                              00000004
T0CS                              00000005
T0IE                              00000005
T0IF                              00000002
T0SE                              00000004
T1CKPS0                           00000004
T1CKPS1                           00000005
T1CON                             00000010
T1INSYNC                          00000002
T1OSCEN                           00000003
T1SYNC                            00000002
T2CKPS0                           00000000
T2CKPS1                           00000001
T2CON                             00000012
TMR0                              00000001
TMR0IE                            00000005
TMR0IF                            00000002
TMR1                              0000000E
TMR1CS                            00000001
TMR1H                             0000000F
TMR1IE                            00000000
TMR1IF                            00000000
TMR1L                             0000000E
TMR1ON                            00000000
TMR2                              00000011
TMR2IE                            00000001
TMR2IF                            00000001
TMR2ON                            00000002
TOUTPS0                           00000003
TOUTPS1                           00000004
TOUTPS2                           00000005
TOUTPS3                           00000006
TRANSMIT                          00000039
TRISA                             00000085
TRISA0                            00000000
TRISA1                            00000001
TRISA2                            00000002
TRISA3                            00000003
TRISA4                            00000004
TRISA5                            00000005
MPASM  5.51                        COMM S.ASM   8-6-2020  6:09:07         PAGE  9


SYMBOL TABLE
  LABEL                             VALUE 

TRISB                             00000086
TRISB0                            00000000
TRISB1                            00000001
TRISB2                            00000002
TRISB3                            00000003
TRISB4                            00000004
TRISB5                            00000005
TRISB6                            00000006
TRISB7                            00000007
TRISC                             00000087
TRISC0                            00000000
TRISC1                            00000001
TRISC2                            00000002
TRISC3                            00000003
TRISC4                            00000004
TRISC5                            00000005
TRISC6                            00000006
TRISC7                            00000007
TRISD                             00000088
TRISD0                            00000000
TRISD1                            00000001
TRISD2                            00000002
TRISD3                            00000003
TRISD4                            00000004
TRISD5                            00000005
TRISD6                            00000006
TRISD7                            00000007
TRISE                             00000089
TRISE0                            00000000
TRISE1                            00000001
TRISE2                            00000002
TRMT                              00000001
TX8_9                             00000006
TX9                               00000006
TX9D                              00000000
TXD8                              00000000
TXEN                              00000005
TXIE                              00000004
TXIF                              00000004
TXREG                             00000019
TXSTA                             00000098
UA                                00000001
W                                 00000000
WCOL                              00000007
WR                                00000001
WREN                              00000002
WRERR                             00000003
Z                                 00000002
_BODEN_OFF                        00003FBF
_BODEN_ON                         00003FFF
_BOREN_OFF                        00003FBF
_BOREN_ON                         00003FFF
_CONFIG                           00002007
MPASM  5.51                        COMM S.ASM   8-6-2020  6:09:07         PAGE 10


SYMBOL TABLE
  LABEL                             VALUE 

_CPD_OFF                          00003FFF
_CPD_ON                           00003EFF
_CP_ALL                           00001FFF
_CP_OFF                           00003FFF
_CP_ON                            00001FFF
_DEBUG_OFF                        00003FFF
_DEBUG_ON                         000037FF
_DEVID1                           00002006
_FOSC_EXTRC                       00003FFF
_FOSC_HS                          00003FFE
_FOSC_LP                          00003FFC
_FOSC_XT                          00003FFD
_HS_OSC                           00003FFE
_IDLOC0                           00002000
_IDLOC1                           00002001
_IDLOC2                           00002002
_IDLOC3                           00002003
_LP_OSC                           00003FFC
_LVP_OFF                          00003F7F
_LVP_ON                           00003FFF
_PWRTE_OFF                        00003FFF
_PWRTE_ON                         00003FF7
_RC_OSC                           00003FFF
_WDTE_OFF                         00003FFB
_WDTE_ON                          00003FFF
_WDT_OFF                          00003FFB
_WDT_ON                           00003FFF
_WRT_1FOURTH                      00003BFF
_WRT_256                          00003DFF
_WRT_HALF                         000039FF
_WRT_OFF                          00003FFF
_XT_OSC                           00003FFD
__16F877A                         00000001


MEMORY USAGE MAP ('X' = Used,  '-' = Unused)

0000 : XXXXXXXXXXXXXXXX XXXXXXXXXXXXXXXX XXXXXXXXXXXXXXXX XXXXXXXXXXXX----
2000 : -------X-------- ---------------- ---------------- ----------------

All other memory blocks unused.

Program Memory Words Used:    60
Program Memory Words Free:  8132


Errors   :     0
Warnings :     5 reported,     0 suppressed
Messages :     5 reported,     0 suppressed

