Warning[205] C:\USERS\XAVIER\DESKTOP\EMB-GIT\EMB-PROJECT\PROYECTO\TINACO.ASM 1 : Found directive in column 1. (LIST)
Warning[205] C:\USERS\XAVIER\DESKTOP\EMB-GIT\EMB-PROJECT\PROYECTO\TINACO.ASM 14 : Found directive in column 1. (CBLOCK)
Warning[205] C:\USERS\XAVIER\DESKTOP\EMB-GIT\EMB-PROJECT\PROYECTO\TINACO.ASM 18 : Found directive in column 1. (ENDC)
Message[302] C:\USERS\XAVIER\DESKTOP\EMB-GIT\EMB-PROJECT\PROYECTO\TINACO.ASM 35 : Register in operand not in bank 0.  Ensure that bank bits are correct.
Message[302] C:\USERS\XAVIER\DESKTOP\EMB-GIT\EMB-PROJECT\PROYECTO\TINACO.ASM 36 : Register in operand not in bank 0.  Ensure that bank bits are correct.
Message[302] C:\USERS\XAVIER\DESKTOP\EMB-GIT\EMB-PROJECT\PROYECTO\TINACO.ASM 38 : Register in operand not in bank 0.  Ensure that bank bits are correct.
Message[302] C:\USERS\XAVIER\DESKTOP\EMB-GIT\EMB-PROJECT\PROYECTO\TINACO.ASM 40 : Register in operand not in bank 0.  Ensure that bank bits are correct.
Message[302] C:\USERS\XAVIER\DESKTOP\EMB-GIT\EMB-PROJECT\PROYECTO\TINACO.ASM 44 : Register in operand not in bank 0.  Ensure that bank bits are correct.
Message[302] C:\USERS\XAVIER\DESKTOP\EMB-GIT\EMB-PROJECT\PROYECTO\TINACO.ASM 53 : Register in operand not in bank 0.  Ensure that bank bits are correct.
Message[302] C:\USERS\XAVIER\DESKTOP\EMB-GIT\EMB-PROJECT\PROYECTO\TINACO.ASM 54 : Register in operand not in bank 0.  Ensure that bank bits are correct.
Message[302] C:\USERS\XAVIER\DESKTOP\EMB-GIT\EMB-PROJECT\PROYECTO\TINACO.ASM 55 : Register in operand not in bank 0.  Ensure that bank bits are correct.
Message[302] C:\USERS\XAVIER\DESKTOP\EMB-GIT\EMB-PROJECT\PROYECTO\TINACO.ASM 56 : Register in operand not in bank 0.  Ensure that bank bits are correct.
Message[302] C:\USERS\XAVIER\DESKTOP\EMB-GIT\EMB-PROJECT\PROYECTO\TINACO.ASM 57 : Register in operand not in bank 0.  Ensure that bank bits are correct.
Message[302] C:\USERS\XAVIER\DESKTOP\EMB-GIT\EMB-PROJECT\PROYECTO\TINACO.ASM 58 : Register in operand not in bank 0.  Ensure that bank bits are correct.
Message[302] C:\USERS\XAVIER\DESKTOP\EMB-GIT\EMB-PROJECT\PROYECTO\TINACO.ASM 59 : Register in operand not in bank 0.  Ensure that bank bits are correct.
Warning[202] C:\USERS\XAVIER\DESKTOP\EMB-GIT\EMB-PROJECT\PROYECTO\TINACO.ASM 71 : Argument out of range.  Least significant bits used.
Message[302] C:\USERS\XAVIER\DESKTOP\EMB-GIT\EMB-PROJECT\PROYECTO\TINACO.ASM 139 : Register in operand not in bank 0.  Ensure that bank bits are correct.
Message[302] C:\USERS\XAVIER\DESKTOP\EMB-GIT\EMB-PROJECT\PROYECTO\TINACO.ASM 195 : Register in operand not in bank 0.  Ensure that bank bits are correct.
Message[302] C:\USERS\XAVIER\DESKTOP\EMB-GIT\EMB-PROJECT\PROYECTO\TINACO.ASM 208 : Register in operand not in bank 0.  Ensure that bank bits are correct.
Warning[203] C:\USERS\XAVIER\DESKTOP\EMB-GIT\EMB-PROJECT\PROYECTO\TINACO.ASM 222 : Found opcode in column 1. (RETURN)
Message[302] C:\USERS\XAVIER\DESKTOP\EMB-GIT\EMB-PROJECT\PROYECTO\TINACO.ASM 256 : Register in operand not in bank 0.  Ensure that bank bits are correct.
Message[302] C:\USERS\XAVIER\DESKTOP\EMB-GIT\EMB-PROJECT\PROYECTO\TINACO.ASM 259 : Register in operand not in bank 0.  Ensure that bank bits are correct.
Message[302] C:\USERS\XAVIER\DESKTOP\EMB-GIT\EMB-PROJECT\PROYECTO\TINACO.ASM 262 : Register in operand not in bank 0.  Ensure that bank bits are correct.
Message[302] C:\USERS\XAVIER\DESKTOP\EMB-GIT\EMB-PROJECT\PROYECTO\TINACO.ASM 264 : Register in operand not in bank 0.  Ensure that bank bits are correct.
Message[302] C:\USERS\XAVIER\DESKTOP\EMB-GIT\EMB-PROJECT\PROYECTO\TINACO.ASM 290 : Register in operand not in bank 0.  Ensure that bank bits are correct.
Message[302] C:\USERS\XAVIER\DESKTOP\EMB-GIT\EMB-PROJECT\PROYECTO\TINACO.ASM 293 : Register in operand not in bank 0.  Ensure that bank bits are correct.
Message[302] C:\USERS\XAVIER\DESKTOP\EMB-GIT\EMB-PROJECT\PROYECTO\TINACO.ASM 295 : Register in operand not in bank 0.  Ensure that bank bits are correct.
Message[302] C:\USERS\XAVIER\DESKTOP\EMB-GIT\EMB-PROJECT\PROYECTO\TINACO.ASM 297 : Register in operand not in bank 0.  Ensure that bank bits are correct.
Message[302] C:\USERS\XAVIER\DESKTOP\EMB-GIT\EMB-PROJECT\PROYECTO\TINACO.ASM 330 : Register in operand not in bank 0.  Ensure that bank bits are correct.
Message[302] C:\USERS\XAVIER\DESKTOP\EMB-GIT\EMB-PROJECT\PROYECTO\TINACO.ASM 332 : Register in operand not in bank 0.  Ensure that bank bits are correct.
Warning[205] C:\USERS\XAVIER\DESKTOP\EMB-GIT\EMB-PROJECT\PROYECTO\TINACO.ASM 342 : Found directive in column 1. (END)
